{"C:\\Users\\user\\Documents\\CRM-VERTICAL-SAAS\\src\\config\\cloudinary.ts": {"path":"C:\\Users\\user\\Documents\\CRM-VERTICAL-SAAS\\src\\config\\cloudinary.ts","statementMap":{"0":{"start":{"line":1,"column":0},"end":{"line":1,"column":46}},"1":{"start":{"line":2,"column":0},"end":{"line":2,"column":29}},"2":{"start":{"line":4,"column":0},"end":{"line":8,"column":3}},"3":{"start":{"line":10,"column":0},"end":{"line":10,"column":26}}},"fnMap":{},"branchMap":{},"s":{"0":1,"1":1,"2":1,"3":1},"f":{},"b":{}}
,"C:\\Users\\user\\Documents\\CRM-VERTICAL-SAAS\\src\\config\\index.ts": {"path":"C:\\Users\\user\\Documents\\CRM-VERTICAL-SAAS\\src\\config\\index.ts","statementMap":{"0":{"start":{"line":5,"column":0},"end":{"line":5,"column":28}},"1":{"start":{"line":6,"column":0},"end":{"line":6,"column":16}},"2":{"start":{"line":8,"column":17},"end":{"line":17,"column":11}},"3":{"start":{"line":18,"column":0},"end":{"line":23,"column":1}},"4":{"start":{"line":19,"column":2},"end":{"line":22,"column":3}},"5":{"start":{"line":20,"column":4},"end":{"line":20,"column":58}},"6":{"start":{"line":21,"column":4},"end":{"line":21,"column":20}},"7":{"start":{"line":29,"column":15},"end":{"line":54,"column":2}},"8":{"start":{"line":56,"column":0},"end":{"line":56,"column":22}}},"fnMap":{},"branchMap":{"0":{"loc":{"start":{"line":19,"column":2},"end":{"line":22,"column":3}},"type":"if","locations":[{"start":{"line":19,"column":2},"end":{"line":22,"column":3}},{"start":{},"end":{}}]},"1":{"loc":{"start":{"line":33,"column":18},"end":{"line":33,"column":52}},"type":"binary-expr","locations":[{"start":{"line":33,"column":18},"end":{"line":33,"column":44}},{"start":{"line":33,"column":48},"end":{"line":33,"column":52}}]},"2":{"loc":{"start":{"line":47,"column":14},"end":{"line":47,"column":60}},"type":"binary-expr","locations":[{"start":{"line":47,"column":14},"end":{"line":47,"column":36}},{"start":{"line":47,"column":40},"end":{"line":47,"column":60}}]},"3":{"loc":{"start":{"line":52,"column":15},"end":{"line":52,"column":67}},"type":"binary-expr","locations":[{"start":{"line":52,"column":15},"end":{"line":52,"column":38}},{"start":{"line":52,"column":42},"end":{"line":52,"column":67}}]}},"s":{"0":2,"1":2,"2":2,"3":2,"4":16,"5":0,"6":0,"7":2,"8":2},"f":{},"b":{"0":[0,16],"1":[2,0],"2":[2,0],"3":[2,0]}}
,"C:\\Users\\user\\Documents\\CRM-VERTICAL-SAAS\\src\\controllers\\authController.ts": {"path":"C:\\Users\\user\\Documents\\CRM-VERTICAL-SAAS\\src\\controllers\\authController.ts","statementMap":{"0":{"start":{"line":3,"column":0},"end":{"line":3,"column":36}},"1":{"start":{"line":4,"column":0},"end":{"line":4,"column":28}},"2":{"start":{"line":5,"column":0},"end":{"line":5,"column":55}},"3":{"start":{"line":6,"column":0},"end":{"line":6,"column":54}},"4":{"start":{"line":7,"column":0},"end":{"line":7,"column":62}},"5":{"start":{"line":8,"column":0},"end":{"line":8,"column":70}},"6":{"start":{"line":9,"column":0},"end":{"line":9,"column":45}},"7":{"start":{"line":11,"column":0},"end":{"line":11,"column":31}},"8":{"start":{"line":12,"column":0},"end":{"line":12,"column":72}},"9":{"start":{"line":13,"column":0},"end":{"line":13,"column":75}},"10":{"start":{"line":14,"column":0},"end":{"line":14,"column":54}},"11":{"start":{"line":15,"column":0},"end":{"line":15,"column":85}},"12":{"start":{"line":16,"column":0},"end":{"line":16,"column":51}},"13":{"start":{"line":18,"column":21},"end":{"line":23,"column":11}},"14":{"start":{"line":25,"column":38},"end":{"line":30,"column":2}},"15":{"start":{"line":32,"column":47},"end":{"line":35,"column":2}},"16":{"start":{"line":37,"column":23},"end":{"line":40,"column":1}},"17":{"start":{"line":38,"column":18},"end":{"line":38,"column":118}},"18":{"start":{"line":39,"column":2},"end":{"line":39,"column":86}},"19":{"start":{"line":42,"column":22},"end":{"line":50,"column":2}},"20":{"start":{"line":42,"column":40},"end":{"line":50,"column":2}},"21":{"start":{"line":52,"column":30},"end":{"line":54,"column":1}},"22":{"start":{"line":53,"column":2},"end":{"line":53,"column":84}},"23":{"start":{"line":56,"column":23},"end":{"line":61,"column":1}},"24":{"start":{"line":57,"column":2},"end":{"line":57,"column":63}},"25":{"start":{"line":58,"column":2},"end":{"line":58,"column":103}},"26":{"start":{"line":59,"column":2},"end":{"line":59,"column":45}},"27":{"start":{"line":60,"column":2},"end":{"line":60,"column":104}},"28":{"start":{"line":63,"column":25},"end":{"line":70,"column":1}},"29":{"start":{"line":64,"column":2},"end":{"line":66,"column":5}},"30":{"start":{"line":65,"column":4},"end":{"line":65,"column":57}},"31":{"start":{"line":68,"column":2},"end":{"line":68,"column":43}},"32":{"start":{"line":69,"column":2},"end":{"line":69,"column":53}},"33":{"start":{"line":72,"column":24},"end":{"line":79,"column":1}},"34":{"start":{"line":73,"column":17},"end":{"line":76,"column":null}},"35":{"start":{"line":78,"column":2},"end":{"line":78,"column":16}},"36":{"start":{"line":81,"column":16},"end":{"line":83,"column":1}},"37":{"start":{"line":82,"column":2},"end":{"line":82,"column":63}},"38":{"start":{"line":85,"column":23},"end":{"line":87,"column":1}},"39":{"start":{"line":86,"column":2},"end":{"line":86,"column":65}},"40":{"start":{"line":89,"column":23},"end":{"line":92,"column":1}},"41":{"start":{"line":90,"column":18},"end":{"line":90,"column":45}},"42":{"start":{"line":91,"column":2},"end":{"line":91,"column":25}},"43":{"start":{"line":94,"column":18},"end":{"line":96,"column":1}},"44":{"start":{"line":95,"column":2},"end":{"line":95,"column":52}},"45":{"start":{"line":98,"column":30},"end":{"line":124,"column":1}},"46":{"start":{"line":99,"column":21},"end":{"line":99,"column":58}},"47":{"start":{"line":100,"column":22},"end":{"line":103,"column":4}},"48":{"start":{"line":105,"column":2},"end":{"line":107,"column":3}},"49":{"start":{"line":106,"column":4},"end":{"line":106,"column":17}},"50":{"start":{"line":109,"column":14},"end":{"line":109,"column":25}},"51":{"start":{"line":111,"column":2},"end":{"line":114,"column":4}},"52":{"start":{"line":116,"column":2},"end":{"line":120,"column":5}},"53":{"start":{"line":122,"column":2},"end":{"line":122,"column":50}},"54":{"start":{"line":123,"column":2},"end":{"line":123,"column":14}},"55":{"start":{"line":134,"column":22},"end":{"line":211,"column":1}},"56":{"start":{"line":135,"column":2},"end":{"line":210,"column":3}},"57":{"start":{"line":136,"column":71},"end":{"line":136,"column":93}},"58":{"start":{"line":137,"column":28},"end":{"line":137,"column":49}},"59":{"start":{"line":138,"column":34},"end":{"line":138,"column":61}},"60":{"start":{"line":139,"column":31},"end":{"line":139,"column":71}},"61":{"start":{"line":141,"column":4},"end":{"line":147,"column":5}},"62":{"start":{"line":142,"column":6},"end":{"line":145,"column":9}},"63":{"start":{"line":146,"column":6},"end":{"line":146,"column":13}},"64":{"start":{"line":149,"column":4},"end":{"line":155,"column":5}},"65":{"start":{"line":150,"column":6},"end":{"line":153,"column":9}},"66":{"start":{"line":154,"column":6},"end":{"line":154,"column":13}},"67":{"start":{"line":157,"column":4},"end":{"line":163,"column":5}},"68":{"start":{"line":158,"column":6},"end":{"line":161,"column":9}},"69":{"start":{"line":162,"column":6},"end":{"line":162,"column":13}},"70":{"start":{"line":165,"column":25},"end":{"line":165,"column":71}},"71":{"start":{"line":166,"column":4},"end":{"line":172,"column":5}},"72":{"start":{"line":167,"column":6},"end":{"line":170,"column":9}},"73":{"start":{"line":171,"column":6},"end":{"line":171,"column":13}},"74":{"start":{"line":174,"column":27},"end":{"line":174,"column":34}},"75":{"start":{"line":175,"column":25},"end":{"line":178,"column":6}},"76":{"start":{"line":180,"column":17},"end":{"line":187,"column":6}},"77":{"start":{"line":189,"column":4},"end":{"line":189,"column":22}},"78":{"start":{"line":190,"column":4},"end":{"line":190,"column":64}},"79":{"start":{"line":191,"column":4},"end":{"line":191,"column":30}},"80":{"start":{"line":192,"column":4},"end":{"line":192,"column":90}},"81":{"start":{"line":193,"column":34},"end":{"line":193,"column":67}},"82":{"start":{"line":195,"column":4},"end":{"line":195,"column":38}},"83":{"start":{"line":197,"column":4},"end":{"line":203,"column":7}},"84":{"start":{"line":205,"column":4},"end":{"line":205,"column":42}},"85":{"start":{"line":206,"column":4},"end":{"line":209,"column":7}},"86":{"start":{"line":134,"column":13},"end":{"line":134,"column":22}},"87":{"start":{"line":218,"column":27},"end":{"line":319,"column":1}},"88":{"start":{"line":219,"column":2},"end":{"line":318,"column":3}},"89":{"start":{"line":220,"column":27},"end":{"line":220,"column":54}},"90":{"start":{"line":221,"column":28},"end":{"line":221,"column":49}},"91":{"start":{"line":223,"column":4},"end":{"line":229,"column":5}},"92":{"start":{"line":224,"column":6},"end":{"line":227,"column":9}},"93":{"start":{"line":228,"column":6},"end":{"line":228,"column":13}},"94":{"start":{"line":231,"column":17},"end":{"line":231,"column":63}},"95":{"start":{"line":232,"column":4},"end":{"line":238,"column":5}},"96":{"start":{"line":233,"column":6},"end":{"line":236,"column":9}},"97":{"start":{"line":237,"column":6},"end":{"line":237,"column":13}},"98":{"start":{"line":240,"column":4},"end":{"line":248,"column":5}},"99":{"start":{"line":241,"column":6},"end":{"line":241,"column":39}},"100":{"start":{"line":242,"column":6},"end":{"line":246,"column":9}},"101":{"start":{"line":247,"column":6},"end":{"line":247,"column":13}},"102":{"start":{"line":250,"column":22},"end":{"line":254,"column":31}},"103":{"start":{"line":256,"column":4},"end":{"line":263,"column":5}},"104":{"start":{"line":257,"column":6},"end":{"line":257,"column":40}},"105":{"start":{"line":258,"column":6},"end":{"line":261,"column":9}},"106":{"start":{"line":262,"column":6},"end":{"line":262,"column":13}},"107":{"start":{"line":265,"column":4},"end":{"line":274,"column":5}},"108":{"start":{"line":266,"column":6},"end":{"line":266,"column":37}},"109":{"start":{"line":267,"column":6},"end":{"line":267,"column":29}},"110":{"start":{"line":268,"column":6},"end":{"line":268,"column":40}},"111":{"start":{"line":269,"column":6},"end":{"line":272,"column":9}},"112":{"start":{"line":273,"column":6},"end":{"line":273,"column":13}},"113":{"start":{"line":276,"column":4},"end":{"line":288,"column":5}},"114":{"start":{"line":277,"column":6},"end":{"line":277,"column":30}},"115":{"start":{"line":278,"column":6},"end":{"line":280,"column":7}},"116":{"start":{"line":279,"column":8},"end":{"line":279,"column":39}},"117":{"start":{"line":281,"column":6},"end":{"line":281,"column":29}},"118":{"start":{"line":282,"column":6},"end":{"line":282,"column":40}},"119":{"start":{"line":283,"column":6},"end":{"line":286,"column":9}},"120":{"start":{"line":287,"column":6},"end":{"line":287,"column":13}},"121":{"start":{"line":290,"column":4},"end":{"line":290,"column":26}},"122":{"start":{"line":291,"column":4},"end":{"line":291,"column":22}},"123":{"start":{"line":293,"column":4},"end":{"line":293,"column":35}},"124":{"start":{"line":294,"column":4},"end":{"line":294,"column":27}},"125":{"start":{"line":296,"column":27},"end":{"line":296,"column":61}},"126":{"start":{"line":298,"column":18},"end":{"line":303,"column":6}},"127":{"start":{"line":305,"column":4},"end":{"line":305,"column":37}},"128":{"start":{"line":307,"column":4},"end":{"line":311,"column":7}},"129":{"start":{"line":313,"column":4},"end":{"line":313,"column":48}},"130":{"start":{"line":314,"column":4},"end":{"line":317,"column":7}},"131":{"start":{"line":218,"column":13},"end":{"line":218,"column":27}},"132":{"start":{"line":325,"column":39},"end":{"line":375,"column":1}},"133":{"start":{"line":326,"column":2},"end":{"line":374,"column":3}},"134":{"start":{"line":327,"column":22},"end":{"line":327,"column":61}},"135":{"start":{"line":328,"column":28},"end":{"line":328,"column":49}},"136":{"start":{"line":330,"column":4},"end":{"line":336,"column":5}},"137":{"start":{"line":331,"column":6},"end":{"line":334,"column":9}},"138":{"start":{"line":335,"column":6},"end":{"line":335,"column":13}},"139":{"start":{"line":338,"column":17},"end":{"line":338,"column":63}},"140":{"start":{"line":340,"column":4},"end":{"line":347,"column":5}},"141":{"start":{"line":341,"column":6},"end":{"line":341,"column":39}},"142":{"start":{"line":342,"column":6},"end":{"line":345,"column":9}},"143":{"start":{"line":346,"column":6},"end":{"line":346,"column":13}},"144":{"start":{"line":349,"column":4},"end":{"line":360,"column":5}},"145":{"start":{"line":350,"column":6},"end":{"line":350,"column":40}},"146":{"start":{"line":351,"column":36},"end":{"line":351,"column":69}},"147":{"start":{"line":353,"column":6},"end":{"line":359,"column":7}},"148":{"start":{"line":354,"column":8},"end":{"line":357,"column":11}},"149":{"start":{"line":358,"column":8},"end":{"line":358,"column":15}},"150":{"start":{"line":362,"column":4},"end":{"line":366,"column":7}},"151":{"start":{"line":368,"column":4},"end":{"line":368,"column":61}},"152":{"start":{"line":369,"column":4},"end":{"line":373,"column":7}},"153":{"start":{"line":325,"column":13},"end":{"line":325,"column":39}},"154":{"start":{"line":382,"column":21},"end":{"line":468,"column":1}},"155":{"start":{"line":383,"column":2},"end":{"line":467,"column":3}},"156":{"start":{"line":384,"column":32},"end":{"line":384,"column":53}},"157":{"start":{"line":385,"column":28},"end":{"line":385,"column":49}},"158":{"start":{"line":387,"column":4},"end":{"line":393,"column":5}},"159":{"start":{"line":388,"column":6},"end":{"line":391,"column":9}},"160":{"start":{"line":392,"column":6},"end":{"line":392,"column":13}},"161":{"start":{"line":395,"column":17},"end":{"line":395,"column":63}},"162":{"start":{"line":397,"column":4},"end":{"line":403,"column":5}},"163":{"start":{"line":398,"column":6},"end":{"line":401,"column":9}},"164":{"start":{"line":402,"column":6},"end":{"line":402,"column":13}},"165":{"start":{"line":405,"column":20},"end":{"line":405,"column":56}},"166":{"start":{"line":407,"column":4},"end":{"line":413,"column":5}},"167":{"start":{"line":408,"column":6},"end":{"line":411,"column":9}},"168":{"start":{"line":412,"column":6},"end":{"line":412,"column":13}},"169":{"start":{"line":415,"column":27},"end":{"line":415,"column":61}},"170":{"start":{"line":417,"column":18},"end":{"line":422,"column":6}},"171":{"start":{"line":424,"column":4},"end":{"line":424,"column":37}},"172":{"start":{"line":426,"column":4},"end":{"line":444,"column":5}},"173":{"start":{"line":427,"column":6},"end":{"line":442,"column":9}},"174":{"start":{"line":443,"column":6},"end":{"line":443,"column":13}},"175":{"start":{"line":446,"column":4},"end":{"line":461,"column":7}},"176":{"start":{"line":463,"column":4},"end":{"line":466,"column":7}},"177":{"start":{"line":382,"column":13},"end":{"line":382,"column":21}},"178":{"start":{"line":470,"column":21},"end":{"line":504,"column":1}},"179":{"start":{"line":471,"column":2},"end":{"line":503,"column":3}},"180":{"start":{"line":472,"column":27},"end":{"line":472,"column":56}},"181":{"start":{"line":473,"column":4},"end":{"line":473,"column":32}},"182":{"start":{"line":473,"column":25},"end":{"line":473,"column":32}},"183":{"start":{"line":475,"column":17},"end":{"line":475,"column":111}},"184":{"start":{"line":477,"column":4},"end":{"line":483,"column":5}},"185":{"start":{"line":478,"column":6},"end":{"line":481,"column":9}},"186":{"start":{"line":482,"column":6},"end":{"line":482,"column":13}},"187":{"start":{"line":485,"column":4},"end":{"line":497,"column":7}},"188":{"start":{"line":499,"column":4},"end":{"line":502,"column":7}},"189":{"start":{"line":470,"column":13},"end":{"line":470,"column":21}},"190":{"start":{"line":511,"column":24},"end":{"line":551,"column":1}},"191":{"start":{"line":512,"column":2},"end":{"line":550,"column":3}},"192":{"start":{"line":513,"column":41},"end":{"line":513,"column":65}},"193":{"start":{"line":515,"column":27},"end":{"line":515,"column":56}},"194":{"start":{"line":516,"column":4},"end":{"line":516,"column":32}},"195":{"start":{"line":516,"column":25},"end":{"line":516,"column":32}},"196":{"start":{"line":518,"column":17},"end":{"line":522,"column":25}},"197":{"start":{"line":524,"column":4},"end":{"line":530,"column":5}},"198":{"start":{"line":525,"column":6},"end":{"line":528,"column":9}},"199":{"start":{"line":529,"column":6},"end":{"line":529,"column":13}},"200":{"start":{"line":532,"column":4},"end":{"line":544,"column":7}},"201":{"start":{"line":546,"column":4},"end":{"line":549,"column":7}},"202":{"start":{"line":511,"column":13},"end":{"line":511,"column":24}},"203":{"start":{"line":553,"column":26},"end":{"line":579,"column":1}},"204":{"start":{"line":554,"column":2},"end":{"line":578,"column":3}},"205":{"start":{"line":555,"column":4},"end":{"line":561,"column":5}},"206":{"start":{"line":556,"column":6},"end":{"line":559,"column":9}},"207":{"start":{"line":560,"column":6},"end":{"line":560,"column":13}},"208":{"start":{"line":563,"column":25},"end":{"line":563,"column":42}},"209":{"start":{"line":564,"column":20},"end":{"line":570,"column":6}},"210":{"start":{"line":572,"column":4},"end":{"line":572,"column":99}},"211":{"start":{"line":574,"column":4},"end":{"line":577,"column":7}},"212":{"start":{"line":553,"column":13},"end":{"line":553,"column":26}},"213":{"start":{"line":581,"column":30},"end":{"line":656,"column":1}},"214":{"start":{"line":582,"column":2},"end":{"line":655,"column":3}},"215":{"start":{"line":583,"column":21},"end":{"line":583,"column":30}},"216":{"start":{"line":585,"column":4},"end":{"line":591,"column":5}},"217":{"start":{"line":586,"column":6},"end":{"line":589,"column":9}},"218":{"start":{"line":590,"column":6},"end":{"line":590,"column":13}},"219":{"start":{"line":593,"column":25},"end":{"line":593,"column":42}},"220":{"start":{"line":594,"column":23},"end":{"line":594,"column":56}},"221":{"start":{"line":596,"column":4},"end":{"line":596,"column":40}},"222":{"start":{"line":598,"column":21},"end":{"line":598,"column":83}},"223":{"start":{"line":600,"column":4},"end":{"line":606,"column":5}},"224":{"start":{"line":601,"column":6},"end":{"line":604,"column":9}},"225":{"start":{"line":605,"column":6},"end":{"line":605,"column":13}},"226":{"start":{"line":608,"column":18},"end":{"line":608,"column":37}},"227":{"start":{"line":609,"column":24},"end":{"line":609,"column":65}},"228":{"start":{"line":611,"column":15},"end":{"line":611,"column":65}},"229":{"start":{"line":613,"column":4},"end":{"line":634,"column":5}},"230":{"start":{"line":614,"column":29},"end":{"line":614,"column":36}},"231":{"start":{"line":615,"column":27},"end":{"line":618,"column":8}},"232":{"start":{"line":620,"column":6},"end":{"line":628,"column":9}},"233":{"start":{"line":630,"column":6},"end":{"line":630,"column":24}},"234":{"start":{"line":631,"column":6},"end":{"line":631,"column":66}},"235":{"start":{"line":632,"column":6},"end":{"line":632,"column":32}},"236":{"start":{"line":633,"column":6},"end":{"line":633,"column":92}},"237":{"start":{"line":636,"column":27},"end":{"line":636,"column":61}},"238":{"start":{"line":638,"column":18},"end":{"line":643,"column":6}},"239":{"start":{"line":645,"column":4},"end":{"line":645,"column":37}},"240":{"start":{"line":647,"column":24},"end":{"line":647,"column":58}},"241":{"start":{"line":649,"column":4},"end":{"line":649,"column":30}},"242":{"start":{"line":651,"column":4},"end":{"line":654,"column":7}},"243":{"start":{"line":581,"column":13},"end":{"line":581,"column":30}},"244":{"start":{"line":658,"column":22},"end":{"line":661,"column":1}},"245":{"start":{"line":659,"column":2},"end":{"line":659,"column":24}},"246":{"start":{"line":660,"column":2},"end":{"line":660,"column":65}},"247":{"start":{"line":658,"column":13},"end":{"line":658,"column":22}},"248":{"start":{"line":667,"column":30},"end":{"line":728,"column":1}},"249":{"start":{"line":668,"column":2},"end":{"line":727,"column":3}},"250":{"start":{"line":669,"column":22},"end":{"line":669,"column":52}},"251":{"start":{"line":670,"column":28},"end":{"line":670,"column":49}},"252":{"start":{"line":672,"column":4},"end":{"line":678,"column":5}},"253":{"start":{"line":673,"column":6},"end":{"line":676,"column":9}},"254":{"start":{"line":677,"column":6},"end":{"line":677,"column":13}},"255":{"start":{"line":680,"column":17},"end":{"line":680,"column":63}},"256":{"start":{"line":682,"column":4},"end":{"line":713,"column":5}},"257":{"start":{"line":683,"column":25},"end":{"line":683,"column":62}},"258":{"start":{"line":684,"column":26},"end":{"line":687,"column":8}},"259":{"start":{"line":689,"column":6},"end":{"line":696,"column":7}},"260":{"start":{"line":690,"column":8},"end":{"line":694,"column":11}},"261":{"start":{"line":695,"column":8},"end":{"line":695,"column":15}},"262":{"start":{"line":698,"column":18},"end":{"line":698,"column":29}},"263":{"start":{"line":699,"column":22},"end":{"line":699,"column":34}},"264":{"start":{"line":701,"column":6},"end":{"line":704,"column":8}},"265":{"start":{"line":706,"column":6},"end":{"line":710,"column":9}},"266":{"start":{"line":712,"column":6},"end":{"line":712,"column":42}},"267":{"start":{"line":715,"column":4},"end":{"line":719,"column":7}},"268":{"start":{"line":721,"column":4},"end":{"line":721,"column":55}},"269":{"start":{"line":722,"column":4},"end":{"line":726,"column":7}},"270":{"start":{"line":667,"column":13},"end":{"line":667,"column":30}},"271":{"start":{"line":735,"column":25},"end":{"line":811,"column":1}},"272":{"start":{"line":736,"column":2},"end":{"line":810,"column":3}},"273":{"start":{"line":737,"column":27},"end":{"line":737,"column":52}},"274":{"start":{"line":738,"column":28},"end":{"line":738,"column":49}},"275":{"start":{"line":740,"column":4},"end":{"line":746,"column":5}},"276":{"start":{"line":741,"column":6},"end":{"line":744,"column":9}},"277":{"start":{"line":745,"column":6},"end":{"line":745,"column":13}},"278":{"start":{"line":748,"column":17},"end":{"line":748,"column":77}},"279":{"start":{"line":749,"column":4},"end":{"line":755,"column":5}},"280":{"start":{"line":750,"column":6},"end":{"line":753,"column":9}},"281":{"start":{"line":754,"column":6},"end":{"line":754,"column":13}},"282":{"start":{"line":757,"column":22},"end":{"line":761,"column":31}},"283":{"start":{"line":763,"column":4},"end":{"line":769,"column":5}},"284":{"start":{"line":764,"column":6},"end":{"line":767,"column":9}},"285":{"start":{"line":768,"column":6},"end":{"line":768,"column":13}},"286":{"start":{"line":771,"column":4},"end":{"line":779,"column":5}},"287":{"start":{"line":772,"column":6},"end":{"line":772,"column":37}},"288":{"start":{"line":773,"column":6},"end":{"line":773,"column":29}},"289":{"start":{"line":774,"column":6},"end":{"line":777,"column":9}},"290":{"start":{"line":778,"column":6},"end":{"line":778,"column":13}},"291":{"start":{"line":781,"column":4},"end":{"line":792,"column":5}},"292":{"start":{"line":782,"column":6},"end":{"line":782,"column":30}},"293":{"start":{"line":783,"column":6},"end":{"line":785,"column":7}},"294":{"start":{"line":784,"column":8},"end":{"line":784,"column":39}},"295":{"start":{"line":786,"column":6},"end":{"line":786,"column":29}},"296":{"start":{"line":787,"column":6},"end":{"line":790,"column":9}},"297":{"start":{"line":791,"column":6},"end":{"line":791,"column":13}},"298":{"start":{"line":794,"column":23},"end":{"line":794,"column":61}},"299":{"start":{"line":795,"column":4},"end":{"line":795,"column":60}},"300":{"start":{"line":796,"column":4},"end":{"line":796,"column":76}},"301":{"start":{"line":797,"column":4},"end":{"line":797,"column":27}},"302":{"start":{"line":799,"column":4},"end":{"line":803,"column":7}},"303":{"start":{"line":805,"column":4},"end":{"line":805,"column":46}},"304":{"start":{"line":806,"column":4},"end":{"line":809,"column":7}},"305":{"start":{"line":735,"column":13},"end":{"line":735,"column":25}},"306":{"start":{"line":818,"column":29},"end":{"line":871,"column":1}},"307":{"start":{"line":819,"column":2},"end":{"line":870,"column":3}},"308":{"start":{"line":820,"column":40},"end":{"line":820,"column":69}},"309":{"start":{"line":822,"column":4},"end":{"line":828,"column":5}},"310":{"start":{"line":823,"column":6},"end":{"line":826,"column":9}},"311":{"start":{"line":827,"column":6},"end":{"line":827,"column":13}},"312":{"start":{"line":830,"column":22},"end":{"line":834,"column":6}},"313":{"start":{"line":836,"column":4},"end":{"line":842,"column":5}},"314":{"start":{"line":837,"column":6},"end":{"line":840,"column":9}},"315":{"start":{"line":841,"column":6},"end":{"line":841,"column":13}},"316":{"start":{"line":844,"column":17},"end":{"line":844,"column":55}},"317":{"start":{"line":845,"column":4},"end":{"line":851,"column":5}},"318":{"start":{"line":846,"column":6},"end":{"line":849,"column":9}},"319":{"start":{"line":850,"column":6},"end":{"line":850,"column":13}},"320":{"start":{"line":853,"column":4},"end":{"line":853,"column":32}},"321":{"start":{"line":854,"column":4},"end":{"line":854,"column":22}},"322":{"start":{"line":856,"column":4},"end":{"line":856,"column":35}},"323":{"start":{"line":857,"column":4},"end":{"line":857,"column":27}},"324":{"start":{"line":859,"column":4},"end":{"line":863,"column":7}},"325":{"start":{"line":865,"column":4},"end":{"line":865,"column":50}},"326":{"start":{"line":866,"column":4},"end":{"line":869,"column":7}},"327":{"start":{"line":818,"column":13},"end":{"line":818,"column":29}}},"fnMap":{"0":{"name":"(anonymous_1)","decl":{"start":{"line":37,"column":23},"end":{"line":37,"column":24}},"loc":{"start":{"line":37,"column":49},"end":{"line":40,"column":1}}},"1":{"name":"(anonymous_2)","decl":{"start":{"line":42,"column":22},"end":{"line":42,"column":23}},"loc":{"start":{"line":42,"column":40},"end":{"line":50,"column":2}}},"2":{"name":"(anonymous_3)","decl":{"start":{"line":52,"column":30},"end":{"line":52,"column":31}},"loc":{"start":{"line":52,"column":75},"end":{"line":54,"column":1}}},"3":{"name":"(anonymous_4)","decl":{"start":{"line":56,"column":23},"end":{"line":56,"column":24}},"loc":{"start":{"line":56,"column":75},"end":{"line":61,"column":1}}},"4":{"name":"(anonymous_5)","decl":{"start":{"line":63,"column":25},"end":{"line":63,"column":26}},"loc":{"start":{"line":63,"column":49},"end":{"line":70,"column":1}}},"5":{"name":"(anonymous_6)","decl":{"start":{"line":64,"column":38},"end":{"line":64,"column":39}},"loc":{"start":{"line":64,"column":53},"end":{"line":66,"column":3}}},"6":{"name":"(anonymous_7)","decl":{"start":{"line":72,"column":24},"end":{"line":72,"column":27}},"loc":{"start":{"line":72,"column":29},"end":{"line":79,"column":1}}},"7":{"name":"(anonymous_8)","decl":{"start":{"line":81,"column":16},"end":{"line":81,"column":17}},"loc":{"start":{"line":81,"column":40},"end":{"line":83,"column":1}}},"8":{"name":"(anonymous_9)","decl":{"start":{"line":85,"column":23},"end":{"line":85,"column":24}},"loc":{"start":{"line":85,"column":49},"end":{"line":87,"column":1}}},"9":{"name":"(anonymous_10)","decl":{"start":{"line":89,"column":23},"end":{"line":89,"column":24}},"loc":{"start":{"line":89,"column":57},"end":{"line":92,"column":1}}},"10":{"name":"(anonymous_11)","decl":{"start":{"line":94,"column":18},"end":{"line":94,"column":29}},"loc":{"start":{"line":94,"column":31},"end":{"line":96,"column":1}}},"11":{"name":"(anonymous_12)","decl":{"start":{"line":98,"column":30},"end":{"line":98,"column":35}},"loc":{"start":{"line":98,"column":70},"end":{"line":124,"column":1}}},"12":{"name":"(anonymous_13)","decl":{"start":{"line":134,"column":22},"end":{"line":134,"column":27}},"loc":{"start":{"line":134,"column":79},"end":{"line":211,"column":1}}},"13":{"name":"(anonymous_14)","decl":{"start":{"line":218,"column":27},"end":{"line":218,"column":32}},"loc":{"start":{"line":218,"column":84},"end":{"line":319,"column":1}}},"14":{"name":"(anonymous_15)","decl":{"start":{"line":325,"column":39},"end":{"line":325,"column":44}},"loc":{"start":{"line":325,"column":96},"end":{"line":375,"column":1}}},"15":{"name":"(anonymous_16)","decl":{"start":{"line":382,"column":21},"end":{"line":382,"column":26}},"loc":{"start":{"line":382,"column":78},"end":{"line":468,"column":1}}},"16":{"name":"(anonymous_17)","decl":{"start":{"line":470,"column":21},"end":{"line":470,"column":26}},"loc":{"start":{"line":470,"column":78},"end":{"line":504,"column":1}}},"17":{"name":"(anonymous_18)","decl":{"start":{"line":511,"column":24},"end":{"line":511,"column":29}},"loc":{"start":{"line":511,"column":81},"end":{"line":551,"column":1}}},"18":{"name":"(anonymous_19)","decl":{"start":{"line":553,"column":26},"end":{"line":553,"column":31}},"loc":{"start":{"line":553,"column":79},"end":{"line":579,"column":1}}},"19":{"name":"(anonymous_20)","decl":{"start":{"line":581,"column":30},"end":{"line":581,"column":35}},"loc":{"start":{"line":581,"column":87},"end":{"line":656,"column":1}}},"20":{"name":"(anonymous_21)","decl":{"start":{"line":658,"column":22},"end":{"line":658,"column":27}},"loc":{"start":{"line":658,"column":79},"end":{"line":661,"column":1}}},"21":{"name":"(anonymous_22)","decl":{"start":{"line":667,"column":30},"end":{"line":667,"column":35}},"loc":{"start":{"line":667,"column":87},"end":{"line":728,"column":1}}},"22":{"name":"(anonymous_23)","decl":{"start":{"line":735,"column":25},"end":{"line":735,"column":30}},"loc":{"start":{"line":735,"column":82},"end":{"line":811,"column":1}}},"23":{"name":"(anonymous_24)","decl":{"start":{"line":818,"column":29},"end":{"line":818,"column":34}},"loc":{"start":{"line":818,"column":86},"end":{"line":871,"column":1}}}},"branchMap":{"0":{"loc":{"start":{"line":38,"column":41},"end":{"line":38,"column":66}},"type":"binary-expr","locations":[{"start":{"line":38,"column":41},"end":{"line":38,"column":60}},{"start":{"line":38,"column":64},"end":{"line":38,"column":66}}]},"1":{"loc":{"start":{"line":39,"column":9},"end":{"line":39,"column":85}},"type":"cond-expr","locations":[{"start":{"line":39,"column":23},"end":{"line":39,"column":41}},{"start":{"line":39,"column":44},"end":{"line":39,"column":85}}]},"2":{"loc":{"start":{"line":39,"column":58},"end":{"line":39,"column":84}},"type":"binary-expr","locations":[{"start":{"line":39,"column":58},"end":{"line":39,"column":79}},{"start":{"line":39,"column":83},"end":{"line":39,"column":84}}]},"3":{"loc":{"start":{"line":91,"column":9},"end":{"line":91,"column":24}},"type":"binary-expr","locations":[{"start":{"line":91,"column":9},"end":{"line":91,"column":16}},{"start":{"line":91,"column":20},"end":{"line":91,"column":24}}]},"4":{"loc":{"start":{"line":105,"column":2},"end":{"line":107,"column":3}},"type":"if","locations":[{"start":{"line":105,"column":2},"end":{"line":107,"column":3}},{"start":{},"end":{}}]},"5":{"loc":{"start":{"line":138,"column":35},"end":{"line":138,"column":53}},"type":"binary-expr","locations":[{"start":{"line":138,"column":35},"end":{"line":138,"column":47}},{"start":{"line":138,"column":51},"end":{"line":138,"column":53}}]},"6":{"loc":{"start":{"line":139,"column":32},"end":{"line":139,"column":63}},"type":"binary-expr","locations":[{"start":{"line":139,"column":32},"end":{"line":139,"column":41}},{"start":{"line":139,"column":45},"end":{"line":139,"column":57}},{"start":{"line":139,"column":61},"end":{"line":139,"column":63}}]},"7":{"loc":{"start":{"line":141,"column":4},"end":{"line":147,"column":5}},"type":"if","locations":[{"start":{"line":141,"column":4},"end":{"line":147,"column":5}},{"start":{},"end":{}}]},"8":{"loc":{"start":{"line":141,"column":8},"end":{"line":141,"column":37}},"type":"binary-expr","locations":[{"start":{"line":141,"column":8},"end":{"line":141,"column":24}},{"start":{"line":141,"column":28},"end":{"line":141,"column":37}}]},"9":{"loc":{"start":{"line":149,"column":4},"end":{"line":155,"column":5}},"type":"if","locations":[{"start":{"line":149,"column":4},"end":{"line":155,"column":5}},{"start":{},"end":{}}]},"10":{"loc":{"start":{"line":157,"column":4},"end":{"line":163,"column":5}},"type":"if","locations":[{"start":{"line":157,"column":4},"end":{"line":163,"column":5}},{"start":{},"end":{}}]},"11":{"loc":{"start":{"line":166,"column":4},"end":{"line":172,"column":5}},"type":"if","locations":[{"start":{"line":166,"column":4},"end":{"line":172,"column":5}},{"start":{},"end":{}}]},"12":{"loc":{"start":{"line":199,"column":15},"end":{"line":201,"column":115}},"type":"cond-expr","locations":[{"start":{"line":200,"column":10},"end":{"line":200,"column":83}},{"start":{"line":201,"column":10},"end":{"line":201,"column":115}}]},"13":{"loc":{"start":{"line":223,"column":4},"end":{"line":229,"column":5}},"type":"if","locations":[{"start":{"line":223,"column":4},"end":{"line":229,"column":5}},{"start":{},"end":{}}]},"14":{"loc":{"start":{"line":223,"column":8},"end":{"line":223,"column":32}},"type":"binary-expr","locations":[{"start":{"line":223,"column":8},"end":{"line":223,"column":24}},{"start":{"line":223,"column":28},"end":{"line":223,"column":32}}]},"15":{"loc":{"start":{"line":232,"column":4},"end":{"line":238,"column":5}},"type":"if","locations":[{"start":{"line":232,"column":4},"end":{"line":238,"column":5}},{"start":{},"end":{}}]},"16":{"loc":{"start":{"line":240,"column":4},"end":{"line":248,"column":5}},"type":"if","locations":[{"start":{"line":240,"column":4},"end":{"line":248,"column":5}},{"start":{},"end":{}}]},"17":{"loc":{"start":{"line":256,"column":4},"end":{"line":263,"column":5}},"type":"if","locations":[{"start":{"line":256,"column":4},"end":{"line":263,"column":5}},{"start":{},"end":{}}]},"18":{"loc":{"start":{"line":265,"column":4},"end":{"line":274,"column":5}},"type":"if","locations":[{"start":{"line":265,"column":4},"end":{"line":274,"column":5}},{"start":{},"end":{}}]},"19":{"loc":{"start":{"line":276,"column":4},"end":{"line":288,"column":5}},"type":"if","locations":[{"start":{"line":276,"column":4},"end":{"line":288,"column":5}},{"start":{},"end":{}}]},"20":{"loc":{"start":{"line":278,"column":6},"end":{"line":280,"column":7}},"type":"if","locations":[{"start":{"line":278,"column":6},"end":{"line":280,"column":7}},{"start":{},"end":{}}]},"21":{"loc":{"start":{"line":330,"column":4},"end":{"line":336,"column":5}},"type":"if","locations":[{"start":{"line":330,"column":4},"end":{"line":336,"column":5}},{"start":{},"end":{}}]},"22":{"loc":{"start":{"line":340,"column":4},"end":{"line":347,"column":5}},"type":"if","locations":[{"start":{"line":340,"column":4},"end":{"line":347,"column":5}},{"start":{},"end":{}}]},"23":{"loc":{"start":{"line":349,"column":4},"end":{"line":360,"column":5}},"type":"if","locations":[{"start":{"line":349,"column":4},"end":{"line":360,"column":5}},{"start":{},"end":{}}]},"24":{"loc":{"start":{"line":353,"column":6},"end":{"line":359,"column":7}},"type":"if","locations":[{"start":{"line":353,"column":6},"end":{"line":359,"column":7}},{"start":{},"end":{}}]},"25":{"loc":{"start":{"line":387,"column":4},"end":{"line":393,"column":5}},"type":"if","locations":[{"start":{"line":387,"column":4},"end":{"line":393,"column":5}},{"start":{},"end":{}}]},"26":{"loc":{"start":{"line":387,"column":8},"end":{"line":387,"column":37}},"type":"binary-expr","locations":[{"start":{"line":387,"column":8},"end":{"line":387,"column":24}},{"start":{"line":387,"column":28},"end":{"line":387,"column":37}}]},"27":{"loc":{"start":{"line":397,"column":4},"end":{"line":403,"column":5}},"type":"if","locations":[{"start":{"line":397,"column":4},"end":{"line":403,"column":5}},{"start":{},"end":{}}]},"28":{"loc":{"start":{"line":407,"column":4},"end":{"line":413,"column":5}},"type":"if","locations":[{"start":{"line":407,"column":4},"end":{"line":413,"column":5}},{"start":{},"end":{}}]},"29":{"loc":{"start":{"line":426,"column":4},"end":{"line":444,"column":5}},"type":"if","locations":[{"start":{"line":426,"column":4},"end":{"line":444,"column":5}},{"start":{},"end":{}}]},"30":{"loc":{"start":{"line":473,"column":4},"end":{"line":473,"column":32}},"type":"if","locations":[{"start":{"line":473,"column":4},"end":{"line":473,"column":32}},{"start":{},"end":{}}]},"31":{"loc":{"start":{"line":477,"column":4},"end":{"line":483,"column":5}},"type":"if","locations":[{"start":{"line":477,"column":4},"end":{"line":483,"column":5}},{"start":{},"end":{}}]},"32":{"loc":{"start":{"line":516,"column":4},"end":{"line":516,"column":32}},"type":"if","locations":[{"start":{"line":516,"column":4},"end":{"line":516,"column":32}},{"start":{},"end":{}}]},"33":{"loc":{"start":{"line":524,"column":4},"end":{"line":530,"column":5}},"type":"if","locations":[{"start":{"line":524,"column":4},"end":{"line":530,"column":5}},{"start":{},"end":{}}]},"34":{"loc":{"start":{"line":555,"column":4},"end":{"line":561,"column":5}},"type":"if","locations":[{"start":{"line":555,"column":4},"end":{"line":561,"column":5}},{"start":{},"end":{}}]},"35":{"loc":{"start":{"line":555,"column":8},"end":{"line":555,"column":64}},"type":"binary-expr","locations":[{"start":{"line":555,"column":8},"end":{"line":555,"column":32}},{"start":{"line":555,"column":36},"end":{"line":555,"column":64}}]},"36":{"loc":{"start":{"line":585,"column":4},"end":{"line":591,"column":5}},"type":"if","locations":[{"start":{"line":585,"column":4},"end":{"line":591,"column":5}},{"start":{},"end":{}}]},"37":{"loc":{"start":{"line":585,"column":8},"end":{"line":585,"column":41}},"type":"binary-expr","locations":[{"start":{"line":585,"column":8},"end":{"line":585,"column":13}},{"start":{"line":585,"column":17},"end":{"line":585,"column":41}}]},"38":{"loc":{"start":{"line":600,"column":4},"end":{"line":606,"column":5}},"type":"if","locations":[{"start":{"line":600,"column":4},"end":{"line":606,"column":5}},{"start":{},"end":{}}]},"39":{"loc":{"start":{"line":600,"column":8},"end":{"line":600,"column":46}},"type":"binary-expr","locations":[{"start":{"line":600,"column":8},"end":{"line":600,"column":22}},{"start":{"line":600,"column":26},"end":{"line":600,"column":46}}]},"40":{"loc":{"start":{"line":609,"column":24},"end":{"line":609,"column":65}},"type":"binary-expr","locations":[{"start":{"line":609,"column":24},"end":{"line":609,"column":42}},{"start":{"line":609,"column":46},"end":{"line":609,"column":65}}]},"41":{"loc":{"start":{"line":613,"column":4},"end":{"line":634,"column":5}},"type":"if","locations":[{"start":{"line":613,"column":4},"end":{"line":634,"column":5}},{"start":{},"end":{}}]},"42":{"loc":{"start":{"line":672,"column":4},"end":{"line":678,"column":5}},"type":"if","locations":[{"start":{"line":672,"column":4},"end":{"line":678,"column":5}},{"start":{},"end":{}}]},"43":{"loc":{"start":{"line":682,"column":4},"end":{"line":713,"column":5}},"type":"if","locations":[{"start":{"line":682,"column":4},"end":{"line":713,"column":5}},{"start":{},"end":{}}]},"44":{"loc":{"start":{"line":689,"column":6},"end":{"line":696,"column":7}},"type":"if","locations":[{"start":{"line":689,"column":6},"end":{"line":696,"column":7}},{"start":{},"end":{}}]},"45":{"loc":{"start":{"line":740,"column":4},"end":{"line":746,"column":5}},"type":"if","locations":[{"start":{"line":740,"column":4},"end":{"line":746,"column":5}},{"start":{},"end":{}}]},"46":{"loc":{"start":{"line":740,"column":8},"end":{"line":740,"column":32}},"type":"binary-expr","locations":[{"start":{"line":740,"column":8},"end":{"line":740,"column":24}},{"start":{"line":740,"column":28},"end":{"line":740,"column":32}}]},"47":{"loc":{"start":{"line":749,"column":4},"end":{"line":755,"column":5}},"type":"if","locations":[{"start":{"line":749,"column":4},"end":{"line":755,"column":5}},{"start":{},"end":{}}]},"48":{"loc":{"start":{"line":763,"column":4},"end":{"line":769,"column":5}},"type":"if","locations":[{"start":{"line":763,"column":4},"end":{"line":769,"column":5}},{"start":{},"end":{}}]},"49":{"loc":{"start":{"line":771,"column":4},"end":{"line":779,"column":5}},"type":"if","locations":[{"start":{"line":771,"column":4},"end":{"line":779,"column":5}},{"start":{},"end":{}}]},"50":{"loc":{"start":{"line":781,"column":4},"end":{"line":792,"column":5}},"type":"if","locations":[{"start":{"line":781,"column":4},"end":{"line":792,"column":5}},{"start":{},"end":{}}]},"51":{"loc":{"start":{"line":783,"column":6},"end":{"line":785,"column":7}},"type":"if","locations":[{"start":{"line":783,"column":6},"end":{"line":785,"column":7}},{"start":{},"end":{}}]},"52":{"loc":{"start":{"line":822,"column":4},"end":{"line":828,"column":5}},"type":"if","locations":[{"start":{"line":822,"column":4},"end":{"line":828,"column":5}},{"start":{},"end":{}}]},"53":{"loc":{"start":{"line":822,"column":8},"end":{"line":822,"column":35}},"type":"binary-expr","locations":[{"start":{"line":822,"column":8},"end":{"line":822,"column":19}},{"start":{"line":822,"column":23},"end":{"line":822,"column":35}}]},"54":{"loc":{"start":{"line":836,"column":4},"end":{"line":842,"column":5}},"type":"if","locations":[{"start":{"line":836,"column":4},"end":{"line":842,"column":5}},{"start":{},"end":{}}]},"55":{"loc":{"start":{"line":845,"column":4},"end":{"line":851,"column":5}},"type":"if","locations":[{"start":{"line":845,"column":4},"end":{"line":851,"column":5}},{"start":{},"end":{}}]}},"s":{"0":1,"1":1,"2":1,"3":1,"4":1,"5":1,"6":1,"7":1,"8":1,"9":1,"10":1,"11":1,"12":1,"13":1,"14":1,"15":1,"16":1,"17":2,"18":2,"19":1,"20":2,"21":1,"22":7,"23":1,"24":2,"25":2,"26":2,"27":2,"28":1,"29":1,"30":4,"31":1,"32":1,"33":1,"34":0,"35":0,"36":1,"37":3,"38":1,"39":3,"40":1,"41":21,"42":21,"43":1,"44":1,"45":1,"46":2,"47":2,"48":2,"49":1,"50":1,"51":1,"52":1,"53":1,"54":1,"55":1,"56":5,"57":5,"58":5,"59":5,"60":5,"61":5,"62":1,"63":1,"64":4,"65":1,"66":1,"67":3,"68":1,"69":1,"70":2,"71":2,"72":1,"73":1,"74":1,"75":1,"76":1,"77":1,"78":1,"79":1,"80":1,"81":1,"82":1,"83":1,"84":0,"85":0,"86":1,"87":1,"88":4,"89":4,"90":4,"91":4,"92":0,"93":0,"94":4,"95":4,"96":1,"97":1,"98":3,"99":1,"100":1,"101":1,"102":2,"103":2,"104":1,"105":1,"106":1,"107":1,"108":0,"109":0,"110":0,"111":0,"112":0,"113":1,"114":0,"115":0,"116":0,"117":0,"118":0,"119":0,"120":0,"121":1,"122":1,"123":1,"124":1,"125":1,"126":1,"127":1,"128":1,"129":0,"130":0,"131":1,"132":1,"133":3,"134":3,"135":3,"136":3,"137":1,"138":1,"139":2,"140":2,"141":1,"142":1,"143":1,"144":1,"145":1,"146":1,"147":1,"148":1,"149":1,"150":0,"151":0,"152":0,"153":1,"154":1,"155":3,"156":3,"157":3,"158":3,"159":1,"160":1,"161":2,"162":2,"163":0,"164":0,"165":2,"166":2,"167":1,"168":1,"169":1,"170":1,"171":1,"172":1,"173":1,"174":1,"175":0,"176":0,"177":1,"178":1,"179":0,"180":0,"181":0,"182":0,"183":0,"184":0,"185":0,"186":0,"187":0,"188":0,"189":1,"190":1,"191":0,"192":0,"193":0,"194":0,"195":0,"196":0,"197":0,"198":0,"199":0,"200":0,"201":0,"202":1,"203":1,"204":0,"205":0,"206":0,"207":0,"208":0,"209":0,"210":0,"211":0,"212":1,"213":1,"214":0,"215":0,"216":0,"217":0,"218":0,"219":0,"220":0,"221":0,"222":0,"223":0,"224":0,"225":0,"226":0,"227":0,"228":0,"229":0,"230":0,"231":0,"232":0,"233":0,"234":0,"235":0,"236":0,"237":0,"238":0,"239":0,"240":0,"241":0,"242":0,"243":1,"244":1,"245":1,"246":1,"247":1,"248":1,"249":3,"250":3,"251":3,"252":3,"253":1,"254":1,"255":2,"256":2,"257":1,"258":1,"259":1,"260":1,"261":1,"262":0,"263":0,"264":0,"265":0,"266":0,"267":1,"268":0,"269":0,"270":1,"271":1,"272":3,"273":3,"274":3,"275":3,"276":1,"277":1,"278":2,"279":2,"280":0,"281":0,"282":2,"283":2,"284":1,"285":1,"286":1,"287":0,"288":0,"289":0,"290":0,"291":1,"292":0,"293":0,"294":0,"295":0,"296":0,"297":0,"298":1,"299":1,"300":1,"301":1,"302":1,"303":0,"304":0,"305":1,"306":1,"307":3,"308":3,"309":3,"310":1,"311":1,"312":2,"313":2,"314":1,"315":1,"316":1,"317":1,"318":0,"319":0,"320":1,"321":1,"322":1,"323":1,"324":1,"325":0,"326":0,"327":1},"f":{"0":2,"1":2,"2":7,"3":2,"4":1,"5":4,"6":0,"7":3,"8":3,"9":21,"10":1,"11":2,"12":5,"13":4,"14":3,"15":3,"16":0,"17":0,"18":0,"19":0,"20":1,"21":3,"22":3,"23":3},"b":{"0":[2,0],"1":[2,0],"2":[0,0],"3":[21,3],"4":[1,1],"5":[5,1],"6":[5,1,1],"7":[1,4],"8":[5,4],"9":[1,3],"10":[1,2],"11":[1,1],"12":[1,0],"13":[0,4],"14":[4,4],"15":[1,3],"16":[1,2],"17":[1,1],"18":[0,1],"19":[0,1],"20":[0,0],"21":[1,2],"22":[1,1],"23":[1,0],"24":[1,0],"25":[1,2],"26":[3,3],"27":[0,2],"28":[1,1],"29":[1,0],"30":[0,0],"31":[0,0],"32":[0,0],"33":[0,0],"34":[0,0],"35":[0,0],"36":[0,0],"37":[0,0],"38":[0,0],"39":[0,0],"40":[0,0],"41":[0,0],"42":[1,2],"43":[1,1],"44":[1,0],"45":[1,2],"46":[3,3],"47":[0,2],"48":[1,1],"49":[0,1],"50":[0,1],"51":[0,0],"52":[1,2],"53":[3,2],"54":[1,1],"55":[0,1]}}
,"C:\\Users\\user\\Documents\\CRM-VERTICAL-SAAS\\src\\controllers\\companyController.ts": {"path":"C:\\Users\\user\\Documents\\CRM-VERTICAL-SAAS\\src\\controllers\\companyController.ts","statementMap":{"0":{"start":{"line":2,"column":0},"end":{"line":2,"column":32}},"1":{"start":{"line":3,"column":0},"end":{"line":3,"column":54}},"2":{"start":{"line":4,"column":0},"end":{"line":4,"column":44}},"3":{"start":{"line":5,"column":0},"end":{"line":5,"column":38}},"4":{"start":{"line":7,"column":0},"end":{"line":7,"column":54}},"5":{"start":{"line":24,"column":19},"end":{"line":29,"column":2}},"6":{"start":{"line":24,"column":40},"end":{"line":29,"column":2}},"7":{"start":{"line":31,"column":27},"end":{"line":78,"column":1}},"8":{"start":{"line":35,"column":2},"end":{"line":35,"column":48}},"9":{"start":{"line":35,"column":31},"end":{"line":35,"column":48}},"10":{"start":{"line":37,"column":36},"end":{"line":53,"column":4}},"11":{"start":{"line":55,"column":19},"end":{"line":55,"column":50}},"12":{"start":{"line":57,"column":2},"end":{"line":59,"column":5}},"13":{"start":{"line":58,"column":4},"end":{"line":58,"column":53}},"14":{"start":{"line":61,"column":2},"end":{"line":66,"column":5}},"15":{"start":{"line":62,"column":16},"end":{"line":62,"column":35}},"16":{"start":{"line":63,"column":20},"end":{"line":63,"column":53}},"17":{"start":{"line":64,"column":4},"end":{"line":64,"column":47}},"18":{"start":{"line":65,"column":4},"end":{"line":65,"column":31}},"19":{"start":{"line":68,"column":2},"end":{"line":75,"column":5}},"20":{"start":{"line":69,"column":16},"end":{"line":69,"column":35}},"21":{"start":{"line":70,"column":20},"end":{"line":70,"column":53}},"22":{"start":{"line":71,"column":4},"end":{"line":71,"column":41}},"23":{"start":{"line":72,"column":4},"end":{"line":72,"column":49}},"24":{"start":{"line":73,"column":4},"end":{"line":73,"column":43}},"25":{"start":{"line":74,"column":4},"end":{"line":74,"column":31}},"26":{"start":{"line":77,"column":2},"end":{"line":77,"column":18}},"27":{"start":{"line":80,"column":27},"end":{"line":93,"column":1}},"28":{"start":{"line":84,"column":21},"end":{"line":86,"column":89}},"29":{"start":{"line":85,"column":22},"end":{"line":85,"column":33}},"30":{"start":{"line":86,"column":51},"end":{"line":86,"column":88}},"31":{"start":{"line":87,"column":19},"end":{"line":87,"column":71}},"32":{"start":{"line":89,"column":2},"end":{"line":92,"column":6}},"33":{"start":{"line":89,"column":37},"end":{"line":92,"column":4}},"34":{"start":{"line":95,"column":29},"end":{"line":148,"column":1}},"35":{"start":{"line":96,"column":2},"end":{"line":147,"column":3}},"36":{"start":{"line":97,"column":65},"end":{"line":97,"column":90}},"37":{"start":{"line":99,"column":27},"end":{"line":99,"column":56}},"38":{"start":{"line":100,"column":4},"end":{"line":100,"column":32}},"39":{"start":{"line":100,"column":25},"end":{"line":100,"column":32}},"40":{"start":{"line":102,"column":43},"end":{"line":102,"column":78}},"41":{"start":{"line":104,"column":4},"end":{"line":110,"column":5}},"42":{"start":{"line":105,"column":6},"end":{"line":109,"column":8}},"43":{"start":{"line":112,"column":4},"end":{"line":112,"column":73}},"44":{"start":{"line":112,"column":18},"end":{"line":112,"column":73}},"45":{"start":{"line":113,"column":4},"end":{"line":113,"column":44}},"46":{"start":{"line":113,"column":18},"end":{"line":113,"column":44}},"47":{"start":{"line":115,"column":17},"end":{"line":115,"column":35}},"48":{"start":{"line":117,"column":31},"end":{"line":125,"column":6}},"49":{"start":{"line":127,"column":31},"end":{"line":127,"column":82}},"50":{"start":{"line":129,"column":50},"end":{"line":139,"column":6}},"51":{"start":{"line":141,"column":4},"end":{"line":141,"column":23}},"52":{"start":{"line":143,"column":4},"end":{"line":146,"column":7}},"53":{"start":{"line":95,"column":13},"end":{"line":95,"column":29}},"54":{"start":{"line":150,"column":30},"end":{"line":186,"column":1}},"55":{"start":{"line":151,"column":2},"end":{"line":185,"column":3}},"56":{"start":{"line":152,"column":19},"end":{"line":152,"column":47}},"57":{"start":{"line":154,"column":4},"end":{"line":160,"column":5}},"58":{"start":{"line":155,"column":6},"end":{"line":158,"column":9}},"59":{"start":{"line":159,"column":6},"end":{"line":159,"column":13}},"60":{"start":{"line":162,"column":27},"end":{"line":162,"column":56}},"61":{"start":{"line":163,"column":4},"end":{"line":163,"column":32}},"62":{"start":{"line":163,"column":25},"end":{"line":163,"column":32}},"63":{"start":{"line":165,"column":20},"end":{"line":167,"column":13}},"64":{"start":{"line":169,"column":4},"end":{"line":175,"column":5}},"65":{"start":{"line":170,"column":6},"end":{"line":173,"column":9}},"66":{"start":{"line":174,"column":6},"end":{"line":174,"column":13}},"67":{"start":{"line":177,"column":31},"end":{"line":177,"column":82}},"68":{"start":{"line":179,"column":4},"end":{"line":179,"column":98}},"69":{"start":{"line":181,"column":4},"end":{"line":184,"column":7}},"70":{"start":{"line":150,"column":13},"end":{"line":150,"column":30}},"71":{"start":{"line":201,"column":17},"end":{"line":253,"column":1}},"72":{"start":{"line":202,"column":27},"end":{"line":202,"column":29}},"73":{"start":{"line":203,"column":16},"end":{"line":203,"column":18}},"74":{"start":{"line":204,"column":22},"end":{"line":204,"column":24}},"75":{"start":{"line":205,"column":17},"end":{"line":205,"column":22}},"76":{"start":{"line":207,"column":2},"end":{"line":237,"column":3}},"77":{"start":{"line":207,"column":15},"end":{"line":207,"column":16}},"78":{"start":{"line":208,"column":17},"end":{"line":208,"column":23}},"79":{"start":{"line":209,"column":17},"end":{"line":209,"column":27}},"80":{"start":{"line":211,"column":4},"end":{"line":219,"column":5}},"81":{"start":{"line":212,"column":6},"end":{"line":217,"column":7}},"82":{"start":{"line":213,"column":8},"end":{"line":213,"column":23}},"83":{"start":{"line":214,"column":8},"end":{"line":214,"column":12}},"84":{"start":{"line":216,"column":8},"end":{"line":216,"column":29}},"85":{"start":{"line":218,"column":6},"end":{"line":218,"column":15}},"86":{"start":{"line":221,"column":4},"end":{"line":225,"column":5}},"87":{"start":{"line":222,"column":6},"end":{"line":222,"column":24}},"88":{"start":{"line":223,"column":6},"end":{"line":223,"column":19}},"89":{"start":{"line":224,"column":6},"end":{"line":224,"column":15}},"90":{"start":{"line":227,"column":4},"end":{"line":234,"column":5}},"91":{"start":{"line":228,"column":6},"end":{"line":228,"column":46}},"92":{"start":{"line":228,"column":42},"end":{"line":228,"column":46}},"93":{"start":{"line":229,"column":6},"end":{"line":229,"column":24}},"94":{"start":{"line":230,"column":6},"end":{"line":230,"column":67}},"95":{"start":{"line":230,"column":30},"end":{"line":230,"column":49}},"96":{"start":{"line":230,"column":52},"end":{"line":230,"column":67}},"97":{"start":{"line":231,"column":6},"end":{"line":231,"column":15}},"98":{"start":{"line":232,"column":6},"end":{"line":232,"column":19}},"99":{"start":{"line":233,"column":6},"end":{"line":233,"column":15}},"100":{"start":{"line":236,"column":4},"end":{"line":236,"column":20}},"101":{"start":{"line":239,"column":2},"end":{"line":239,"column":20}},"102":{"start":{"line":240,"column":2},"end":{"line":240,"column":63}},"103":{"start":{"line":240,"column":26},"end":{"line":240,"column":45}},"104":{"start":{"line":240,"column":48},"end":{"line":240,"column":63}},"105":{"start":{"line":242,"column":2},"end":{"line":242,"column":33}},"106":{"start":{"line":242,"column":23},"end":{"line":242,"column":33}},"107":{"start":{"line":244,"column":18},"end":{"line":244,"column":93}},"108":{"start":{"line":244,"column":42},"end":{"line":244,"column":92}},"109":{"start":{"line":245,"column":2},"end":{"line":252,"column":4}},"110":{"start":{"line":246,"column":4},"end":{"line":251,"column":10}},"111":{"start":{"line":247,"column":6},"end":{"line":249,"column":7}},"112":{"start":{"line":248,"column":8},"end":{"line":248,"column":81}},"113":{"start":{"line":250,"column":6},"end":{"line":250,"column":21}},"114":{"start":{"line":255,"column":29},"end":{"line":291,"column":1}},"115":{"start":{"line":256,"column":2},"end":{"line":290,"column":3}},"116":{"start":{"line":257,"column":86},"end":{"line":257,"column":115}},"117":{"start":{"line":259,"column":27},"end":{"line":259,"column":56}},"118":{"start":{"line":260,"column":4},"end":{"line":260,"column":32}},"119":{"start":{"line":260,"column":25},"end":{"line":260,"column":32}},"120":{"start":{"line":262,"column":20},"end":{"line":273,"column":6}},"121":{"start":{"line":275,"column":4},"end":{"line":275,"column":25}},"122":{"start":{"line":277,"column":29},"end":{"line":278,"column":49}},"123":{"start":{"line":280,"column":31},"end":{"line":282,"column":26}},"124":{"start":{"line":284,"column":4},"end":{"line":284,"column":108}},"125":{"start":{"line":286,"column":4},"end":{"line":289,"column":7}},"126":{"start":{"line":255,"column":13},"end":{"line":255,"column":29}},"127":{"start":{"line":293,"column":35},"end":{"line":357,"column":1}},"128":{"start":{"line":294,"column":2},"end":{"line":356,"column":3}},"129":{"start":{"line":295,"column":27},"end":{"line":295,"column":56}},"130":{"start":{"line":296,"column":4},"end":{"line":296,"column":32}},"131":{"start":{"line":296,"column":25},"end":{"line":296,"column":32}},"132":{"start":{"line":298,"column":4},"end":{"line":304,"column":5}},"133":{"start":{"line":299,"column":6},"end":{"line":302,"column":9}},"134":{"start":{"line":303,"column":6},"end":{"line":303,"column":13}},"135":{"start":{"line":306,"column":22},"end":{"line":306,"column":64}},"136":{"start":{"line":308,"column":4},"end":{"line":314,"column":5}},"137":{"start":{"line":309,"column":6},"end":{"line":312,"column":9}},"138":{"start":{"line":313,"column":6},"end":{"line":313,"column":13}},"139":{"start":{"line":316,"column":29},"end":{"line":316,"column":31}},"140":{"start":{"line":317,"column":54},"end":{"line":317,"column":56}},"141":{"start":{"line":319,"column":4},"end":{"line":338,"column":5}},"142":{"start":{"line":319,"column":17},"end":{"line":319,"column":18}},"143":{"start":{"line":320,"column":22},"end":{"line":320,"column":34}},"144":{"start":{"line":321,"column":6},"end":{"line":324,"column":7}},"145":{"start":{"line":322,"column":8},"end":{"line":322,"column":54}},"146":{"start":{"line":323,"column":8},"end":{"line":323,"column":17}},"147":{"start":{"line":326,"column":6},"end":{"line":337,"column":9}},"148":{"start":{"line":340,"column":19},"end":{"line":340,"column":20}},"149":{"start":{"line":341,"column":4},"end":{"line":344,"column":5}},"150":{"start":{"line":342,"column":21},"end":{"line":342,"column":61}},"151":{"start":{"line":343,"column":6},"end":{"line":343,"column":31}},"152":{"start":{"line":346,"column":4},"end":{"line":350,"column":7}},"153":{"start":{"line":352,"column":4},"end":{"line":355,"column":7}},"154":{"start":{"line":293,"column":13},"end":{"line":293,"column":35}},"155":{"start":{"line":370,"column":29},"end":{"line":410,"column":1}},"156":{"start":{"line":371,"column":2},"end":{"line":409,"column":3}},"157":{"start":{"line":372,"column":19},"end":{"line":372,"column":47}},"158":{"start":{"line":373,"column":23},"end":{"line":373,"column":52}},"159":{"start":{"line":375,"column":4},"end":{"line":381,"column":5}},"160":{"start":{"line":376,"column":6},"end":{"line":379,"column":9}},"161":{"start":{"line":380,"column":6},"end":{"line":380,"column":13}},"162":{"start":{"line":383,"column":27},"end":{"line":383,"column":56}},"163":{"start":{"line":384,"column":4},"end":{"line":384,"column":32}},"164":{"start":{"line":384,"column":25},"end":{"line":384,"column":32}},"165":{"start":{"line":386,"column":20},"end":{"line":391,"column":49}},"166":{"start":{"line":393,"column":4},"end":{"line":399,"column":5}},"167":{"start":{"line":394,"column":6},"end":{"line":397,"column":9}},"168":{"start":{"line":398,"column":6},"end":{"line":398,"column":13}},"169":{"start":{"line":401,"column":31},"end":{"line":401,"column":122}},"170":{"start":{"line":403,"column":4},"end":{"line":403,"column":96}},"171":{"start":{"line":405,"column":4},"end":{"line":408,"column":7}},"172":{"start":{"line":370,"column":13},"end":{"line":370,"column":29}},"173":{"start":{"line":412,"column":29},"end":{"line":444,"column":1}},"174":{"start":{"line":413,"column":2},"end":{"line":443,"column":3}},"175":{"start":{"line":414,"column":19},"end":{"line":414,"column":47}},"176":{"start":{"line":416,"column":4},"end":{"line":422,"column":5}},"177":{"start":{"line":417,"column":6},"end":{"line":420,"column":9}},"178":{"start":{"line":421,"column":6},"end":{"line":421,"column":13}},"179":{"start":{"line":424,"column":27},"end":{"line":424,"column":56}},"180":{"start":{"line":425,"column":4},"end":{"line":425,"column":32}},"181":{"start":{"line":425,"column":25},"end":{"line":425,"column":32}},"182":{"start":{"line":427,"column":20},"end":{"line":427,"column":96}},"183":{"start":{"line":429,"column":4},"end":{"line":435,"column":5}},"184":{"start":{"line":430,"column":6},"end":{"line":433,"column":9}},"185":{"start":{"line":434,"column":6},"end":{"line":434,"column":13}},"186":{"start":{"line":437,"column":4},"end":{"line":437,"column":72}},"187":{"start":{"line":439,"column":4},"end":{"line":442,"column":7}},"188":{"start":{"line":412,"column":13},"end":{"line":412,"column":29}},"189":{"start":{"line":446,"column":34},"end":{"line":473,"column":1}},"190":{"start":{"line":447,"column":2},"end":{"line":472,"column":3}},"191":{"start":{"line":448,"column":19},"end":{"line":448,"column":47}},"192":{"start":{"line":450,"column":4},"end":{"line":456,"column":5}},"193":{"start":{"line":451,"column":6},"end":{"line":454,"column":9}},"194":{"start":{"line":455,"column":6},"end":{"line":455,"column":13}},"195":{"start":{"line":458,"column":27},"end":{"line":458,"column":56}},"196":{"start":{"line":459,"column":4},"end":{"line":459,"column":32}},"197":{"start":{"line":459,"column":25},"end":{"line":459,"column":32}},"198":{"start":{"line":461,"column":21},"end":{"line":464,"column":13}},"199":{"start":{"line":466,"column":4},"end":{"line":466,"column":99}},"200":{"start":{"line":468,"column":4},"end":{"line":471,"column":7}},"201":{"start":{"line":446,"column":13},"end":{"line":446,"column":34}},"202":{"start":{"line":475,"column":31},"end":{"line":504,"column":1}},"203":{"start":{"line":476,"column":2},"end":{"line":503,"column":3}},"204":{"start":{"line":477,"column":19},"end":{"line":477,"column":47}},"205":{"start":{"line":479,"column":4},"end":{"line":485,"column":5}},"206":{"start":{"line":480,"column":6},"end":{"line":483,"column":9}},"207":{"start":{"line":484,"column":6},"end":{"line":484,"column":13}},"208":{"start":{"line":487,"column":27},"end":{"line":487,"column":56}},"209":{"start":{"line":488,"column":4},"end":{"line":488,"column":32}},"210":{"start":{"line":488,"column":25},"end":{"line":488,"column":32}},"211":{"start":{"line":490,"column":18},"end":{"line":495,"column":13}},"212":{"start":{"line":497,"column":4},"end":{"line":497,"column":93}},"213":{"start":{"line":499,"column":4},"end":{"line":502,"column":7}},"214":{"start":{"line":475,"column":13},"end":{"line":475,"column":31}},"215":{"start":{"line":506,"column":31},"end":{"line":535,"column":1}},"216":{"start":{"line":507,"column":2},"end":{"line":534,"column":3}},"217":{"start":{"line":508,"column":19},"end":{"line":508,"column":47}},"218":{"start":{"line":510,"column":4},"end":{"line":516,"column":5}},"219":{"start":{"line":511,"column":6},"end":{"line":514,"column":9}},"220":{"start":{"line":515,"column":6},"end":{"line":515,"column":13}},"221":{"start":{"line":518,"column":27},"end":{"line":518,"column":56}},"222":{"start":{"line":519,"column":4},"end":{"line":519,"column":32}},"223":{"start":{"line":519,"column":25},"end":{"line":519,"column":32}},"224":{"start":{"line":521,"column":21},"end":{"line":521,"column":96}},"225":{"start":{"line":522,"column":18},"end":{"line":522,"column":50}},"226":{"start":{"line":524,"column":4},"end":{"line":528,"column":7}},"227":{"start":{"line":530,"column":4},"end":{"line":533,"column":7}},"228":{"start":{"line":506,"column":13},"end":{"line":506,"column":31}},"229":{"start":{"line":537,"column":35},"end":{"line":567,"column":1}},"230":{"start":{"line":538,"column":2},"end":{"line":566,"column":3}},"231":{"start":{"line":539,"column":23},"end":{"line":539,"column":55}},"232":{"start":{"line":541,"column":27},"end":{"line":541,"column":56}},"233":{"start":{"line":542,"column":4},"end":{"line":542,"column":32}},"234":{"start":{"line":542,"column":25},"end":{"line":542,"column":32}},"235":{"start":{"line":544,"column":43},"end":{"line":544,"column":78}},"236":{"start":{"line":546,"column":4},"end":{"line":548,"column":5}},"237":{"start":{"line":547,"column":6},"end":{"line":547,"column":53}},"238":{"start":{"line":550,"column":22},"end":{"line":554,"column":13}},"239":{"start":{"line":556,"column":4},"end":{"line":560,"column":7}},"240":{"start":{"line":562,"column":4},"end":{"line":565,"column":7}},"241":{"start":{"line":537,"column":13},"end":{"line":537,"column":35}},"242":{"start":{"line":569,"column":31},"end":{"line":638,"column":1}},"243":{"start":{"line":570,"column":2},"end":{"line":637,"column":3}},"244":{"start":{"line":571,"column":31},"end":{"line":571,"column":40}},"245":{"start":{"line":573,"column":27},"end":{"line":573,"column":56}},"246":{"start":{"line":574,"column":4},"end":{"line":574,"column":32}},"247":{"start":{"line":574,"column":25},"end":{"line":574,"column":32}},"248":{"start":{"line":576,"column":22},"end":{"line":579,"column":13}},"249":{"start":{"line":581,"column":4},"end":{"line":586,"column":5}},"250":{"start":{"line":582,"column":6},"end":{"line":582,"column":56}},"251":{"start":{"line":583,"column":6},"end":{"line":583,"column":84}},"252":{"start":{"line":584,"column":6},"end":{"line":584,"column":94}},"253":{"start":{"line":585,"column":6},"end":{"line":585,"column":13}},"254":{"start":{"line":588,"column":20},"end":{"line":600,"column":6}},"255":{"start":{"line":602,"column":22},"end":{"line":609,"column":5}},"256":{"start":{"line":603,"column":6},"end":{"line":603,"column":59}},"257":{"start":{"line":603,"column":49},"end":{"line":603,"column":59}},"258":{"start":{"line":604,"column":18},"end":{"line":604,"column":31}},"259":{"start":{"line":605,"column":6},"end":{"line":607,"column":7}},"260":{"start":{"line":606,"column":8},"end":{"line":606,"column":46}},"261":{"start":{"line":608,"column":6},"end":{"line":608,"column":17}},"262":{"start":{"line":611,"column":17},"end":{"line":624,"column":null}},"263":{"start":{"line":612,"column":6},"end":{"line":624,"column":17}},"264":{"start":{"line":627,"column":16},"end":{"line":627,"column":55}},"265":{"start":{"line":629,"column":4},"end":{"line":629,"column":46}},"266":{"start":{"line":630,"column":4},"end":{"line":630,"column":81}},"267":{"start":{"line":631,"column":4},"end":{"line":631,"column":18}},"268":{"start":{"line":633,"column":4},"end":{"line":636,"column":7}},"269":{"start":{"line":569,"column":13},"end":{"line":569,"column":31}}},"fnMap":{"0":{"name":"(anonymous_1)","decl":{"start":{"line":24,"column":19},"end":{"line":24,"column":36}},"loc":{"start":{"line":24,"column":40},"end":{"line":29,"column":2}}},"1":{"name":"(anonymous_2)","decl":{"start":{"line":31,"column":27},"end":{"line":31,"column":32}},"loc":{"start":{"line":34,"column":40},"end":{"line":78,"column":1}}},"2":{"name":"(anonymous_3)","decl":{"start":{"line":57,"column":21},"end":{"line":57,"column":22}},"loc":{"start":{"line":57,"column":35},"end":{"line":59,"column":3}}},"3":{"name":"(anonymous_4)","decl":{"start":{"line":61,"column":23},"end":{"line":61,"column":24}},"loc":{"start":{"line":61,"column":32},"end":{"line":66,"column":3}}},"4":{"name":"(anonymous_5)","decl":{"start":{"line":68,"column":20},"end":{"line":68,"column":21}},"loc":{"start":{"line":68,"column":29},"end":{"line":75,"column":3}}},"5":{"name":"(anonymous_6)","decl":{"start":{"line":80,"column":27},"end":{"line":80,"column":32}},"loc":{"start":{"line":83,"column":4},"end":{"line":93,"column":1}}},"6":{"name":"(anonymous_7)","decl":{"start":{"line":85,"column":9},"end":{"line":85,"column":10}},"loc":{"start":{"line":85,"column":22},"end":{"line":85,"column":33}}},"7":{"name":"(anonymous_8)","decl":{"start":{"line":86,"column":12},"end":{"line":86,"column":13}},"loc":{"start":{"line":86,"column":51},"end":{"line":86,"column":88}}},"8":{"name":"(anonymous_9)","decl":{"start":{"line":89,"column":23},"end":{"line":89,"column":24}},"loc":{"start":{"line":89,"column":37},"end":{"line":92,"column":4}}},"9":{"name":"(anonymous_10)","decl":{"start":{"line":95,"column":29},"end":{"line":95,"column":34}},"loc":{"start":{"line":95,"column":86},"end":{"line":148,"column":1}}},"10":{"name":"(anonymous_11)","decl":{"start":{"line":150,"column":30},"end":{"line":150,"column":35}},"loc":{"start":{"line":150,"column":87},"end":{"line":186,"column":1}}},"11":{"name":"(anonymous_12)","decl":{"start":{"line":201,"column":17},"end":{"line":201,"column":18}},"loc":{"start":{"line":201,"column":50},"end":{"line":253,"column":1}}},"12":{"name":"(anonymous_13)","decl":{"start":{"line":230,"column":19},"end":{"line":230,"column":20}},"loc":{"start":{"line":230,"column":30},"end":{"line":230,"column":49}}},"13":{"name":"(anonymous_14)","decl":{"start":{"line":240,"column":15},"end":{"line":240,"column":16}},"loc":{"start":{"line":240,"column":26},"end":{"line":240,"column":45}}},"14":{"name":"(anonymous_15)","decl":{"start":{"line":244,"column":30},"end":{"line":244,"column":31}},"loc":{"start":{"line":244,"column":42},"end":{"line":244,"column":92}}},"15":{"name":"(anonymous_16)","decl":{"start":{"line":245,"column":27},"end":{"line":245,"column":28}},"loc":{"start":{"line":246,"column":4},"end":{"line":251,"column":10}}},"16":{"name":"(anonymous_17)","decl":{"start":{"line":246,"column":34},"end":{"line":246,"column":35}},"loc":{"start":{"line":246,"column":61},"end":{"line":251,"column":5}}},"17":{"name":"(anonymous_18)","decl":{"start":{"line":255,"column":29},"end":{"line":255,"column":34}},"loc":{"start":{"line":255,"column":86},"end":{"line":291,"column":1}}},"18":{"name":"(anonymous_19)","decl":{"start":{"line":293,"column":35},"end":{"line":293,"column":40}},"loc":{"start":{"line":293,"column":92},"end":{"line":357,"column":1}}},"19":{"name":"(anonymous_20)","decl":{"start":{"line":370,"column":29},"end":{"line":370,"column":34}},"loc":{"start":{"line":370,"column":86},"end":{"line":410,"column":1}}},"20":{"name":"(anonymous_21)","decl":{"start":{"line":412,"column":29},"end":{"line":412,"column":34}},"loc":{"start":{"line":412,"column":86},"end":{"line":444,"column":1}}},"21":{"name":"(anonymous_22)","decl":{"start":{"line":446,"column":34},"end":{"line":446,"column":39}},"loc":{"start":{"line":446,"column":91},"end":{"line":473,"column":1}}},"22":{"name":"(anonymous_23)","decl":{"start":{"line":475,"column":31},"end":{"line":475,"column":36}},"loc":{"start":{"line":475,"column":88},"end":{"line":504,"column":1}}},"23":{"name":"(anonymous_24)","decl":{"start":{"line":506,"column":31},"end":{"line":506,"column":36}},"loc":{"start":{"line":506,"column":88},"end":{"line":535,"column":1}}},"24":{"name":"(anonymous_25)","decl":{"start":{"line":537,"column":35},"end":{"line":537,"column":40}},"loc":{"start":{"line":537,"column":92},"end":{"line":567,"column":1}}},"25":{"name":"(anonymous_26)","decl":{"start":{"line":569,"column":31},"end":{"line":569,"column":36}},"loc":{"start":{"line":569,"column":88},"end":{"line":638,"column":1}}},"26":{"name":"(anonymous_27)","decl":{"start":{"line":602,"column":22},"end":{"line":602,"column":23}},"loc":{"start":{"line":602,"column":49},"end":{"line":609,"column":5}}},"27":{"name":"(anonymous_28)","decl":{"start":{"line":611,"column":31},"end":{"line":611,"column":32}},"loc":{"start":{"line":612,"column":6},"end":{"line":624,"column":17}}}},"branchMap":{"0":{"loc":{"start":{"line":35,"column":2},"end":{"line":35,"column":48}},"type":"if","locations":[{"start":{"line":35,"column":2},"end":{"line":35,"column":48}},{"start":{},"end":{}}]},"1":{"loc":{"start":{"line":63,"column":20},"end":{"line":63,"column":53}},"type":"binary-expr","locations":[{"start":{"line":63,"column":20},"end":{"line":63,"column":37}},{"start":{"line":63,"column":41},"end":{"line":63,"column":53}}]},"2":{"loc":{"start":{"line":70,"column":20},"end":{"line":70,"column":53}},"type":"binary-expr","locations":[{"start":{"line":70,"column":20},"end":{"line":70,"column":37}},{"start":{"line":70,"column":41},"end":{"line":70,"column":53}}]},"3":{"loc":{"start":{"line":91,"column":11},"end":{"line":91,"column":60}},"type":"binary-expr","locations":[{"start":{"line":91,"column":11},"end":{"line":91,"column":44}},{"start":{"line":91,"column":48},"end":{"line":91,"column":60}}]},"4":{"loc":{"start":{"line":97,"column":12},"end":{"line":97,"column":20}},"type":"default-arg","locations":[{"start":{"line":97,"column":19},"end":{"line":97,"column":20}}]},"5":{"loc":{"start":{"line":97,"column":22},"end":{"line":97,"column":32}},"type":"default-arg","locations":[{"start":{"line":97,"column":30},"end":{"line":97,"column":32}}]},"6":{"loc":{"start":{"line":100,"column":4},"end":{"line":100,"column":32}},"type":"if","locations":[{"start":{"line":100,"column":4},"end":{"line":100,"column":32}},{"start":{},"end":{}}]},"7":{"loc":{"start":{"line":104,"column":4},"end":{"line":110,"column":5}},"type":"if","locations":[{"start":{"line":104,"column":4},"end":{"line":110,"column":5}},{"start":{},"end":{}}]},"8":{"loc":{"start":{"line":112,"column":4},"end":{"line":112,"column":73}},"type":"if","locations":[{"start":{"line":112,"column":4},"end":{"line":112,"column":73}},{"start":{},"end":{}}]},"9":{"loc":{"start":{"line":113,"column":4},"end":{"line":113,"column":44}},"type":"if","locations":[{"start":{"line":113,"column":4},"end":{"line":113,"column":44}},{"start":{},"end":{}}]},"10":{"loc":{"start":{"line":154,"column":4},"end":{"line":160,"column":5}},"type":"if","locations":[{"start":{"line":154,"column":4},"end":{"line":160,"column":5}},{"start":{},"end":{}}]},"11":{"loc":{"start":{"line":163,"column":4},"end":{"line":163,"column":32}},"type":"if","locations":[{"start":{"line":163,"column":4},"end":{"line":163,"column":32}},{"start":{},"end":{}}]},"12":{"loc":{"start":{"line":169,"column":4},"end":{"line":175,"column":5}},"type":"if","locations":[{"start":{"line":169,"column":4},"end":{"line":175,"column":5}},{"start":{},"end":{}}]},"13":{"loc":{"start":{"line":211,"column":4},"end":{"line":219,"column":5}},"type":"if","locations":[{"start":{"line":211,"column":4},"end":{"line":219,"column":5}},{"start":{},"end":{}}]},"14":{"loc":{"start":{"line":212,"column":6},"end":{"line":217,"column":7}},"type":"if","locations":[{"start":{"line":212,"column":6},"end":{"line":217,"column":7}},{"start":{"line":215,"column":13},"end":{"line":217,"column":7}}]},"15":{"loc":{"start":{"line":212,"column":10},"end":{"line":212,"column":34}},"type":"binary-expr","locations":[{"start":{"line":212,"column":10},"end":{"line":212,"column":18}},{"start":{"line":212,"column":22},"end":{"line":212,"column":34}}]},"16":{"loc":{"start":{"line":221,"column":4},"end":{"line":225,"column":5}},"type":"if","locations":[{"start":{"line":221,"column":4},"end":{"line":225,"column":5}},{"start":{},"end":{}}]},"17":{"loc":{"start":{"line":221,"column":8},"end":{"line":221,"column":33}},"type":"binary-expr","locations":[{"start":{"line":221,"column":8},"end":{"line":221,"column":20}},{"start":{"line":221,"column":24},"end":{"line":221,"column":33}}]},"18":{"loc":{"start":{"line":227,"column":4},"end":{"line":234,"column":5}},"type":"if","locations":[{"start":{"line":227,"column":4},"end":{"line":234,"column":5}},{"start":{},"end":{}}]},"19":{"loc":{"start":{"line":227,"column":8},"end":{"line":227,"column":53}},"type":"binary-expr","locations":[{"start":{"line":227,"column":9},"end":{"line":227,"column":22}},{"start":{"line":227,"column":26},"end":{"line":227,"column":39}},{"start":{"line":227,"column":44},"end":{"line":227,"column":53}}]},"20":{"loc":{"start":{"line":228,"column":6},"end":{"line":228,"column":46}},"type":"if","locations":[{"start":{"line":228,"column":6},"end":{"line":228,"column":46}},{"start":{},"end":{}}]},"21":{"loc":{"start":{"line":228,"column":10},"end":{"line":228,"column":40}},"type":"binary-expr","locations":[{"start":{"line":228,"column":10},"end":{"line":228,"column":23}},{"start":{"line":228,"column":27},"end":{"line":228,"column":40}}]},"22":{"loc":{"start":{"line":230,"column":6},"end":{"line":230,"column":67}},"type":"if","locations":[{"start":{"line":230,"column":6},"end":{"line":230,"column":67}},{"start":{},"end":{}}]},"23":{"loc":{"start":{"line":240,"column":2},"end":{"line":240,"column":63}},"type":"if","locations":[{"start":{"line":240,"column":2},"end":{"line":240,"column":63}},{"start":{},"end":{}}]},"24":{"loc":{"start":{"line":242,"column":2},"end":{"line":242,"column":33}},"type":"if","locations":[{"start":{"line":242,"column":2},"end":{"line":242,"column":33}},{"start":{},"end":{}}]},"25":{"loc":{"start":{"line":247,"column":6},"end":{"line":249,"column":7}},"type":"if","locations":[{"start":{"line":247,"column":6},"end":{"line":249,"column":7}},{"start":{},"end":{}}]},"26":{"loc":{"start":{"line":248,"column":53},"end":{"line":248,"column":80}},"type":"binary-expr","locations":[{"start":{"line":248,"column":53},"end":{"line":248,"column":74}},{"start":{"line":248,"column":78},"end":{"line":248,"column":80}}]},"27":{"loc":{"start":{"line":260,"column":4},"end":{"line":260,"column":32}},"type":"if","locations":[{"start":{"line":260,"column":4},"end":{"line":260,"column":32}},{"start":{},"end":{}}]},"28":{"loc":{"start":{"line":271,"column":16},"end":{"line":271,"column":83}},"type":"cond-expr","locations":[{"start":{"line":271,"column":31},"end":{"line":271,"column":71}},{"start":{"line":271,"column":74},"end":{"line":271,"column":83}}]},"29":{"loc":{"start":{"line":280,"column":31},"end":{"line":282,"column":26}},"type":"cond-expr","locations":[{"start":{"line":281,"column":8},"end":{"line":281,"column":126}},{"start":{"line":282,"column":8},"end":{"line":282,"column":26}}]},"30":{"loc":{"start":{"line":281,"column":34},"end":{"line":281,"column":108}},"type":"cond-expr","locations":[{"start":{"line":281,"column":62},"end":{"line":281,"column":89}},{"start":{"line":281,"column":92},"end":{"line":281,"column":108}}]},"31":{"loc":{"start":{"line":296,"column":4},"end":{"line":296,"column":32}},"type":"if","locations":[{"start":{"line":296,"column":4},"end":{"line":296,"column":32}},{"start":{},"end":{}}]},"32":{"loc":{"start":{"line":298,"column":4},"end":{"line":304,"column":5}},"type":"if","locations":[{"start":{"line":298,"column":4},"end":{"line":304,"column":5}},{"start":{},"end":{}}]},"33":{"loc":{"start":{"line":308,"column":4},"end":{"line":314,"column":5}},"type":"if","locations":[{"start":{"line":308,"column":4},"end":{"line":314,"column":5}},{"start":{},"end":{}}]},"34":{"loc":{"start":{"line":321,"column":6},"end":{"line":324,"column":7}},"type":"if","locations":[{"start":{"line":321,"column":6},"end":{"line":324,"column":7}},{"start":{},"end":{}}]},"35":{"loc":{"start":{"line":335,"column":18},"end":{"line":335,"column":85}},"type":"cond-expr","locations":[{"start":{"line":335,"column":33},"end":{"line":335,"column":73}},{"start":{"line":335,"column":76},"end":{"line":335,"column":85}}]},"36":{"loc":{"start":{"line":341,"column":4},"end":{"line":344,"column":5}},"type":"if","locations":[{"start":{"line":341,"column":4},"end":{"line":344,"column":5}},{"start":{},"end":{}}]},"37":{"loc":{"start":{"line":349,"column":32},"end":{"line":349,"column":70}},"type":"cond-expr","locations":[{"start":{"line":349,"column":52},"end":{"line":349,"column":58}},{"start":{"line":349,"column":61},"end":{"line":349,"column":70}}]},"38":{"loc":{"start":{"line":375,"column":4},"end":{"line":381,"column":5}},"type":"if","locations":[{"start":{"line":375,"column":4},"end":{"line":381,"column":5}},{"start":{},"end":{}}]},"39":{"loc":{"start":{"line":384,"column":4},"end":{"line":384,"column":32}},"type":"if","locations":[{"start":{"line":384,"column":4},"end":{"line":384,"column":32}},{"start":{},"end":{}}]},"40":{"loc":{"start":{"line":393,"column":4},"end":{"line":399,"column":5}},"type":"if","locations":[{"start":{"line":393,"column":4},"end":{"line":399,"column":5}},{"start":{},"end":{}}]},"41":{"loc":{"start":{"line":401,"column":57},"end":{"line":401,"column":104}},"type":"cond-expr","locations":[{"start":{"line":401,"column":76},"end":{"line":401,"column":94}},{"start":{"line":401,"column":97},"end":{"line":401,"column":104}}]},"42":{"loc":{"start":{"line":416,"column":4},"end":{"line":422,"column":5}},"type":"if","locations":[{"start":{"line":416,"column":4},"end":{"line":422,"column":5}},{"start":{},"end":{}}]},"43":{"loc":{"start":{"line":425,"column":4},"end":{"line":425,"column":32}},"type":"if","locations":[{"start":{"line":425,"column":4},"end":{"line":425,"column":32}},{"start":{},"end":{}}]},"44":{"loc":{"start":{"line":429,"column":4},"end":{"line":435,"column":5}},"type":"if","locations":[{"start":{"line":429,"column":4},"end":{"line":435,"column":5}},{"start":{},"end":{}}]},"45":{"loc":{"start":{"line":450,"column":4},"end":{"line":456,"column":5}},"type":"if","locations":[{"start":{"line":450,"column":4},"end":{"line":456,"column":5}},{"start":{},"end":{}}]},"46":{"loc":{"start":{"line":459,"column":4},"end":{"line":459,"column":32}},"type":"if","locations":[{"start":{"line":459,"column":4},"end":{"line":459,"column":32}},{"start":{},"end":{}}]},"47":{"loc":{"start":{"line":479,"column":4},"end":{"line":485,"column":5}},"type":"if","locations":[{"start":{"line":479,"column":4},"end":{"line":485,"column":5}},{"start":{},"end":{}}]},"48":{"loc":{"start":{"line":488,"column":4},"end":{"line":488,"column":32}},"type":"if","locations":[{"start":{"line":488,"column":4},"end":{"line":488,"column":32}},{"start":{},"end":{}}]},"49":{"loc":{"start":{"line":510,"column":4},"end":{"line":516,"column":5}},"type":"if","locations":[{"start":{"line":510,"column":4},"end":{"line":516,"column":5}},{"start":{},"end":{}}]},"50":{"loc":{"start":{"line":519,"column":4},"end":{"line":519,"column":32}},"type":"if","locations":[{"start":{"line":519,"column":4},"end":{"line":519,"column":32}},{"start":{},"end":{}}]},"51":{"loc":{"start":{"line":522,"column":18},"end":{"line":522,"column":50}},"type":"binary-expr","locations":[{"start":{"line":522,"column":18},"end":{"line":522,"column":34}},{"start":{"line":522,"column":38},"end":{"line":522,"column":50}}]},"52":{"loc":{"start":{"line":542,"column":4},"end":{"line":542,"column":32}},"type":"if","locations":[{"start":{"line":542,"column":4},"end":{"line":542,"column":32}},{"start":{},"end":{}}]},"53":{"loc":{"start":{"line":546,"column":4},"end":{"line":548,"column":5}},"type":"if","locations":[{"start":{"line":546,"column":4},"end":{"line":548,"column":5}},{"start":{},"end":{}}]},"54":{"loc":{"start":{"line":571,"column":12},"end":{"line":571,"column":26}},"type":"default-arg","locations":[{"start":{"line":571,"column":21},"end":{"line":571,"column":26}}]},"55":{"loc":{"start":{"line":574,"column":4},"end":{"line":574,"column":32}
[...]
,"C:\\Users\\user\\Documents\\CRM-VERTICAL-SAAS\\src\\routes\\socialAccountRoutes.ts": {"path":"C:\\Users\\user\\Documents\\CRM-VERTICAL-SAAS\\src\\routes\\socialAccountRoutes.ts","statementMap":{"0":{"start":{"line":1,"column":0},"end":{"line":1,"column":60}},"1":{"start":{"line":2,"column":0},"end":{"line":2,"column":146}},"2":{"start":{"line":3,"column":0},"end":{"line":3,"column":50}},"3":{"start":{"line":5,"column":27},"end":{"line":5,"column":35}},"4":{"start":{"line":35,"column":0},"end":{"line":35,"column":47}},"5":{"start":{"line":37,"column":0},"end":{"line":37,"column":25}},"6":{"start":{"line":65,"column":0},"end":{"line":65,"column":36}},"7":{"start":{"line":103,"column":0},"end":{"line":103,"column":56}},"8":{"start":{"line":126,"column":0},"end":{"line":126,"column":54}},"9":{"start":{"line":128,"column":0},"end":{"line":128,"column":22}}},"fnMap":{},"branchMap":{},"s":{"0":1,"1":1,"2":1,"3":1,"4":1,"5":1,"6":1,"7":1,"8":1,"9":1},"f":{},"b":{}}
,"C:\\Users\\user\\Documents\\CRM-VERTICAL-SAAS\\src\\routes\\stageMessageRoutes.ts": {"path":"C:\\Users\\user\\Documents\\CRM-VERTICAL-SAAS\\src\\routes\\stageMessageRoutes.ts","statementMap":{"0":{"start":{"line":1,"column":0},"end":{"line":1,"column":60}},"1":{"start":{"line":2,"column":0},"end":{"line":2,"column":null}},"2":{"start":{"line":8,"column":0},"end":{"line":8,"column":50}},"3":{"start":{"line":10,"column":27},"end":{"line":10,"column":35}},"4":{"start":{"line":12,"column":0},"end":{"line":12,"column":25}},"5":{"start":{"line":113,"column":0},"end":{"line":113,"column":52}},"6":{"start":{"line":114,"column":0},"end":{"line":114,"column":54}},"7":{"start":{"line":179,"column":0},"end":{"line":179,"column":66}},"8":{"start":{"line":180,"column":0},"end":{"line":180,"column":67}},"9":{"start":{"line":182,"column":0},"end":{"line":182,"column":22}}},"fnMap":{},"branchMap":{},"s":{"0":1,"1":1,"2":1,"3":1,"4":1,"5":1,"6":1,"7":1,"8":1,"9":1},"f":{},"b":{}}
,"C:\\Users\\user\\Documents\\CRM-VERTICAL-SAAS\\src\\routes\\taskRoutes.ts": {"path":"C:\\Users\\user\\Documents\\CRM-VERTICAL-SAAS\\src\\routes\\taskRoutes.ts","statementMap":{"0":{"start":{"line":5,"column":0},"end":{"line":5,"column":60}},"1":{"start":{"line":6,"column":0},"end":{"line":6,"column":null}},"2":{"start":{"line":16,"column":0},"end":{"line":16,"column":61}},"3":{"start":{"line":18,"column":27},"end":{"line":18,"column":35}},"4":{"start":{"line":20,"column":0},"end":{"line":20,"column":25}},"5":{"start":{"line":85,"column":0},"end":{"line":85,"column":27}},"6":{"start":{"line":104,"column":0},"end":{"line":104,"column":30}},"7":{"start":{"line":123,"column":0},"end":{"line":123,"column":42}},"8":{"start":{"line":150,"column":0},"end":{"line":150,"column":32}},"9":{"start":{"line":209,"column":0},"end":{"line":209,"column":79}},"10":{"start":{"line":270,"column":0},"end":{"line":270,"column":83}},"11":{"start":{"line":293,"column":0},"end":{"line":293,"column":71}},"12":{"start":{"line":318,"column":0},"end":{"line":318,"column":93}},"13":{"start":{"line":320,"column":0},"end":{"line":320,"column":22}}},"fnMap":{},"branchMap":{},"s":{"0":1,"1":1,"2":1,"3":1,"4":1,"5":1,"6":1,"7":1,"8":1,"9":1,"10":1,"11":1,"12":1,"13":1},"f":{},"b":{}}
,"C:\\Users\\user\\Documents\\CRM-VERTICAL-SAAS\\src\\routes\\userRoutes.ts": {"path":"C:\\Users\\user\\Documents\\CRM-VERTICAL-SAAS\\src\\routes\\userRoutes.ts","statementMap":{"0":{"start":{"line":5,"column":0},"end":{"line":5,"column":60}},"1":{"start":{"line":6,"column":0},"end":{"line":6,"column":null}},"2":{"start":{"line":20,"column":0},"end":{"line":20,"column":61}},"3":{"start":{"line":21,"column":0},"end":{"line":21,"column":55}},"4":{"start":{"line":22,"column":0},"end":{"line":22,"column":54}},"5":{"start":{"line":24,"column":27},"end":{"line":24,"column":35}},"6":{"start":{"line":54,"column":0},"end":{"line":59,"column":22}},"7":{"start":{"line":104,"column":0},"end":{"line":104,"column":78}},"8":{"start":{"line":105,"column":0},"end":{"line":109,"column":16}},"9":{"start":{"line":133,"column":0},"end":{"line":133,"column":86}},"10":{"start":{"line":170,"column":0},"end":{"line":170,"column":61}},"11":{"start":{"line":194,"column":0},"end":{"line":194,"column":66}},"12":{"start":{"line":229,"column":0},"end":{"line":229,"column":63}},"13":{"start":{"line":272,"column":0},"end":{"line":277,"column":16}},"14":{"start":{"line":301,"column":0},"end":{"line":301,"column":68}},"15":{"start":{"line":323,"column":0},"end":{"line":323,"column":71}},"16":{"start":{"line":356,"column":0},"end":{"line":356,"column":71}},"17":{"start":{"line":378,"column":0},"end":{"line":378,"column":73}},"18":{"start":{"line":380,"column":0},"end":{"line":380,"column":22}}},"fnMap":{},"branchMap":{},"s":{"0":1,"1":1,"2":1,"3":1,"4":1,"5":1,"6":1,"7":1,"8":1,"9":1,"10":1,"11":1,"12":1,"13":1,"14":1,"15":1,"16":1,"17":1,"18":1},"f":{},"b":{}}
,"C:\\Users\\user\\Documents\\CRM-VERTICAL-SAAS\\src\\routes\\webhookRoutes.ts": {"path":"C:\\Users\\user\\Documents\\CRM-VERTICAL-SAAS\\src\\routes\\webhookRoutes.ts","statementMap":{"0":{"start":{"line":1,"column":0},"end":{"line":1,"column":60}},"1":{"start":{"line":2,"column":0},"end":{"line":2,"column":79}},"2":{"start":{"line":4,"column":27},"end":{"line":4,"column":35}},"3":{"start":{"line":45,"column":0},"end":{"line":45,"column":46}},"4":{"start":{"line":47,"column":0},"end":{"line":47,"column":22}}},"fnMap":{},"branchMap":{},"s":{"0":1,"1":1,"2":1,"3":1,"4":1},"f":{},"b":{}}
,"C:\\Users\\user\\Documents\\CRM-VERTICAL-SAAS\\src\\services\\socketService.ts": {"path":"C:\\Users\\user\\Documents\\CRM-VERTICAL-SAAS\\src\\services\\socketService.ts","statementMap":{"0":{"start":{"line":2,"column":0},"end":{"line":2,"column":35}},"1":{"start":{"line":4,"column":24},"end":{"line":4,"column":28}},"2":{"start":{"line":6,"column":32},"end":{"line":24,"column":1}},"3":{"start":{"line":7,"column":2},"end":{"line":12,"column":5}},"4":{"start":{"line":14,"column":2},"end":{"line":21,"column":5}},"5":{"start":{"line":15,"column":19},"end":{"line":15,"column":58}},"6":{"start":{"line":16,"column":4},"end":{"line":18,"column":5}},"7":{"start":{"line":17,"column":6},"end":{"line":17,"column":36}},"8":{"start":{"line":20,"column":4},"end":{"line":20,"column":38}},"9":{"start":{"line":23,"column":2},"end":{"line":23,"column":12}},"10":{"start":{"line":6,"column":13},"end":{"line":6,"column":32}},"11":{"start":{"line":26,"column":21},"end":{"line":31,"column":1}},"12":{"start":{"line":27,"column":2},"end":{"line":29,"column":3}},"13":{"start":{"line":28,"column":4},"end":{"line":28,"column":49}},"14":{"start":{"line":30,"column":2},"end":{"line":30,"column":12}},"15":{"start":{"line":26,"column":13},"end":{"line":26,"column":21}},"16":{"start":{"line":33,"column":36},"end":{"line":42,"column":1}},"17":{"start":{"line":39,"column":2},"end":{"line":41,"column":3}},"18":{"start":{"line":40,"column":4},"end":{"line":40,"column":66}},"19":{"start":{"line":33,"column":13},"end":{"line":33,"column":36}},"20":{"start":{"line":44,"column":32},"end":{"line":48,"column":1}},"21":{"start":{"line":45,"column":2},"end":{"line":47,"column":3}},"22":{"start":{"line":46,"column":4},"end":{"line":46,"column":58}},"23":{"start":{"line":44,"column":13},"end":{"line":44,"column":32}},"24":{"start":{"line":50,"column":32},"end":{"line":69,"column":1}},"25":{"start":{"line":62,"column":2},"end":{"line":62,"column":18}},"26":{"start":{"line":62,"column":11},"end":{"line":62,"column":18}},"27":{"start":{"line":63,"column":17},"end":{"line":63,"column":19}},"28":{"start":{"line":64,"column":15},"end":{"line":64,"column":48}},"29":{"start":{"line":65,"column":2},"end":{"line":67,"column":5}},"30":{"start":{"line":66,"column":4},"end":{"line":66,"column":60}},"31":{"start":{"line":68,"column":2},"end":{"line":68,"column":60}},"32":{"start":{"line":50,"column":13},"end":{"line":50,"column":32}}},"fnMap":{"0":{"name":"(anonymous_0)","decl":{"start":{"line":6,"column":32},"end":{"line":6,"column":33}},"loc":{"start":{"line":6,"column":67},"end":{"line":24,"column":1}}},"1":{"name":"(anonymous_1)","decl":{"start":{"line":14,"column":22},"end":{"line":14,"column":23}},"loc":{"start":{"line":14,"column":33},"end":{"line":21,"column":3}}},"2":{"name":"(anonymous_2)","decl":{"start":{"line":20,"column":28},"end":{"line":20,"column":31}},"loc":{"start":{"line":20,"column":33},"end":{"line":20,"column":36}}},"3":{"name":"(anonymous_3)","decl":{"start":{"line":26,"column":21},"end":{"line":26,"column":32}},"loc":{"start":{"line":26,"column":34},"end":{"line":31,"column":1}}},"4":{"name":"(anonymous_4)","decl":{"start":{"line":33,"column":36},"end":{"line":33,"column":37}},"loc":{"start":{"line":38,"column":11},"end":{"line":42,"column":1}}},"5":{"name":"(anonymous_5)","decl":{"start":{"line":44,"column":32},"end":{"line":44,"column":33}},"loc":{"start":{"line":44,"column":120},"end":{"line":48,"column":1}}},"6":{"name":"(anonymous_6)","decl":{"start":{"line":50,"column":32},"end":{"line":50,"column":null}},"loc":{"start":{"line":61,"column":10},"end":{"line":69,"column":1}}},"7":{"name":"(anonymous_7)","decl":{"start":{"line":65,"column":27},"end":{"line":65,"column":28}},"loc":{"start":{"line":65,"column":38},"end":{"line":67,"column":3}}}},"branchMap":{"0":{"loc":{"start":{"line":16,"column":4},"end":{"line":18,"column":5}},"type":"if","locations":[{"start":{"line":16,"column":4},"end":{"line":18,"column":5}},{"start":{},"end":{}}]},"1":{"loc":{"start":{"line":27,"column":2},"end":{"line":29,"column":3}},"type":"if","locations":[{"start":{"line":27,"column":2},"end":{"line":29,"column":3}},{"start":{},"end":{}}]},"2":{"loc":{"start":{"line":39,"column":2},"end":{"line":41,"column":3}},"type":"if","locations":[{"start":{"line":39,"column":2},"end":{"line":41,"column":3}},{"start":{},"end":{}}]},"3":{"loc":{"start":{"line":45,"column":2},"end":{"line":47,"column":3}},"type":"if","locations":[{"start":{"line":45,"column":2},"end":{"line":47,"column":3}},{"start":{},"end":{}}]},"4":{"loc":{"start":{"line":62,"column":2},"end":{"line":62,"column":18}},"type":"if","locations":[{"start":{"line":62,"column":2},"end":{"line":62,"column":18}},{"start":{},"end":{}}]}},"s":{"0":2,"1":2,"2":2,"3":0,"4":0,"5":0,"6":0,"7":0,"8":0,"9":0,"10":2,"11":2,"12":0,"13":0,"14":0,"15":2,"16":2,"17":0,"18":0,"19":2,"20":2,"21":0,"22":0,"23":2,"24":2,"25":0,"26":0,"27":0,"28":0,"29":0,"30":0,"31":0,"32":2},"f":{"0":0,"1":0,"2":0,"3":0,"4":0,"5":0,"6":0,"7":0},"b":{"0":[0,0],"1":[0,0],"2":[0,0],"3":[0,0],"4":[0,0]}}
,"C:\\Users\\user\\Documents\\CRM-VERTICAL-SAAS\\src\\utils\\frontend.ts": {"path":"C:\\Users\\user\\Documents\\CRM-VERTICAL-SAAS\\src\\utils\\frontend.ts","statementMap":{"0":{"start":{"line":1,"column":0},"end":{"line":1,"column":31}},"1":{"start":{"line":3,"column":30},"end":{"line":6,"column":1}},"2":{"start":{"line":4,"column":14},"end":{"line":4,"column":89}},"3":{"start":{"line":5,"column":2},"end":{"line":5,"column":32}},"4":{"start":{"line":3,"column":13},"end":{"line":3,"column":30}}},"fnMap":{"0":{"name":"(anonymous_1)","decl":{"start":{"line":3,"column":30},"end":{"line":3,"column":31}},"loc":{"start":{"line":3,"column":60},"end":{"line":6,"column":1}}}},"branchMap":{"0":{"loc":{"start":{"line":4,"column":14},"end":{"line":4,"column":89}},"type":"binary-expr","locations":[{"start":{"line":4,"column":14},"end":{"line":4,"column":22}},{"start":{"line":4,"column":26},"end":{"line":4,"column":45}},{"start":{"line":4,"column":49},"end":{"line":4,"column":62}},{"start":{"line":4,"column":66},"end":{"line":4,"column":89}}]}},"s":{"0":1,"1":1,"2":0,"3":0,"4":1},"f":{"0":0},"b":{"0":[0,0,0,0]}}
,"C:\\Users\\user\\Documents\\CRM-VERTICAL-SAAS\\src\\utils\\tenant.ts": {"path":"C:\\Users\\user\\Documents\\CRM-VERTICAL-SAAS\\src\\utils\\tenant.ts","statementMap":{"0":{"start":{"line":1,"column":0},"end":{"line":1,"column":32}},"1":{"start":{"line":5,"column":39},"end":{"line":10,"column":1}},"2":{"start":{"line":6,"column":25},"end":{"line":6,"column":50}},"3":{"start":{"line":7,"column":2},"end":{"line":7,"column":87}},"4":{"start":{"line":7,"column":75},"end":{"line":7,"column":87}},"5":{"start":{"line":9,"column":2},"end":{"line":9,"column":53}},"6":{"start":{"line":5,"column":13},"end":{"line":5,"column":39}},"7":{"start":{"line":12,"column":35},"end":{"line":20,"column":1}},"8":{"start":{"line":13,"column":25},"end":{"line":13,"column":53}},"9":{"start":{"line":14,"column":2},"end":{"line":17,"column":3}},"10":{"start":{"line":15,"column":4},"end":{"line":15,"column":86}},"11":{"start":{"line":16,"column":4},"end":{"line":16,"column":16}},"12":{"start":{"line":19,"column":2},"end":{"line":19,"column":24}},"13":{"start":{"line":12,"column":13},"end":{"line":12,"column":35}},"14":{"start":{"line":22,"column":27},"end":{"line":25,"column":1}},"15":{"start":{"line":23,"column":25},"end":{"line":23,"column":54}},"16":{"start":{"line":24,"column":2},"end":{"line":24,"column":69}},"17":{"start":{"line":22,"column":13},"end":{"line":22,"column":27}}},"fnMap":{"0":{"name":"(anonymous_1)","decl":{"start":{"line":5,"column":39},"end":{"line":5,"column":40}},"loc":{"start":{"line":5,"column":92},"end":{"line":10,"column":1}}},"1":{"name":"(anonymous_2)","decl":{"start":{"line":12,"column":35},"end":{"line":12,"column":36}},"loc":{"start":{"line":12,"column":103},"end":{"line":20,"column":1}}},"2":{"name":"(anonymous_3)","decl":{"start":{"line":22,"column":27},"end":{"line":22,"column":28}},"loc":{"start":{"line":22,"column":111},"end":{"line":25,"column":1}}}},"branchMap":{"0":{"loc":{"start":{"line":7,"column":2},"end":{"line":7,"column":87}},"type":"if","locations":[{"start":{"line":7,"column":2},"end":{"line":7,"column":87}},{"start":{},"end":{}}]},"1":{"loc":{"start":{"line":7,"column":6},"end":{"line":7,"column":73}},"type":"binary-expr","locations":[{"start":{"line":7,"column":6},"end":{"line":7,"column":21}},{"start":{"line":7,"column":25},"end":{"line":7,"column":73}}]},"2":{"loc":{"start":{"line":14,"column":2},"end":{"line":17,"column":3}},"type":"if","locations":[{"start":{"line":14,"column":2},"end":{"line":17,"column":3}},{"start":{},"end":{}}]},"3":{"loc":{"start":{"line":24,"column":9},"end":{"line":24,"column":68}},"type":"cond-expr","locations":[{"start":{"line":24,"column":26},"end":{"line":24,"column":61}},{"start":{"line":24,"column":64},"end":{"line":24,"column":68}}]}},"s":{"0":8,"1":8,"2":10,"3":10,"4":0,"5":10,"6":8,"7":8,"8":10,"9":10,"10":0,"11":0,"12":10,"13":8,"14":8,"15":0,"16":0,"17":8},"f":{"0":10,"1":10,"2":0},"b":{"0":[0,10],"1":[10,10],"2":[0,10],"3":[0,0]}}
,"C:\\Users\\user\\Documents\\CRM-VERTICAL-SAAS\\tests\\helpers\\featureRouteHarness.ts": {"path":"C:\\Users\\user\\Documents\\CRM-VERTICAL-SAAS\\tests\\helpers\\featureRouteHarness.ts","statementMap":{"0":{"start":{"line":1,"column":0},"end":{"line":1,"column":82}},"1":{"start":{"line":8,"column":34},"end":{"line":24,"column":2}},"2":{"start":{"line":8,"column":41},"end":{"line":24,"column":2}},"3":{"start":{"line":10,"column":4},"end":{"line":13,"column":5}},"4":{"start":{"line":11,"column":6},"end":{"line":11,"column":76}},"5":{"start":{"line":12,"column":6},"end":{"line":12,"column":13}},"6":{"start":{"line":14,"column":5},"end":{"line":14,"column":96}},"7":{"start":{"line":15,"column":4},"end":{"line":15,"column":11}},"8":{"start":{"line":17,"column":37},"end":{"line":23,"column":3}},"9":{"start":{"line":18,"column":4},"end":{"line":21,"column":5}},"10":{"start":{"line":19,"column":6},"end":{"line":19,"column":107}},"11":{"start":{"line":20,"column":6},"end":{"line":20,"column":13}},"12":{"start":{"line":22,"column":4},"end":{"line":22,"column":11}},"13":{"start":{"line":8,"column":13},"end":{"line":8,"column":34}},"14":{"start":{"line":26,"column":34},"end":{"line":27,"column":null}},"15":{"start":{"line":26,"column":52},"end":{"line":27,"column":null}},"16":{"start":{"line":27,"column":2},"end":{"line":27,"column":89}},"17":{"start":{"line":26,"column":13},"end":{"line":26,"column":34}},"18":{"start":{"line":30,"column":25},"end":{"line":35,"column":1}},"19":{"start":{"line":31,"column":14},"end":{"line":31,"column":23}},"20":{"start":{"line":32,"column":2},"end":{"line":32,"column":26}},"21":{"start":{"line":33,"column":2},"end":{"line":33,"column":24}},"22":{"start":{"line":34,"column":2},"end":{"line":34,"column":13}},"23":{"start":{"line":30,"column":13},"end":{"line":30,"column":25}},"24":{"start":{"line":37,"column":29},"end":{"line":37,"column":115}},"25":{"start":{"line":37,"column":68},"end":{"line":37,"column":115}},"26":{"start":{"line":37,"column":13},"end":{"line":37,"column":29}}},"fnMap":{"0":{"name":"(anonymous_1)","decl":{"start":{"line":8,"column":34},"end":{"line":8,"column":37}},"loc":{"start":{"line":8,"column":41},"end":{"line":24,"column":2}}},"1":{"name":"(anonymous_2)","decl":{"start":{"line":9,"column":16},"end":{"line":9,"column":17}},"loc":{"start":{"line":9,"column":68},"end":{"line":16,"column":3}}},"2":{"name":"(anonymous_3)","decl":{"start":{"line":17,"column":13},"end":{"line":17,"column":14}},"loc":{"start":{"line":17,"column":37},"end":{"line":23,"column":3}}},"3":{"name":"(anonymous_4)","decl":{"start":{"line":17,"column":37},"end":{"line":17,"column":38}},"loc":{"start":{"line":17,"column":119},"end":{"line":23,"column":3}}},"4":{"name":"(anonymous_5)","decl":{"start":{"line":26,"column":34},"end":{"line":26,"column":35}},"loc":{"start":{"line":26,"column":52},"end":{"line":27,"column":null}}},"5":{"name":"(anonymous_6)","decl":{"start":{"line":26,"column":60},"end":{"line":26,"column":61}},"loc":{"start":{"line":27,"column":2},"end":{"line":27,"column":89}}},"6":{"name":"(anonymous_7)","decl":{"start":{"line":30,"column":25},"end":{"line":30,"column":26}},"loc":{"start":{"line":30,"column":66},"end":{"line":35,"column":1}}},"7":{"name":"(anonymous_8)","decl":{"start":{"line":37,"column":29},"end":{"line":37,"column":30}},"loc":{"start":{"line":37,"column":68},"end":{"line":37,"column":115}}}},"branchMap":{"0":{"loc":{"start":{"line":10,"column":4},"end":{"line":13,"column":5}},"type":"if","locations":[{"start":{"line":10,"column":4},"end":{"line":13,"column":5}},{"start":{},"end":{}}]},"1":{"loc":{"start":{"line":14,"column":57},"end":{"line":14,"column":93}},"type":"binary-expr","locations":[{"start":{"line":14,"column":57},"end":{"line":14,"column":82}},{"start":{"line":14,"column":86},"end":{"line":14,"column":93}}]},"2":{"loc":{"start":{"line":18,"column":4},"end":{"line":21,"column":5}},"type":"if","locations":[{"start":{"line":18,"column":4},"end":{"line":21,"column":5}},{"start":{},"end":{}}]},"3":{"loc":{"start":{"line":18,"column":8},"end":{"line":18,"column":51}},"type":"binary-expr","locations":[{"start":{"line":18,"column":8},"end":{"line":18,"column":17}},{"start":{"line":18,"column":21},"end":{"line":18,"column":51}}]},"4":{"loc":{"start":{"line":27,"column":13},"end":{"line":27,"column":50}},"type":"cond-expr","locations":[{"start":{"line":27,"column":41},"end":{"line":27,"column":44}},{"start":{"line":27,"column":47},"end":{"line":27,"column":50}}]}},"s":{"0":2,"1":2,"2":2,"3":30,"4":0,"5":0,"6":30,"7":30,"8":4,"9":4,"10":1,"11":1,"12":3,"13":2,"14":2,"15":32,"16":30,"17":2,"18":2,"19":2,"20":2,"21":2,"22":2,"23":2,"24":2,"25":30,"26":2},"f":{"0":2,"1":30,"2":4,"3":4,"4":32,"5":30,"6":2,"7":30},"b":{"0":[0,30],"1":[30,29],"2":[1,3],"3":[4,4],"4":[1,29]}}
}
