TN:
SF:src\config\cloudinary.ts
FNF:0
FNH:0
DA:1,1
DA:2,1
DA:4,1
DA:10,1
LF:4
LH:4
BRF:0
BRH:0
end_of_record
TN:
SF:src\config\index.ts
FNF:0
FNH:0
DA:5,2
DA:6,2
DA:8,2
DA:18,2
DA:19,16
DA:20,0
DA:21,0
DA:29,2
DA:56,2
LF:9
LH:7
BRDA:19,0,0,0
BRDA:19,0,1,16
BRDA:33,1,0,2
BRDA:33,1,1,0
BRDA:47,2,0,2
BRDA:47,2,1,0
BRDA:52,3,0,2
BRDA:52,3,1,0
BRF:8
BRH:4
end_of_record
TN:
SF:src\controllers\authController.ts
FN:37,(anonymous_1)
FN:42,(anonymous_2)
FN:52,(anonymous_3)
FN:56,(anonymous_4)
FN:63,(anonymous_5)
FN:64,(anonymous_6)
FN:72,(anonymous_7)
FN:81,(anonymous_8)
FN:85,(anonymous_9)
FN:89,(anonymous_10)
FN:94,(anonymous_11)
FN:98,(anonymous_12)
FN:134,(anonymous_13)
FN:218,(anonymous_14)
FN:325,(anonymous_15)
FN:382,(anonymous_16)
FN:470,(anonymous_17)
FN:511,(anonymous_18)
FN:553,(anonymous_19)
FN:581,(anonymous_20)
FN:658,(anonymous_21)
FN:667,(anonymous_22)
FN:735,(anonymous_23)
FN:818,(anonymous_24)
FNF:24
FNH:19
FNDA:2,(anonymous_1)
FNDA:2,(anonymous_2)
FNDA:7,(anonymous_3)
FNDA:2,(anonymous_4)
FNDA:1,(anonymous_5)
FNDA:4,(anonymous_6)
FNDA:0,(anonymous_7)
FNDA:3,(anonymous_8)
FNDA:3,(anonymous_9)
FNDA:21,(anonymous_10)
FNDA:1,(anonymous_11)
FNDA:2,(anonymous_12)
FNDA:5,(anonymous_13)
FNDA:4,(anonymous_14)
FNDA:3,(anonymous_15)
FNDA:3,(anonymous_16)
FNDA:0,(anonymous_17)
FNDA:0,(anonymous_18)
FNDA:0,(anonymous_19)
FNDA:0,(anonymous_20)
FNDA:1,(anonymous_21)
FNDA:3,(anonymous_22)
FNDA:3,(anonymous_23)
FNDA:3,(anonymous_24)
DA:3,1
DA:4,1
DA:5,1
DA:6,1
DA:7,1
DA:8,1
DA:9,1
DA:11,1
DA:12,1
DA:13,1
DA:14,1
DA:15,1
DA:16,1
DA:18,1
DA:25,1
DA:32,1
DA:37,1
DA:38,2
DA:39,2
DA:42,2
DA:52,1
DA:53,7
DA:56,1
DA:57,2
DA:58,2
DA:59,2
DA:60,2
DA:63,1
DA:64,1
DA:65,4
DA:68,1
DA:69,1
DA:72,1
DA:73,0
DA:78,0
DA:81,1
DA:82,3
DA:85,1
DA:86,3
DA:89,1
DA:90,21
DA:91,21
DA:94,1
DA:95,1
DA:98,1
DA:99,2
DA:100,2
DA:105,2
DA:106,1
DA:109,1
DA:111,1
DA:116,1
DA:122,1
DA:123,1
DA:134,1
DA:135,5
DA:136,5
DA:137,5
DA:138,5
DA:139,5
DA:141,5
DA:142,1
DA:146,1
DA:149,4
DA:150,1
DA:154,1
DA:157,3
DA:158,1
DA:162,1
DA:165,2
DA:166,2
DA:167,1
DA:171,1
DA:174,1
DA:175,1
DA:180,1
DA:189,1
DA:190,1
DA:191,1
DA:192,1
DA:193,1
DA:195,1
DA:197,1
DA:205,0
DA:206,0
DA:218,1
DA:219,4
DA:220,4
DA:221,4
DA:223,4
DA:224,0
DA:228,0
DA:231,4
DA:232,4
DA:233,1
DA:237,1
DA:240,3
DA:241,1
DA:242,1
DA:247,1
DA:250,2
DA:256,2
DA:257,1
DA:258,1
DA:262,1
DA:265,1
DA:266,0
DA:267,0
DA:268,0
DA:269,0
DA:273,0
DA:276,1
DA:277,0
DA:278,0
DA:279,0
DA:281,0
DA:282,0
DA:283,0
DA:287,0
DA:290,1
DA:291,1
DA:293,1
DA:294,1
DA:296,1
DA:298,1
DA:305,1
DA:307,1
DA:313,0
DA:314,0
DA:325,1
DA:326,3
DA:327,3
DA:328,3
DA:330,3
DA:331,1
DA:335,1
DA:338,2
DA:340,2
DA:341,1
DA:342,1
DA:346,1
DA:349,1
DA:350,1
DA:351,1
DA:353,1
DA:354,1
DA:358,1
DA:362,0
DA:368,0
DA:369,0
DA:382,1
DA:383,3
DA:384,3
DA:385,3
DA:387,3
DA:388,1
DA:392,1
DA:395,2
DA:397,2
DA:398,0
DA:402,0
DA:405,2
DA:407,2
DA:408,1
DA:412,1
DA:415,1
DA:417,1
DA:424,1
DA:426,1
DA:427,1
DA:443,1
DA:446,0
DA:463,0
DA:470,1
DA:471,0
DA:472,0
DA:473,0
DA:475,0
DA:477,0
DA:478,0
DA:482,0
DA:485,0
DA:499,0
DA:511,1
DA:512,0
DA:513,0
DA:515,0
DA:516,0
DA:518,0
DA:524,0
DA:525,0
DA:529,0
DA:532,0
DA:546,0
DA:553,1
DA:554,0
DA:555,0
DA:556,0
DA:560,0
DA:563,0
DA:564,0
DA:572,0
DA:574,0
DA:581,1
DA:582,0
DA:583,0
DA:585,0
DA:586,0
DA:590,0
DA:593,0
DA:594,0
DA:596,0
DA:598,0
DA:600,0
DA:601,0
DA:605,0
DA:608,0
DA:609,0
DA:611,0
DA:613,0
DA:614,0
DA:615,0
DA:620,0
DA:630,0
DA:631,0
DA:632,0
DA:633,0
DA:636,0
DA:638,0
DA:645,0
DA:647,0
DA:649,0
DA:651,0
DA:658,1
DA:659,1
DA:660,1
DA:667,1
DA:668,3
DA:669,3
DA:670,3
DA:672,3
DA:673,1
DA:677,1
DA:680,2
DA:682,2
DA:683,1
DA:684,1
DA:689,1
DA:690,1
DA:695,1
DA:698,0
DA:699,0
DA:701,0
DA:706,0
DA:712,0
DA:715,1
DA:721,0
DA:722,0
DA:735,1
DA:736,3
DA:737,3
DA:738,3
DA:740,3
DA:741,1
DA:745,1
DA:748,2
DA:749,2
DA:750,0
DA:754,0
DA:757,2
DA:763,2
DA:764,1
DA:768,1
DA:771,1
DA:772,0
DA:773,0
DA:774,0
DA:778,0
DA:781,1
DA:782,0
DA:783,0
DA:784,0
DA:786,0
DA:787,0
DA:791,0
DA:794,1
DA:795,1
DA:796,1
DA:797,1
DA:799,1
DA:805,0
DA:806,0
DA:818,1
DA:819,3
DA:820,3
DA:822,3
DA:823,1
DA:827,1
DA:830,2
DA:836,2
DA:837,1
DA:841,1
DA:844,1
DA:845,1
DA:846,0
DA:850,0
DA:853,1
DA:854,1
DA:856,1
DA:857,1
DA:859,1
DA:865,0
DA:866,0
LF:313
LH:205
BRDA:38,0,0,2
BRDA:38,0,1,0
BRDA:39,1,0,2
BRDA:39,1,1,0
BRDA:39,2,0,0
BRDA:39,2,1,0
BRDA:91,3,0,21
BRDA:91,3,1,3
BRDA:105,4,0,1
BRDA:105,4,1,1
BRDA:138,5,0,5
BRDA:138,5,1,1
BRDA:139,6,0,5
BRDA:139,6,1,1
BRDA:139,6,2,1
BRDA:141,7,0,1
BRDA:141,7,1,4
BRDA:141,8,0,5
BRDA:141,8,1,4
BRDA:149,9,0,1
BRDA:149,9,1,3
BRDA:157,10,0,1
BRDA:157,10,1,2
BRDA:166,11,0,1
BRDA:166,11,1,1
BRDA:199,12,0,1
BRDA:199,12,1,0
BRDA:223,13,0,0
BRDA:223,13,1,4
BRDA:223,14,0,4
BRDA:223,14,1,4
BRDA:232,15,0,1
BRDA:232,15,1,3
BRDA:240,16,0,1
BRDA:240,16,1,2
BRDA:256,17,0,1
BRDA:256,17,1,1
BRDA:265,18,0,0
BRDA:265,18,1,1
BRDA:276,19,0,0
BRDA:276,19,1,1
BRDA:278,20,0,0
BRDA:278,20,1,0
BRDA:330,21,0,1
BRDA:330,21,1,2
BRDA:340,22,0,1
BRDA:340,22,1,1
BRDA:349,23,0,1
BRDA:349,23,1,0
BRDA:353,24,0,1
BRDA:353,24,1,0
BRDA:387,25,0,1
BRDA:387,25,1,2
BRDA:387,26,0,3
BRDA:387,26,1,3
BRDA:397,27,0,0
BRDA:397,27,1,2
BRDA:407,28,0,1
BRDA:407,28,1,1
BRDA:426,29,0,1
BRDA:426,29,1,0
BRDA:473,30,0,0
BRDA:473,30,1,0
BRDA:477,31,0,0
BRDA:477,31,1,0
BRDA:516,32,0,0
BRDA:516,32,1,0
BRDA:524,33,0,0
BRDA:524,33,1,0
BRDA:555,34,0,0
BRDA:555,34,1,0
BRDA:555,35,0,0
BRDA:555,35,1,0
BRDA:585,36,0,0
BRDA:585,36,1,0
BRDA:585,37,0,0
BRDA:585,37,1,0
BRDA:600,38,0,0
BRDA:600,38,1,0
BRDA:600,39,0,0
BRDA:600,39,1,0
BRDA:609,40,0,0
BRDA:609,40,1,0
BRDA:613,41,0,0
BRDA:613,41,1,0
BRDA:672,42,0,1
BRDA:672,42,1,2
BRDA:682,43,0,1
BRDA:682,43,1,1
BRDA:689,44,0,1
BRDA:689,44,1,0
BRDA:740,45,0,1
BRDA:740,45,1,2
BRDA:740,46,0,3
BRDA:740,46,1,3
BRDA:749,47,0,0
BRDA:749,47,1,2
BRDA:763,48,0,1
BRDA:763,48,1,1
BRDA:771,49,0,0
BRDA:771,49,1,1
BRDA:781,50,0,0
BRDA:781,50,1,1
BRDA:783,51,0,0
BRDA:783,51,1,0
BRDA:822,52,0,1
BRDA:822,52,1,2
BRDA:822,53,0,3
BRDA:822,53,1,2
BRDA:836,54,0,1
BRDA:836,54,1,1
BRDA:845,55,0,0
BRDA:845,55,1,1
BRF:113
BRH:68
end_of_record
TN:
SF:src\controllers\companyController.ts
FN:24,(anonymous_1)
FN:31,(anonymous_2)
FN:57,(anonymous_3)
FN:61,(anonymous_4)
FN:68,(anonymous_5)
FN:80,(anonymous_6)
FN:85,(anonymous_7)
FN:86,(anonymous_8)
FN:89,(anonymous_9)
FN:95,(anonymous_10)
FN:150,(anonymous_11)
FN:201,(anonymous_12)
FN:230,(anonymous_13)
FN:240,(anonymous_14)
FN:244,(anonymous_15)
FN:245,(anonymous_16)
FN:246,(anonymous_17)
FN:255,(anonymous_18)
FN:293,(anonymous_19)
FN:370,(anonymous_20)
FN:412,(anonymous_21)
FN:446,(anonymous_22)
FN:475,(anonymous_23)
FN:506,(anonymous_24)
FN:537,(anonymous_25)
FN:569,(anonymous_26)
FN:602,(anonymous_27)
FN:611,(anonymous_28)
FNF:28
FNH:7
FNDA:0,(anonymous_1)
FNDA:0,(anonymous_2)
FNDA:0,(anonymous_3)
FNDA:0,(anonymous_4)
FNDA:0,(anonymous_5)
FNDA:0,(anonymous_6)
FNDA:0,(anonymous_7)
FNDA:0,(anonymous_8)
FNDA:0,(anonymous_9)
FNDA:0,(anonymous_10)
FNDA:1,(anonymous_11)
FNDA:0,(anonymous_12)
FNDA:0,(anonymous_13)
FNDA:0,(anonymous_14)
FNDA:0,(anonymous_15)
FNDA:0,(anonymous_16)
FNDA:0,(anonymous_17)
FNDA:0,(anonymous_18)
FNDA:1,(anonymous_19)
FNDA:1,(anonymous_20)
FNDA:1,(anonymous_21)
FNDA:1,(anonymous_22)
FNDA:1,(anonymous_23)
FNDA:1,(anonymous_24)
FNDA:0,(anonymous_25)
FNDA:0,(anonymous_26)
FNDA:0,(anonymous_27)
FNDA:0,(anonymous_28)
DA:2,1
DA:3,1
DA:4,1
DA:5,1
DA:7,1
DA:24,1
DA:31,1
DA:35,0
DA:37,0
DA:55,0
DA:57,0
DA:58,0
DA:61,0
DA:62,0
DA:63,0
DA:64,0
DA:65,0
DA:68,0
DA:69,0
DA:70,0
DA:71,0
DA:72,0
DA:73,0
DA:74,0
DA:77,0
DA:80,1
DA:84,0
DA:85,0
DA:86,0
DA:87,0
DA:89,0
DA:95,1
DA:96,0
DA:97,0
DA:99,0
DA:100,0
DA:102,0
DA:104,0
DA:105,0
DA:112,0
DA:113,0
DA:115,0
DA:117,0
DA:127,0
DA:129,0
DA:141,0
DA:143,0
DA:150,1
DA:151,1
DA:152,1
DA:154,1
DA:155,1
DA:159,1
DA:162,0
DA:163,0
DA:165,0
DA:169,0
DA:170,0
DA:174,0
DA:177,0
DA:179,0
DA:181,0
DA:201,1
DA:202,0
DA:203,0
DA:204,0
DA:205,0
DA:207,0
DA:208,0
DA:209,0
DA:211,0
DA:212,0
DA:213,0
DA:214,0
DA:216,0
DA:218,0
DA:221,0
DA:222,0
DA:223,0
DA:224,0
DA:227,0
DA:228,0
DA:229,0
DA:230,0
DA:231,0
DA:232,0
DA:233,0
DA:236,0
DA:239,0
DA:240,0
DA:242,0
DA:244,0
DA:245,0
DA:246,0
DA:247,0
DA:248,0
DA:250,0
DA:255,1
DA:256,0
DA:257,0
DA:259,0
DA:260,0
DA:262,0
DA:275,0
DA:277,0
DA:280,0
DA:284,0
DA:286,0
DA:293,1
DA:294,1
DA:295,1
DA:296,1
DA:298,1
DA:299,1
DA:303,1
DA:306,0
DA:308,0
DA:309,0
DA:313,0
DA:316,0
DA:317,0
DA:319,0
DA:320,0
DA:321,0
DA:322,0
DA:323,0
DA:326,0
DA:340,0
DA:341,0
DA:342,0
DA:343,0
DA:346,0
DA:352,0
DA:370,1
DA:371,1
DA:372,1
DA:373,1
DA:375,1
DA:376,1
DA:380,1
DA:383,0
DA:384,0
DA:386,0
DA:393,0
DA:394,0
DA:398,0
DA:401,0
DA:403,0
DA:405,0
DA:412,1
DA:413,1
DA:414,1
DA:416,1
DA:417,1
DA:421,1
DA:424,0
DA:425,0
DA:427,0
DA:429,0
DA:430,0
DA:434,0
DA:437,0
DA:439,0
DA:446,1
DA:447,1
DA:448,1
DA:450,1
DA:451,1
DA:455,1
DA:458,0
DA:459,0
DA:461,0
DA:466,0
DA:468,0
DA:475,1
DA:476,1
DA:477,1
DA:479,1
DA:480,1
DA:484,1
DA:487,0
DA:488,0
DA:490,0
DA:497,0
DA:499,0
DA:506,1
DA:507,1
DA:508,1
DA:510,1
DA:511,1
DA:515,1
DA:518,0
DA:519,0
DA:521,0
DA:522,0
DA:524,0
DA:530,0
DA:537,1
DA:538,0
DA:539,0
DA:541,0
DA:542,0
DA:544,0
DA:546,0
DA:547,0
DA:550,0
DA:556,0
DA:562,0
DA:569,1
DA:570,0
DA:571,0
DA:573,0
DA:574,0
DA:576,0
DA:581,0
DA:582,0
DA:583,0
DA:584,0
DA:585,0
DA:588,0
DA:602,0
DA:603,0
DA:604,0
DA:605,0
DA:606,0
DA:608,0
DA:611,0
DA:612,0
DA:627,0
DA:629,0
DA:630,0
DA:631,0
DA:633,0
LF:233
LH:57
BRDA:35,0,0,0
BRDA:35,0,1,0
BRDA:63,1,0,0
BRDA:63,1,1,0
BRDA:70,2,0,0
BRDA:70,2,1,0
BRDA:91,3,0,0
BRDA:91,3,1,0
BRDA:97,4,0,0
BRDA:97,5,0,0
BRDA:100,6,0,0
BRDA:100,6,1,0
BRDA:104,7,0,0
BRDA:104,7,1,0
BRDA:112,8,0,0
BRDA:112,8,1,0
BRDA:113,9,0,0
BRDA:113,9,1,0
BRDA:154,10,0,1
BRDA:154,10,1,0
BRDA:163,11,0,0
BRDA:163,11,1,0
BRDA:169,12,0,0
BRDA:169,12,1,0
BRDA:211,13,0,0
BRDA:211,13,1,0
BRDA:212,14,0,0
BRDA:212,14,1,0
BRDA:212,15,0,0
BRDA:212,15,1,0
BRDA:221,16,0,0
BRDA:221,16,1,0
BRDA:221,17,0,0
BRDA:221,17,1,0
BRDA:227,18,0,0
BRDA:227,18,1,0
BRDA:227,19,0,0
BRDA:227,19,1,0
BRDA:227,19,2,0
BRDA:228,20,0,0
BRDA:228,20,1,0
BRDA:228,21,0,0
BRDA:228,21,1,0
BRDA:230,22,0,0
BRDA:230,22,1,0
BRDA:240,23,0,0
BRDA:240,23,1,0
BRDA:242,24,0,0
BRDA:242,24,1,0
BRDA:247,25,0,0
BRDA:247,25,1,0
BRDA:248,26,0,0
BRDA:248,26,1,0
BRDA:260,27,0,0
BRDA:260,27,1,0
BRDA:271,28,0,0
BRDA:271,28,1,0
BRDA:280,29,0,0
BRDA:280,29,1,0
BRDA:281,30,0,0
BRDA:281,30,1,0
BRDA:296,31,0,0
BRDA:296,31,1,1
BRDA:298,32,0,1
BRDA:298,32,1,0
BRDA:308,33,0,0
BRDA:308,33,1,0
BRDA:321,34,0,0
BRDA:321,34,1,0
BRDA:335,35,0,0
BRDA:335,35,1,0
BRDA:341,36,0,0
BRDA:341,36,1,0
BRDA:349,37,0,0
BRDA:349,37,1,0
BRDA:375,38,0,1
BRDA:375,38,1,0
BRDA:384,39,0,0
BRDA:384,39,1,0
BRDA:393,40,0,0
BRDA:393,40,1,0
BRDA:401,41,0,0
BRDA:401,41,1,0
BRDA:416,42,0,1
BRDA:416,42,1,0
BRDA:425,43,0,0
BRDA:425,43,1,0
BRDA:429,44,0,0
BRDA:429,44,1,0
BRDA:450,45,0,1
BRDA:450,45,1,0
BRDA:459,46,0,0
BRDA:459,46,1,0
BRDA:479,47,0,1
BRDA:479,47,1,0
BRDA:488,48,0,0
BRDA:488,48,1,0
BRDA:510,49,0,1
BRDA:510,49,1,0
BRDA:519,50,0,0
BRDA:519,50,1,0
BRDA:522,51,0,0
BRDA:522,51,1,0
BRDA:542,52,0,0
BRDA:542,52,1,0
BRDA:546,53,0,0
BRDA:546,53,1,0
BRDA:571,54,0,0
BRDA:574,55,0,0
BRDA:574,55,1,0
BRDA:581,56,0,0
BRDA:581,56,1,0
BRDA:603,57,0,0
BRDA:603,57,1,0
BRDA:603,58,0,0
BRDA:603,58,1,0
BRDA:605,59,0,0
BRDA:605,59,1,0
BRDA:605,60,0,0
BRDA:605,60,1,0
BRDA:605,60,2,0
BRF:121
BRH:8
end_of_record
TN:
SF:src\controllers\contactController.ts
FN:29,(anonymous_1)
FN:98,(anonymous_2)
FN:126,(anonymous_3)
FN:179,(anonymous_4)
FN:264,(anonymous_5)
FN:321,(anonymous_6)
FN:359,(anonymous_7)
FN:393,(anonymous_8)
FN:428,(anonymous_9)
FN:463,(anonymous_10)
FN:500,(anonymous_11)
FN:509,(anonymous_12)
FN:547,(anonymous_13)
FN:576,(anonymous_14)
FN:586,(anonymous_15)
FN:590,(anonymous_16)
FN:591,(anonymous_17)
FN:592,(anonymous_18)
FN:602,(anonymous_19)
FN:606,(anonymous_20)
FN:610,(anonymous_21)
FN:618,(anonymous_22)
FNF:22
FNH:8
FNDA:0,(anonymous_1)
FNDA:0,(anonymous_2)
FNDA:2,(anonymous_3)
FNDA:4,(anonymous_4)
FNDA:1,(anonymous_5)
FNDA:1,(anonymous_6)
FNDA:1,(anonymous_7)
FNDA:1,(anonymous_8)
FNDA:1,(anonymous_9)
FNDA:0,(anonymous_10)
FNDA:0,(anonymous_11)
FNDA:0,(anonymous_12)
FNDA:0,(anonymous_13)
FNDA:0,(anonymous_14)
FNDA:0,(anonymous_15)
FNDA:0,(anonymous_16)
FNDA:0,(anonymous_17)
FNDA:0,(anonymous_18)
FNDA:0,(anonymous_19)
FNDA:0,(anonymous_20)
FNDA:0,(anonymous_21)
FNDA:1,(anonymous_22)
DA:6,1
DA:7,1
DA:8,1
DA:9,1
DA:10,1
DA:12,1
DA:29,1
DA:30,0
DA:39,0
DA:41,0
DA:42,0
DA:44,0
DA:46,0
DA:47,0
DA:55,0
DA:56,0
DA:57,0
DA:58,0
DA:60,0
DA:62,0
DA:73,0
DA:85,0
DA:87,0
DA:98,1
DA:99,0
DA:100,0
DA:101,0
DA:103,0
DA:109,0
DA:115,0
DA:126,1
DA:127,2
DA:128,2
DA:130,2
DA:131,2
DA:135,2
DA:138,0
DA:139,0
DA:141,0
DA:146,0
DA:147,0
DA:151,0
DA:154,0
DA:156,0
DA:179,1
DA:180,4
DA:190,4
DA:192,4
DA:193,3
DA:197,3
DA:200,1
DA:201,1
DA:205,1
DA:208,0
DA:209,0
DA:211,0
DA:224,0
DA:226,0
DA:230,0
DA:232,0
DA:233,0
DA:237,0
DA:240,0
DA:264,1
DA:265,1
DA:266,1
DA:267,1
DA:269,1
DA:270,1
DA:274,1
DA:277,0
DA:279,0
DA:280,0
DA:281,0
DA:282,0
DA:285,0
DA:286,0
DA:289,0
DA:290,0
DA:292,0
DA:300,0
DA:301,0
DA:305,0
DA:308,0
DA:310,0
DA:321,1
DA:322,1
DA:323,1
DA:325,1
DA:326,1
DA:330,1
DA:333,0
DA:334,0
DA:336,0
DA:338,0
DA:339,0
DA:343,0
DA:346,0
DA:348,0
DA:359,1
DA:360,1
DA:361,1
DA:363,1
DA:364,1
DA:368,1
DA:371,0
DA:372,0
DA:374,0
DA:380,0
DA:382,0
DA:393,1
DA:394,1
DA:395,1
DA:397,1
DA:398,1
DA:402,1
DA:405,0
DA:406,0
DA:408,0
DA:415,0
DA:417,0
DA:428,1
DA:429,1
DA:430,1
DA:432,1
DA:433,1
DA:437,1
DA:440,0
DA:441,0
DA:443,0
DA:450,0
DA:452,0
DA:463,1
DA:464,0
DA:465,0
DA:467,0
DA:468,0
DA:470,0
DA:476,0
DA:477,0
DA:478,0
DA:479,0
DA:480,0
DA:483,0
DA:500,0
DA:501,0
DA:502,0
DA:503,0
DA:504,0
DA:506,0
DA:509,0
DA:510,0
DA:528,0
DA:530,0
DA:531,0
DA:532,0
DA:534,0
DA:543,1
DA:547,1
DA:548,0
DA:549,0
DA:550,0
DA:551,0
DA:553,0
DA:554,0
DA:555,0
DA:557,0
DA:558,0
DA:559,0
DA:560,0
DA:562,0
DA:564,0
DA:567,0
DA:568,0
DA:569,0
DA:570,0
DA:573,0
DA:574,0
DA:575,0
DA:576,0
DA:577,0
DA:578,0
DA:579,0
DA:582,0
DA:585,0
DA:586,0
DA:588,0
DA:590,0
DA:591,0
DA:592,0
DA:593,0
DA:594,0
DA:595,0
DA:597,0
DA:602,1
DA:603,0
DA:604,0
DA:606,0
DA:610,1
DA:611,0
DA:618,1
DA:619,1
DA:620,1
DA:621,1
DA:623,1
DA:624,1
DA:628,1
DA:631,0
DA:633,0
DA:634,0
DA:638,0
DA:641,0
DA:642,0
DA:644,0
DA:645,0
DA:646,0
DA:647,0
DA:648,0
DA:651,0
DA:652,0
DA:653,0
DA:656,0
DA:670,0
DA:671,0
DA:672,0
DA:673,0
DA:676,0
DA:682,0
LF:228
LH:66
BRDA:32,0,0,0
BRDA:33,1,0,0
BRDA:42,2,0,0
BRDA:42,2,1,0
BRDA:46,3,0,0
BRDA:46,3,1,0
BRDA:55,4,0,0
BRDA:55,4,1,0
BRDA:56,5,0,0
BRDA:56,5,1,0
BRDA:57,6,0,0
BRDA:57,6,1,0
BRDA:58,7,0,0
BRDA:58,7,1,0
BRDA:101,8,0,0
BRDA:101,8,1,0
BRDA:130,9,0,2
BRDA:130,9,1,0
BRDA:139,10,0,0
BRDA:139,10,1,0
BRDA:146,11,0,0
BRDA:146,11,1,0
BRDA:192,12,0,3
BRDA:192,12,1,1
BRDA:192,13,0,4
BRDA:192,13,1,2
BRDA:200,14,0,1
BRDA:200,14,1,0
BRDA:200,15,0,1
BRDA:200,15,1,1
BRDA:209,16,0,0
BRDA:209,16,1,0
BRDA:217,17,0,0
BRDA:217,17,1,0
BRDA:218,18,0,0
BRDA:218,18,1,0
BRDA:219,19,0,0
BRDA:219,19,1,0
BRDA:220,20,0,0
BRDA:220,20,1,0
BRDA:232,21,0,0
BRDA:232,21,1,0
BRDA:269,22,0,1
BRDA:269,22,1,0
BRDA:279,23,0,0
BRDA:279,23,1,0
BRDA:281,24,0,0
BRDA:281,24,1,0
BRDA:285,25,0,0
BRDA:285,25,1,0
BRDA:290,26,0,0
BRDA:290,26,1,0
BRDA:300,27,0,0
BRDA:300,27,1,0
BRDA:325,28,0,1
BRDA:325,28,1,0
BRDA:334,29,0,0
BRDA:334,29,1,0
BRDA:338,30,0,0
BRDA:338,30,1,0
BRDA:363,31,0,1
BRDA:363,31,1,0
BRDA:372,32,0,0
BRDA:372,32,1,0
BRDA:397,33,0,1
BRDA:397,33,1,0
BRDA:406,34,0,0
BRDA:406,34,1,0
BRDA:432,35,0,1
BRDA:432,35,1,0
BRDA:441,36,0,0
BRDA:441,36,1,0
BRDA:465,37,0,0
BRDA:468,38,0,0
BRDA:468,38,1,0
BRDA:476,39,0,0
BRDA:476,39,1,0
BRDA:501,40,0,0
BRDA:501,40,1,0
BRDA:501,41,0,0
BRDA:501,41,1,0
BRDA:503,42,0,0
BRDA:503,42,1,0
BRDA:503,43,0,0
BRDA:503,43,1,0
BRDA:503,43,2,0
BRDA:557,44,0,0
BRDA:557,44,1,0
BRDA:558,45,0,0
BRDA:558,45,1,0
BRDA:558,46,0,0
BRDA:558,46,1,0
BRDA:567,47,0,0
BRDA:567,47,1,0
BRDA:567,48,0,0
BRDA:567,48,1,0
BRDA:573,49,0,0
BRDA:573,49,1,0
BRDA:573,50,0,0
BRDA:573,50,1,0
BRDA:573,50,2,0
BRDA:574,51,0,0
BRDA:574,51,1,0
BRDA:574,52,0,0
BRDA:574,52,1,0
BRDA:576,53,0,0
BRDA:576,53,1,0
BRDA:586,54,0,0
BRDA:586,54,1,0
BRDA:588,55,0,0
BRDA:588,55,1,0
BRDA:593,56,0,0
BRDA:593,56,1,0
BRDA:594,57,0,0
BRDA:594,57,1,0
BRDA:595,58,0,0
BRDA:595,58,1,0
BRDA:603,59,0,0
BRDA:603,59,1,0
BRDA:611,60,0,0
BRDA:611,60,1,0
BRDA:611,61,0,0
BRDA:611,61,1,0
BRDA:611,61,2,0
BRDA:621,62,0,0
BRDA:621,62,1,1
BRDA:623,63,0,1
BRDA:623,63,1,0
BRDA:633,64,0,0
BRDA:633,64,1,0
BRDA:646,65,0,0
BRDA:646,65,1,0
BRDA:646,66,0,0
BRDA:646,66,1,0
BRDA:651,67,0,0
BRDA:651,67,1,0
BRDA:651,68,0,0
BRDA:651,68,1,0
BRDA:662,69,0,0
BRDA:662,69,1,0
BRDA:665,70,0,0
BRDA:665,70,1,0
BRDA:671,71,0,0
BRDA:671,71,1,0
BRDA:679,72,0,0
BRDA:679,72,1,0
BRF:146
BRH:15
end_of_record
TN:
SF:src\controllers\dealController.ts
FN:22,(anonymous_10)
FN:28,(anonymous_11)
FN:33,(anonymous_12)
FN:99,(anonymous_13)
FN:125,(anonymous_14)
FN:176,(anonymous_15)
FN:291,(anonymous_16)
FN:437,(anonymous_17)
FN:471,(anonymous_18)
FN:501,(anonymous_19)
FN:513,(anonymous_20)
FN:533,(anonymous_21)
FN:557,(anonymous_22)
FN:584,(anonymous_23)
FN:717,(anonymous_24)
FN:785,(anonymous_25)
FNF:16
FNH:3
FNDA:0,(anonymous_10)
FNDA:1,(anonymous_11)
FNDA:0,(anonymous_12)
FNDA:0,(anonymous_13)
FNDA:1,(anonymous_14)
FNDA:1,(anonymous_15)
FNDA:0,(anonymous_16)
FNDA:0,(anonymous_17)
FNDA:0,(anonymous_18)
FNDA:0,(anonymous_19)
FNDA:0,(anonymous_20)
FNDA:0,(anonymous_21)
FNDA:0,(anonymous_22)
FNDA:0,(anonymous_23)
FNDA:0,(anonymous_24)
FNDA:0,(anonymous_25)
DA:2,1
DA:3,1
DA:4,1
DA:5,1
DA:6,1
DA:7,1
DA:9,1
DA:10,1
DA:22,1
DA:23,0
DA:24,0
DA:25,0
DA:28,1
DA:29,1
DA:30,1
DA:33,1
DA:34,0
DA:43,0
DA:45,0
DA:46,0
DA:48,0
DA:50,0
DA:51,0
DA:58,0
DA:59,0
DA:60,0
DA:61,0
DA:63,0
DA:65,0
DA:78,0
DA:90,0
DA:92,0
DA:99,1
DA:100,0
DA:101,0
DA:102,0
DA:104,0
DA:112,0
DA:118,0
DA:125,1
DA:126,1
DA:127,1
DA:129,1
DA:130,1
DA:134,1
DA:137,0
DA:138,0
DA:140,0
DA:147,0
DA:148,0
DA:152,0
DA:155,0
DA:157,0
DA:176,1
DA:177,1
DA:188,1
DA:190,1
DA:191,1
DA:194,1
DA:198,1
DA:199,1
DA:203,1
DA:206,0
DA:212,0
DA:213,0
DA:217,0
DA:220,0
DA:221,0
DA:225,0
DA:228,0
DA:229,0
DA:233,0
DA:236,0
DA:251,0
DA:253,0
DA:259,0
DA:260,0
DA:269,0
DA:271,0
DA:291,1
DA:292,0
DA:293,0
DA:294,0
DA:296,0
DA:297,0
DA:301,0
DA:304,0
DA:306,0
DA:307,0
DA:310,0
DA:311,0
DA:312,0
DA:313,0
DA:316,0
DA:317,0
DA:318,0
DA:319,0
DA:322,0
DA:323,0
DA:324,0
DA:325,0
DA:328,0
DA:329,0
DA:331,0
DA:332,0
DA:333,0
DA:337,0
DA:340,0
DA:341,0
DA:345,0
DA:348,0
DA:350,0
DA:351,0
DA:352,0
DA:353,0
DA:357,0
DA:360,0
DA:361,0
DA:362,0
DA:363,0
DA:364,0
DA:366,0
DA:367,0
DA:368,0
DA:372,0
DA:373,0
DA:374,0
DA:375,0
DA:378,0
DA:388,0
DA:389,0
DA:393,0
DA:396,0
DA:397,0
DA:406,0
DA:407,0
DA:420,0
DA:428,0
DA:430,0
DA:437,1
DA:438,0
DA:439,0
DA:441,0
DA:442,0
DA:446,0
DA:449,0
DA:450,0
DA:452,0
DA:454,0
DA:455,0
DA:459,0
DA:462,0
DA:464,0
DA:471,1
DA:472,0
DA:473,0
DA:475,0
DA:476,0
DA:480,0
DA:483,0
DA:484,0
DA:486,0
DA:492,0
DA:494,0
DA:501,1
DA:502,0
DA:503,0
DA:505,0
DA:506,0
DA:510,0
DA:513,0
DA:514,0
DA:515,0
DA:517,0
DA:524,0
DA:526,0
DA:533,1
DA:534,0
DA:535,0
DA:537,0
DA:538,0
DA:542,0
DA:545,0
DA:546,0
DA:548,0
DA:549,0
DA:550,0
DA:554,0
DA:557,0
DA:558,0
DA:564,0
DA:577,0
DA:584,1
DA:585,0
DA:586,0
DA:587,0
DA:588,0
DA:590,0
DA:591,0
DA:595,0
DA:598,0
DA:599,0
DA:603,0
DA:606,0
DA:607,0
DA:609,0
DA:614,0
DA:615,0
DA:619,0
DA:622,0
DA:623,0
DA:627,0
DA:630,0
DA:631,0
DA:635,0
DA:638,0
DA:639,0
DA:640,0
DA:641,0
DA:642,0
DA:644,0
DA:645,0
DA:646,0
DA:650,0
DA:651,0
DA:652,0
DA:654,0
DA:655,0
DA:670,0
DA:686,0
DA:687,0
DA:691,0
DA:694,0
DA:695,0
DA:703,0
DA:705,0
DA:717,1
DA:718,0
DA:719,0
DA:721,0
DA:722,0
DA:726,0
DA:729,0
DA:730,0
DA:734,0
DA:737,0
DA:738,0
DA:740,0
DA:741,0
DA:742,0
DA:746,0
DA:749,0
DA:750,0
DA:752,0
DA:753,0
DA:754,0
DA:756,0
DA:760,0
DA:761,0
DA:765,0
DA:768,0
DA:769,0
DA:771,0
DA:776,0
DA:777,0
DA:785,0
DA:793,0
DA:794,0
DA:802,0
DA:810,0
LF:270
LH:36
BRDA:23,0,0,0
BRDA:23,0,1,0
BRDA:24,1,0,0
BRDA:24,1,1,0
BRDA:24,2,0,0
BRDA:24,2,1,0
BRDA:25,3,0,0
BRDA:25,3,1,0
BRDA:29,4,0,0
BRDA:29,4,1,1
BRDA:30,5,0,0
BRDA:30,5,1,1
BRDA:36,6,0,0
BRDA:37,7,0,0
BRDA:46,8,0,0
BRDA:46,8,1,0
BRDA:50,9,0,0
BRDA:50,9,1,0
BRDA:58,10,0,0
BRDA:58,10,1,0
BRDA:59,11,0,0
BRDA:59,11,1,0
BRDA:60,12,0,0
BRDA:60,12,1,0
BRDA:61,13,0,0
BRDA:61,13,1,0
BRDA:102,14,0,0
BRDA:102,14,1,0
BRDA:129,15,0,1
BRDA:129,15,1,0
BRDA:138,16,0,0
BRDA:138,16,1,0
BRDA:147,17,0,0
BRDA:147,17,1,0
BRDA:191,18,0,0
BRDA:191,18,1,1
BRDA:194,19,0,1
BRDA:194,19,1,0
BRDA:194,19,2,0
BRDA:198,20,0,1
BRDA:198,20,1,0
BRDA:207,21,0,0
BRDA:207,21,1,0
BRDA:208,22,0,0
BRDA:208,22,1,0
BRDA:209,23,0,0
BRDA:209,23,1,0
BRDA:212,24,0,0
BRDA:212,24,1,0
BRDA:220,25,0,0
BRDA:220,25,1,0
BRDA:228,26,0,0
BRDA:228,26,1,0
BRDA:240,27,0,0
BRDA:240,27,1,0
BRDA:241,28,0,0
BRDA:241,28,1,0
BRDA:242,29,0,0
BRDA:242,29,1,0
BRDA:245,30,0,0
BRDA:245,30,1,0
BRDA:246,31,0,0
BRDA:246,31,1,0
BRDA:247,32,0,0
BRDA:247,32,1,0
BRDA:259,33,0,0
BRDA:259,33,1,0
BRDA:296,34,0,0
BRDA:296,34,1,0
BRDA:306,35,0,0
BRDA:306,35,1,0
BRDA:310,36,0,0
BRDA:310,36,1,0
BRDA:312,37,0,0
BRDA:312,37,1,0
BRDA:316,38,0,0
BRDA:316,38,1,0
BRDA:318,39,0,0
BRDA:318,39,1,0
BRDA:322,40,0,0
BRDA:322,40,1,0
BRDA:324,41,0,0
BRDA:324,41,1,0
BRDA:329,42,0,0
BRDA:329,42,1,0
BRDA:332,43,0,0
BRDA:332,43,1,0
BRDA:340,44,0,0
BRDA:340,44,1,0
BRDA:350,45,0,0
BRDA:350,45,1,0
BRDA:352,46,0,0
BRDA:352,46,1,0
BRDA:360,47,0,0
BRDA:360,47,1,0
BRDA:362,48,0,0
BRDA:362,48,1,0
BRDA:366,49,0,0
BRDA:366,49,1,0
BRDA:374,50,0,0
BRDA:374,50,1,0
BRDA:374,51,0,0
BRDA:374,51,1,0
BRDA:388,52,0,0
BRDA:388,52,1,0
BRDA:396,53,0,0
BRDA:396,53,1,0
BRDA:396,54,0,0
BRDA:396,54,1,0
BRDA:406,55,0,0
BRDA:406,55,1,0
BRDA:406,56,0,0
BRDA:406,56,1,0
BRDA:441,57,0,0
BRDA:441,57,1,0
BRDA:450,58,0,0
BRDA:450,58,1,0
BRDA:454,59,0,0
BRDA:454,59,1,0
BRDA:475,60,0,0
BRDA:475,60,1,0
BRDA:484,61,0,0
BRDA:484,61,1,0
BRDA:505,62,0,0
BRDA:505,62,1,0
BRDA:515,63,0,0
BRDA:515,63,1,0
BRDA:537,64,0,0
BRDA:537,64,1,0
BRDA:546,65,0,0
BRDA:546,65,1,0
BRDA:549,66,0,0
BRDA:549,66,1,0
BRDA:568,67,0,0
BRDA:568,67,1,0
BRDA:569,68,0,0
BRDA:569,68,1,0
BRDA:588,69,0,0
BRDA:588,69,1,0
BRDA:590,70,0,0
BRDA:590,70,1,0
BRDA:598,71,0,0
BRDA:598,71,1,0
BRDA:598,72,0,0
BRDA:598,72,1,0
BRDA:607,73,0,0
BRDA:607,73,1,0
BRDA:614,74,0,0
BRDA:614,74,1,0
BRDA:622,75,0,0
BRDA:622,75,1,0
BRDA:630,76,0,0
BRDA:630,76,1,0
BRDA:638,77,0,0
BRDA:638,77,1,0
BRDA:640,78,0,0
BRDA:640,78,1,0
BRDA:644,79,0,0
BRDA:644,79,1,0
BRDA:651,80,0,0
BRDA:651,80,1,0
BRDA:651,81,0,0
BRDA:651,81,1,0
BRDA:654,82,0,0
BRDA:654,82,1,0
BRDA:686,83,0,0
BRDA:686,83,1,0
BRDA:694,84,0,0
BRDA:694,84,1,0
BRDA:721,85,0,0
BRDA:721,85,1,0
BRDA:721,86,0,0
BRDA:721,86,1,0
BRDA:729,87,0,0
BRDA:729,87,1,0
BRDA:738,88,0,0
BRDA:738,88,1,0
BRDA:741,89,0,0
BRDA:741,89,1,0
BRDA:753,90,0,0
BRDA:753,90,1,0
BRDA:760,91,0,0
BRDA:760,91,1,0
BRDA:769,92,0,0
BRDA:769,92,1,0
BRDA:769,93,0,0
BRDA:769,93,1,0
BRDA:776,94,0,0
BRDA:776,94,1,0
BRDA:793,95,0,0
BRDA:793,95,1,0
BRDA:804,96,0,0
BRDA:804,96,1,0
BRDA:807,97,0,0
BRDA:807,97,1,0
BRF:195
BRH:6
end_of_record
TN:
SF:src\controllers\documentController.ts
FN:15,(anonymous_1)
FN:21,(anonymous_2)
FN:28,(anonymous_3)
FN:75,(anonymous_4)
FN:80,(anonymous_5)
FN:82,(anonymous_6)
FN:88,(anonymous_7)
FN:95,(anonymous_8)
FN:101,(anonymous_9)
FN:115,(anonymous_10)
FN:179,(anonymous_11)
FN:223,(anonymous_12)
FN:260,(anonymous_13)
FN:318,(anonymous_14)
FN:337,(anonymous_15)
FN:351,(anonymous_16)
FN:387,(anonymous_17)
FN:425,(anonymous_18)
FN:462,(anonymous_19)
FN:497,(anonymous_20)
FN:526,(anonymous_21)
FN:527,(anonymous_22)
FN:581,(anonymous_23)
FNF:23
FNH:3
FNDA:0,(anonymous_1)
FNDA:2,(anonymous_2)
FNDA:0,(anonymous_3)
FNDA:0,(anonymous_4)
FNDA:0,(anonymous_5)
FNDA:0,(anonymous_6)
FNDA:0,(anonymous_7)
FNDA:0,(anonymous_8)
FNDA:0,(anonymous_9)
FNDA:0,(anonymous_10)
FNDA:1,(anonymous_11)
FNDA:1,(anonymous_12)
FNDA:0,(anonymous_13)
FNDA:0,(anonymous_14)
FNDA:0,(anonymous_15)
FNDA:0,(anonymous_16)
FNDA:0,(anonymous_17)
FNDA:0,(anonymous_18)
FNDA:0,(anonymous_19)
FNDA:0,(anonymous_20)
FNDA:0,(anonymous_21)
FNDA:0,(anonymous_22)
FNDA:0,(anonymous_23)
DA:2,1
DA:3,1
DA:4,1
DA:6,1
DA:7,1
DA:15,1
DA:16,0
DA:21,1
DA:22,2
DA:23,0
DA:24,0
DA:25,0
DA:28,1
DA:29,0
DA:30,0
DA:32,0
DA:33,0
DA:35,0
DA:42,1
DA:75,1
DA:76,0
DA:77,0
DA:80,1
DA:82,1
DA:83,0
DA:84,0
DA:85,0
DA:88,1
DA:89,0
DA:90,0
DA:91,0
DA:92,0
DA:95,1
DA:96,0
DA:97,0
DA:98,0
DA:101,1
DA:106,0
DA:108,0
DA:115,1
DA:116,0
DA:117,0
DA:118,0
DA:120,0
DA:169,0
DA:175,0
DA:179,1
DA:180,1
DA:181,1
DA:183,1
DA:184,1
DA:185,1
DA:188,0
DA:189,0
DA:191,0
DA:196,0
DA:197,0
DA:198,0
DA:201,0
DA:209,0
DA:219,0
DA:223,1
DA:224,1
DA:225,1
DA:226,1
DA:228,1
DA:229,1
DA:230,1
DA:233,0
DA:234,0
DA:235,0
DA:236,0
DA:239,0
DA:240,0
DA:242,0
DA:250,0
DA:256,0
DA:260,1
DA:261,0
DA:262,0
DA:264,0
DA:265,0
DA:266,0
DA:269,0
DA:271,0
DA:272,0
DA:273,0
DA:274,0
DA:275,0
DA:277,0
DA:280,0
DA:281,0
DA:284,0
DA:285,0
DA:286,0
DA:287,0
DA:290,0
DA:291,0
DA:293,0
DA:295,0
DA:303,0
DA:304,0
DA:305,0
DA:308,0
DA:314,0
DA:318,1
DA:319,0
DA:320,0
DA:322,0
DA:323,0
DA:324,0
DA:327,0
DA:328,0
DA:330,0
DA:331,0
DA:332,0
DA:333,0
DA:336,0
DA:337,0
DA:338,0
DA:339,0
DA:341,0
DA:347,0
DA:351,1
DA:352,0
DA:353,0
DA:355,0
DA:356,0
DA:357,0
DA:360,0
DA:361,0
DA:362,0
DA:363,0
DA:366,0
DA:367,0
DA:368,0
DA:369,0
DA:372,0
DA:373,0
DA:375,0
DA:376,0
DA:377,0
DA:378,0
DA:381,0
DA:382,0
DA:383,0
DA:384,0
DA:387,0
DA:388,0
DA:389,0
DA:390,0
DA:399,0
DA:413,0
DA:415,0
DA:421,0
DA:425,1
DA:426,0
DA:427,0
DA:429,0
DA:430,0
DA:431,0
DA:434,0
DA:435,0
DA:437,0
DA:438,0
DA:439,0
DA:440,0
DA:443,0
DA:452,0
DA:458,0
DA:462,1
DA:463,0
DA:464,0
DA:466,0
DA:467,0
DA:468,0
DA:471,0
DA:472,0
DA:474,0
DA:475,0
DA:476,0
DA:477,0
DA:480,0
DA:491,0
DA:493,0
DA:497,1
DA:498,0
DA:499,0
DA:501,0
DA:502,0
DA:503,0
DA:506,0
DA:507,0
DA:509,0
DA:511,0
DA:512,0
DA:513,0
DA:514,0
DA:515,0
DA:517,0
DA:520,0
DA:521,0
DA:524,0
DA:525,0
DA:526,0
DA:527,0
DA:530,0
DA:531,0
DA:532,0
DA:533,0
DA:534,0
DA:537,0
DA:538,0
DA:539,0
DA:540,0
DA:543,0
DA:546,0
DA:547,0
DA:548,0
DA:549,0
DA:552,0
DA:560,0
DA:561,0
DA:562,0
DA:565,0
DA:571,0
DA:577,0
DA:581,1
DA:582,0
DA:583,0
DA:585,0
DA:586,0
DA:587,0
DA:590,0
DA:591,0
DA:593,0
DA:594,0
DA:595,0
DA:596,0
DA:599,0
DA:600,0
DA:601,0
DA:602,0
DA:605,0
DA:606,0
DA:607,0
DA:609,0
DA:611,0
LF:248
LH:37
BRDA:16,0,0,0
BRDA:16,0,1,0
BRDA:16,1,0,0
BRDA:16,1,1,0
BRDA:22,2,0,2
BRDA:22,2,1,0
BRDA:24,3,0,0
BRDA:24,3,1,0
BRDA:29,4,0,0
BRDA:29,4,1,0
BRDA:30,5,0,0
BRDA:30,5,1,0
BRDA:33,6,0,0
BRDA:33,6,1,0
BRDA:36,7,0,0
BRDA:36,7,1,0
BRDA:37,8,0,0
BRDA:37,8,1,0
BRDA:38,9,0,0
BRDA:38,9,1,0
BRDA:77,10,0,0
BRDA:77,10,1,0
BRDA:80,11,0,0
BRDA:80,11,1,0
BRDA:83,12,0,0
BRDA:83,12,1,0
BRDA:84,13,0,0
BRDA:84,13,1,0
BRDA:84,14,0,0
BRDA:84,14,1,0
BRDA:89,15,0,0
BRDA:89,15,1,0
BRDA:90,16,0,0
BRDA:90,16,1,0
BRDA:91,17,0,0
BRDA:91,17,1,0
BRDA:98,18,0,0
BRDA:98,18,1,0
BRDA:106,19,0,0
BRDA:106,19,1,0
BRDA:118,20,0,0
BRDA:118,20,1,0
BRDA:183,21,0,1
BRDA:183,21,1,0
BRDA:189,22,0,0
BRDA:189,22,1,0
BRDA:196,23,0,0
BRDA:196,23,1,0
BRDA:228,24,0,1
BRDA:228,24,1,0
BRDA:234,25,0,0
BRDA:234,25,1,0
BRDA:240,26,0,0
BRDA:240,26,1,0
BRDA:264,27,0,0
BRDA:264,27,1,0
BRDA:271,28,0,0
BRDA:271,28,1,0
BRDA:273,29,0,0
BRDA:273,29,1,0
BRDA:280,30,0,0
BRDA:280,30,1,0
BRDA:281,31,0,0
BRDA:281,31,1,0
BRDA:285,32,0,0
BRDA:285,32,1,0
BRDA:291,33,0,0
BRDA:291,33,1,0
BRDA:303,34,0,0
BRDA:303,34,1,0
BRDA:322,35,0,0
BRDA:322,35,1,0
BRDA:328,36,0,0
BRDA:328,36,1,0
BRDA:331,37,0,0
BRDA:331,37,1,0
BRDA:355,38,0,0
BRDA:355,38,1,0
BRDA:361,39,0,0
BRDA:361,39,1,0
BRDA:367,40,0,0
BRDA:367,40,1,0
BRDA:373,41,0,0
BRDA:373,41,1,0
BRDA:376,42,0,0
BRDA:376,42,1,0
BRDA:382,43,0,0
BRDA:382,43,1,0
BRDA:429,44,0,0
BRDA:429,44,1,0
BRDA:435,45,0,0
BRDA:435,45,1,0
BRDA:438,46,0,0
BRDA:438,46,1,0
BRDA:466,47,0,0
BRDA:466,47,1,0
BRDA:472,48,0,0
BRDA:472,48,1,0
BRDA:475,49,0,0
BRDA:475,49,1,0
BRDA:501,50,0,0
BRDA:501,50,1,0
BRDA:507,51,0,0
BRDA:507,51,1,0
BRDA:511,52,0,0
BRDA:511,52,1,0
BRDA:513,53,0,0
BRDA:513,53,1,0
BRDA:520,54,0,0
BRDA:520,54,1,0
BRDA:521,55,0,0
BRDA:521,55,1,0
BRDA:524,56,0,0
BRDA:524,56,1,0
BRDA:525,57,0,0
BRDA:525,57,1,0
BRDA:530,58,0,0
BRDA:530,58,1,0
BRDA:532,59,0,0
BRDA:532,59,1,0
BRDA:532,60,0,0
BRDA:532,60,1,0
BRDA:538,61,0,0
BRDA:538,61,1,0
BRDA:547,62,0,0
BRDA:547,62,1,0
BRDA:560,63,0,0
BRDA:560,63,1,0
BRDA:566,64,0,0
BRDA:566,64,1,0
BRDA:585,65,0,0
BRDA:585,65,1,0
BRDA:591,66,0,0
BRDA:591,66,1,0
BRDA:594,67,0,0
BRDA:594,67,1,0
BRDA:600,68,0,0
BRDA:600,68,1,0
BRF:138
BRH:3
end_of_record
TN:
SF:src\controllers\notificationController.ts
FN:6,(anonymous_0)
FN:43,(anonymous_1)
FN:72,(anonymous_2)
FNF:3
FNH:3
FNDA:1,(anonymous_0)
FNDA:2,(anonymous_1)
FNDA:1,(anonymous_2)
DA:3,1
DA:6,1
DA:7,1
DA:8,1
DA:9,1
DA:10,0
DA:11,0
DA:14,1
DA:15,1
DA:16,1
DA:18,1
DA:27,1
DA:39,0
DA:43,1
DA:44,2
DA:45,2
DA:46,2
DA:47,0
DA:48,0
DA:51,2
DA:57,2
DA:58,1
DA:59,1
DA:62,1
DA:68,0
DA:72,1
DA:73,1
DA:74,1
DA:75,1
DA:76,0
DA:77,0
DA:80,1
DA:85,1
DA:90,0
LF:34
LH:25
BRDA:9,0,0,0
BRDA:9,0,1,1
BRDA:14,1,0,1
BRDA:14,1,1,0
BRDA:15,2,0,1
BRDA:15,2,1,0
BRDA:46,3,0,0
BRDA:46,3,1,2
BRDA:57,4,0,1
BRDA:57,4,1,1
BRDA:75,5,0,0
BRDA:75,5,1,1
BRF:12
BRH:7
end_of_record
TN:
SF:src\controllers\pipelineController.ts
FN:12,(anonymous_1)
FN:15,(anonymous_2)
FN:21,(anonymous_3)
FN:27,(anonymous_4)
FN:29,(anonymous_5)
FN:32,(anonymous_6)
FN:41,(anonymous_7)
FN:55,(anonymous_8)
FN:66,(anonymous_9)
FN:71,(anonymous_10)
FN:76,(anonymous_11)
FN:79,(anonymous_12)
FN:118,(anonymous_13)
FN:124,(anonymous_14)
FN:135,(anonymous_15)
FN:151,(anonymous_16)
FN:155,(anonymous_17)
FN:165,(anonymous_18)
FN:166,(anonymous_19)
FN:173,(anonymous_20)
FN:191,(anonymous_21)
FN:208,(anonymous_22)
FN:221,(anonymous_23)
FN:246,(anonymous_24)
FN:312,(anonymous_25)
FN:426,(anonymous_26)
FN:519,(anonymous_27)
FN:542,(anonymous_28)
FN:552,(anonymous_29)
FN:562,(anonymous_30)
FN:573,(anonymous_31)
FN:574,(anonymous_32)
FN:584,(anonymous_33)
FN:628,(anonymous_34)
FN:646,(anonymous_35)
FN:674,(anonymous_36)
FN:693,(anonymous_37)
FN:708,(anonymous_38)
FN:727,(anonymous_39)
FN:766,(anonymous_40)
FN:810,(anonymous_41)
FNF:41
FNH:4
FNDA:1,(anonymous_1)
FNDA:1,(anonymous_2)
FNDA:0,(anonymous_3)
FNDA:0,(anonymous_4)
FNDA:0,(anonymous_5)
FNDA:0,(anonymous_6)
FNDA:0,(anonymous_7)
FNDA:0,(anonymous_8)
FNDA:0,(anonymous_9)
FNDA:0,(anonymous_10)
FNDA:0,(anonymous_11)
FNDA:0,(anonymous_12)
FNDA:0,(anonymous_13)
FNDA:0,(anonymous_14)
FNDA:0,(anonymous_15)
FNDA:0,(anonymous_16)
FNDA:0,(anonymous_17)
FNDA:0,(anonymous_18)
FNDA:0,(anonymous_19)
FNDA:0,(anonymous_20)
FNDA:0,(anonymous_21)
FNDA:0,(anonymous_22)
FNDA:0,(anonymous_23)
FNDA:1,(anonymous_24)
FNDA:0,(anonymous_25)
FNDA:0,(anonymous_26)
FNDA:0,(anonymous_27)
FNDA:0,(anonymous_28)
FNDA:0,(anonymous_29)
FNDA:0,(anonymous_30)
FNDA:0,(anonymous_31)
FNDA:0,(anonymous_32)
FNDA:1,(anonymous_33)
FNDA:0,(anonymous_34)
FNDA:0,(anonymous_35)
FNDA:0,(anonymous_36)
FNDA:0,(anonymous_37)
FNDA:0,(anonymous_38)
FNDA:0,(anonymous_39)
FNDA:0,(anonymous_40)
FNDA:0,(anonymous_41)
DA:2,1
DA:3,1
DA:4,1
DA:5,1
DA:6,1
DA:7,1
DA:9,1
DA:10,1
DA:12,1
DA:13,1
DA:15,1
DA:16,1
DA:17,0
DA:18,0
DA:21,1
DA:22,0
DA:23,0
DA:24,0
DA:27,1
DA:29,1
DA:30,0
DA:32,1
DA:33,0
DA:34,0
DA:36,0
DA:41,1
DA:47,0
DA:55,1
DA:59,0
DA:66,1
DA:70,0
DA:72,0
DA:73,0
DA:74,0
DA:76,0
DA:79,1
DA:92,0
DA:96,0
DA:118,1
DA:119,0
DA:120,0
DA:121,0
DA:124,1
DA:125,0
DA:126,0
DA:127,0
DA:129,0
DA:130,0
DA:131,0
DA:132,0
DA:135,0
DA:136,0
DA:147,0
DA:148,0
DA:149,0
DA:152,0
DA:153,0
DA:155,0
DA:161,0
DA:166,0
DA:167,0
DA:169,0
DA:173,0
DA:185,0
DA:187,0
DA:191,1
DA:192,0
DA:193,0
DA:194,0
DA:196,0
DA:197,0
DA:198,0
DA:199,0
DA:202,0
DA:204,0
DA:208,1
DA:209,0
DA:210,0
DA:211,0
DA:213,0
DA:214,0
DA:215,0
DA:216,0
DA:219,0
DA:221,0
DA:227,0
DA:233,0
DA:246,1
DA:247,1
DA:248,1
DA:249,1
DA:251,1
DA:252,1
DA:253,1
DA:254,1
DA:255,1
DA:258,0
DA:259,0
DA:260,0
DA:261,0
DA:262,0
DA:265,0
DA:266,0
DA:267,0
DA:268,0
DA:271,0
DA:273,0
DA:274,0
DA:275,0
DA:276,0
DA:280,0
DA:281,0
DA:282,0
DA:285,0
DA:286,0
DA:287,0
DA:288,0
DA:289,0
DA:293,0
DA:305,0
DA:306,0
DA:308,0
DA:312,1
DA:313,0
DA:314,0
DA:315,0
DA:317,0
DA:318,0
DA:319,0
DA:320,0
DA:323,0
DA:324,0
DA:325,0
DA:326,0
DA:329,0
DA:330,0
DA:331,0
DA:334,0
DA:335,0
DA:337,0
DA:338,0
DA:339,0
DA:340,0
DA:341,0
DA:343,0
DA:346,0
DA:347,0
DA:348,0
DA:350,0
DA:351,0
DA:352,0
DA:353,0
DA:355,0
DA:356,0
DA:357,0
DA:358,0
DA:359,0
DA:362,0
DA:365,0
DA:366,0
DA:367,0
DA:368,0
DA:371,0
DA:372,0
DA:373,0
DA:374,0
DA:377,0
DA:378,0
DA:379,0
DA:380,0
DA:381,0
DA:383,0
DA:384,0
DA:385,0
DA:389,0
DA:390,0
DA:391,0
DA:393,0
DA:394,0
DA:410,0
DA:416,0
DA:422,0
DA:426,1
DA:427,0
DA:428,0
DA:429,0
DA:431,0
DA:432,0
DA:434,0
DA:435,0
DA:436,0
DA:439,0
DA:440,0
DA:441,0
DA:444,0
DA:449,0
DA:450,0
DA:451,0
DA:454,0
DA:455,0
DA:456,0
DA:459,0
DA:460,0
DA:461,0
DA:464,0
DA:465,0
DA:466,0
DA:467,0
DA:468,0
DA:470,0
DA:471,0
DA:472,0
DA:476,0
DA:477,0
DA:478,0
DA:484,0
DA:498,0
DA:504,0
DA:505,0
DA:513,0
DA:515,0
DA:519,1
DA:520,0
DA:521,0
DA:522,0
DA:524,0
DA:525,0
DA:526,0
DA:527,0
DA:530,0
DA:531,0
DA:532,0
DA:533,0
DA:536,0
DA:538,0
DA:542,1
DA:543,0
DA:544,0
DA:545,0
DA:547,0
DA:552,0
DA:558,0
DA:562,1
DA:563,0
DA:564,0
DA:565,0
DA:567,0
DA:568,0
DA:569,0
DA:570,0
DA:573,0
DA:574,0
DA:580,0
DA:584,1
DA:585,1
DA:586,1
DA:587,1
DA:589,1
DA:590,1
DA:592,1
DA:593,1
DA:594,1
DA:597,0
DA:606,0
DA:607,0
DA:608,0
DA:611,0
DA:612,0
DA:613,0
DA:616,0
DA:622,0
DA:623,0
DA:624,0
DA:627,0
DA:628,0
DA:631,0
DA:642,0
DA:646,1
DA:647,0
DA:648,0
DA:649,0
DA:651,0
DA:652,0
DA:653,0
DA:654,0
DA:657,0
DA:663,0
DA:664,0
DA:665,0
DA:668,0
DA:673,0
DA:674,0
DA:677,0
DA:679,0
DA:689,0
DA:693,1
DA:694,0
DA:695,0
DA:696,0
DA:698,0
DA:699,0
DA:700,0
DA:701,0
DA:704,0
DA:708,0
DA:716,0
DA:727,1
DA:728,0
DA:729,0
DA:730,0
DA:732,0
DA:733,0
DA:734,0
DA:735,0
DA:738,0
DA:739,0
DA:740,0
DA:741,0
DA:742,0
DA:745,0
DA:750,0
DA:760,0
DA:762,0
DA:766,1
DA:767,0
DA:768,0
DA:769,0
DA:771,0
DA:772,0
DA:773,0
DA:774,0
DA:777,0
DA:778,0
DA:780,0
DA:781,0
DA:782,0
DA:783,0
DA:784,0
DA:786,0
DA:789,0
DA:790,0
DA:791,0
DA:793,0
DA:799,0
DA:800,0
DA:801,0
DA:804,0
DA:806,0
DA:810,1
DA:811,0
DA:812,0
DA:813,0
DA:815,0
DA:816,0
DA:817,0
DA:818,0
DA:821,0
DA:822,0
DA:823,0
DA:824,0
DA:827,0
DA:828,0
DA:829,0
DA:830,0
DA:833,0
DA:835,0
LF:366
LH:52
BRDA:13,0,0,1
BRDA:13,0,1,1
BRDA:16,1,0,1
BRDA:16,1,1,0
BRDA:18,2,0,0
BRDA:18,2,1,0
BRDA:22,3,0,0
BRDA:22,3,1,0
BRDA:23,4,0,0
BRDA:23,4,1,0
BRDA:23,5,0,0
BRDA:23,5,1,0
BRDA:24,6,0,0
BRDA:24,6,1,0
BRDA:34,7,0,0
BRDA:34,7,1,0
BRDA:61,8,0,0
BRDA:61,8,1,0
BRDA:70,9,0,0
BRDA:70,9,1,0
BRDA:72,10,0,0
BRDA:72,10,1,0
BRDA:72,11,0,0
BRDA:72,11,1,0
BRDA:73,12,0,0
BRDA:73,12,1,0
BRDA:74,13,0,0
BRDA:74,13,1,0
BRDA:92,14,0,0
BRDA:92,14,1,0
BRDA:92,15,0,0
BRDA:92,15,1,0
BRDA:92,15,2,0
BRDA:103,16,0,0
BRDA:103,16,1,0
BRDA:103,17,0,0
BRDA:103,17,1,0
BRDA:103,17,2,0
BRDA:106,18,0,0
BRDA:106,18,1,0
BRDA:120,19,0,0
BRDA:120,19,1,0
BRDA:120,20,0,0
BRDA:120,20,1,0
BRDA:127,21,0,0
BRDA:127,21,1,0
BRDA:130,22,0,0
BRDA:130,22,1,0
BRDA:152,23,0,0
BRDA:152,23,1,0
BRDA:152,24,0,0
BRDA:152,24,1,0
BRDA:153,25,0,0
BRDA:153,25,1,0
BRDA:167,26,0,0
BRDA:167,26,1,0
BRDA:173,27,0,0
BRDA:173,27,1,0
BRDA:194,28,0,0
BRDA:194,28,1,0
BRDA:197,29,0,0
BRDA:197,29,1,0
BRDA:211,30,0,0
BRDA:211,30,1,0
BRDA:214,31,0,0
BRDA:214,31,1,0
BRDA:249,32,0,0
BRDA:249,32,1,1
BRDA:253,33,0,1
BRDA:253,33,1,0
BRDA:259,34,0,0
BRDA:259,34,1,0
BRDA:260,35,0,0
BRDA:260,35,1,0
BRDA:266,36,0,0
BRDA:266,36,1,0
BRDA:274,37,0,0
BRDA:274,37,1,0
BRDA:280,38,0,0
BRDA:280,38,1,0
BRDA:280,39,0,0
BRDA:280,39,1,0
BRDA:285,40,0,0
BRDA:285,40,1,0
BRDA:287,41,0,0
BRDA:287,41,1,0
BRDA:299,42,0,0
BRDA:299,42,1,0
BRDA:300,43,0,0
BRDA:300,43,1,0
BRDA:306,44,0,0
BRDA:306,44,1,0
BRDA:315,45,0,0
BRDA:315,45,1,0
BRDA:318,46,0,0
BRDA:318,46,1,0
BRDA:324,47,0,0
BRDA:324,47,1,0
BRDA:329,48,0,0
BRDA:329,48,1,0
BRDA:337,49,0,0
BRDA:337,49,1,0
BRDA:339,50,0,0
BRDA:339,50,1,0
BRDA:346,51,0,0
BRDA:346,51,1,0
BRDA:347,52,0,0
BRDA:347,52,1,0
BRDA:348,53,0,0
BRDA:348,53,1,0
BRDA:350,54,0,0
BRDA:350,54,1,0
BRDA:351,55,0,0
BRDA:351,55,1,0
BRDA:351,56,0,0
BRDA:351,56,1,0
BRDA:355,57,0,0
BRDA:355,57,1,0
BRDA:357,58,0,0
BRDA:357,58,1,0
BRDA:362,59,0,0
BRDA:362,59,1,0
BRDA:365,60,0,0
BRDA:365,60,1,0
BRDA:366,61,0,0
BRDA:366,61,1,0
BRDA:372,62,0,0
BRDA:372,62,1,0
BRDA:377,63,0,0
BRDA:377,63,1,0
BRDA:379,64,0,0
BRDA:379,64,1,0
BRDA:383,65,0,0
BRDA:383,65,1,0
BRDA:391,66,0,0
BRDA:391,66,1,0
BRDA:391,67,0,0
BRDA:391,67,1,0
BRDA:393,68,0,0
BRDA:393,68,1,0
BRDA:419,69,0,0
BRDA:419,69,1,0
BRDA:429,70,0,0
BRDA:429,70,1,0
BRDA:434,71,0,0
BRDA:434,71,1,0
BRDA:439,72,0,0
BRDA:439,72,1,0
BRDA:449,73,0,0
BRDA:449,73,1,0
BRDA:454,74,0,0
BRDA:454,74,1,0
BRDA:459,75,0,0
BRDA:459,75,1,0
BRDA:464,76,0,0
BRDA:464,76,1,0
BRDA:466,77,0,0
BRDA:466,77,1,0
BRDA:470,78,0,0
BRDA:470,78,1,0
BRDA:477,79,0,0
BRDA:477,79,1,0
BRDA:477,80,0,0
BRDA:477,80,1,0
BRDA:488,81,0,0
BRDA:488,81,1,0
BRDA:504,82,0,0
BRDA:504,82,1,0
BRDA:508,83,0,0
BRDA:508,83,1,0
BRDA:513,84,0,0
BRDA:513,84,1,0
BRDA:522,85,0,0
BRDA:522,85,1,0
BRDA:525,86,0,0
BRDA:525,86,1,0
BRDA:531,87,0,0
BRDA:531,87,1,0
BRDA:545,88,0,0
BRDA:545,88,1,0
BRDA:565,89,0,0
BRDA:565,89,1,0
BRDA:568,90,0,0
BRDA:568,90,1,0
BRDA:574,91,0,0
BRDA:574,91,1,0
BRDA:587,92,0,0
BRDA:587,92,1,1
BRDA:592,93,0,1
BRDA:592,93,1,0
BRDA:592,94,0,1
BRDA:592,94,1,0
BRDA:606,95,0,0
BRDA:606,95,1,0
BRDA:611,96,0,0
BRDA:611,96,1,0
BRDA:622,97,0,0
BRDA:622,97,1,0
BRDA:627,98,0,0
BRDA:627,98,1,0
BRDA:649,99,0,0
BRDA:649,99,1,0
BRDA:652,100,0,0
BRDA:652,100,1,0
BRDA:652,101,0,0
BRDA:652,101,1,0
BRDA:663,102,0,0
BRDA:663,102,1,0
BRDA:668,103,0,0
BRDA:668,103,1,0
BRDA:677,104,0,0
BRDA:677,104,1,0
BRDA:696,105,0,0
BRDA:696,105,1,0
BRDA:699,106,0,0
BRDA:699,106,1,0
BRDA:730,107,0,0
BRDA:730,107,1,0
BRDA:733,108,0,0
BRDA:733,108,1,0
BRDA:740,109,0,0
BRDA:740,109,1,0
BRDA:745,110,0,0
BRDA:745,110,1,0
BRDA:754,111,0,0
BRDA:754,111,1,0
BRDA:755,112,0,0
BRDA:755,112,1,0
BRDA:769,113,0,0
BRDA:769,113,1,0
BRDA:772,114,0,0
BRDA:772,114,1,0
BRDA:780,115,0,0
BRDA:780,115,1,0
BRDA:782,116,0,0
BRDA:782,116,1,0
BRDA:789,117,0,0
BRDA:789,117,1,0
BRDA:790,118,0,0
BRDA:790,118,1,0
BRDA:791,119,0,0
BRDA:791,119,1,0
BRDA:799,120,0,0
BRDA:799,120,1,0
BRDA:813,121,0,0
BRDA:813,121,1,0
BRDA:816,122,0,0
BRDA:816,122,1,0
BRDA:822,123,0,0
BRDA:822,123,1,0
BRDA:828,124,0,0
BRDA:828,124,1,0
BRF:252
BRH:8
end_of_record
TN:
SF:src\controllers\stageMessageController.ts
FN:19,(anonymous_1)
FN:22,(anonymous_2)
FN:24,(anonymous_3)
FN:31,(anonymous_4)
FN:45,(anonymous_5)
FN:50,(anonymous_6)
FN:86,(anonymous_7)
FN:127,(anonymous_8)
FN:141,(anonymous_9)
FN:183,(anonymous_10)
FN:189,(anonymous_11)
FN:192,(anonymous_12)
FN:197,(anonymous_13)
FN:213,(anonymous_14)
FN:219,(anonymous_15)
FN:257,(anonymous_16)
FN:323,(anonymous_17)
FNF:17
FNH:11
FNDA:7,(anonymous_1)
FNDA:2,(anonymous_2)
FNDA:6,(anonymous_3)
FNDA:5,(anonymous_4)
FNDA:1,(anonymous_5)
FNDA:5,(anonymous_6)
FNDA:1,(anonymous_7)
FNDA:1,(anonymous_8)
FNDA:2,(anonymous_9)
FNDA:0,(anonymous_10)
FNDA:0,(anonymous_11)
FNDA:0,(anonymous_12)
FNDA:0,(anonymous_13)
FNDA:0,(anonymous_14)
FNDA:0,(anonymous_15)
FNDA:1,(anonymous_16)
FNDA:1,(anonymous_17)
DA:7,1
DA:8,1
DA:9,1
DA:10,1
DA:11,1
DA:13,1
DA:14,1
DA:15,1
DA:17,1
DA:19,1
DA:20,7
DA:22,2
DA:24,1
DA:25,6
DA:31,1
DA:36,5
DA:37,5
DA:39,1
DA:42,1
DA:44,1
DA:45,1
DA:47,1
DA:50,1
DA:60,5
DA:64,5
DA:86,1
DA:87,1
DA:88,1
DA:89,1
DA:91,1
DA:92,1
DA:93,0
DA:94,0
DA:97,1
DA:98,1
DA:99,0
DA:100,0
DA:103,1
DA:104,1
DA:105,1
DA:107,1
DA:123,1
DA:127,1
DA:135,1
DA:137,0
DA:141,1
DA:142,2
DA:143,2
DA:144,2
DA:146,2
DA:147,2
DA:148,0
DA:149,0
DA:152,2
DA:153,2
DA:154,0
DA:155,0
DA:158,2
DA:159,2
DA:160,1
DA:161,1
DA:163,1
DA:164,0
DA:165,0
DA:168,1
DA:175,1
DA:179,1
DA:180,1
DA:181,1
DA:182,0
DA:183,0
DA:185,1
DA:188,1
DA:189,1
DA:192,1
DA:193,1
DA:194,1
DA:196,1
DA:197,0
DA:212,1
DA:213,0
DA:214,0
DA:215,0
DA:219,0
DA:224,0
DA:225,0
DA:235,0
DA:240,1
DA:247,1
DA:253,0
DA:257,1
DA:258,1
DA:259,1
DA:260,1
DA:262,1
DA:263,1
DA:264,0
DA:265,0
DA:268,1
DA:269,1
DA:270,0
DA:271,0
DA:274,1
DA:277,1
DA:278,0
DA:279,0
DA:282,1
DA:283,1
DA:284,0
DA:285,0
DA:288,1
DA:289,1
DA:290,0
DA:291,0
DA:293,1
DA:294,0
DA:295,0
DA:298,1
DA:306,1
DA:313,1
DA:319,0
DA:323,1
DA:324,1
DA:325,1
DA:326,1
DA:328,1
DA:329,1
DA:330,0
DA:331,0
DA:334,1
DA:335,1
DA:336,0
DA:337,0
DA:340,1
DA:343,1
DA:344,0
DA:345,0
DA:348,1
DA:349,1
DA:350,1
DA:351,1
DA:354,0
DA:356,0
DA:362,0
DA:364,0
LF:145
LH:100
BRDA:20,0,0,7
BRDA:20,0,1,7
BRDA:25,1,0,6
BRDA:25,1,1,6
BRDA:25,1,2,2
BRDA:36,2,0,0
BRDA:36,2,1,5
BRDA:37,3,0,4
BRDA:37,3,1,1
BRDA:42,4,0,0
BRDA:42,4,1,1
BRDA:44,5,0,1
BRDA:44,5,1,0
BRDA:60,6,0,5
BRDA:60,6,1,0
BRDA:60,7,0,5
BRDA:60,7,1,5
BRDA:60,7,2,5
BRDA:67,8,0,0
BRDA:67,8,1,5
BRDA:67,9,0,5
BRDA:67,9,1,0
BRDA:67,9,2,0
BRDA:72,10,0,5
BRDA:72,10,1,0
BRDA:80,11,0,5
BRDA:80,11,1,0
BRDA:89,12,0,0
BRDA:89,12,1,1
BRDA:92,13,0,0
BRDA:92,13,1,1
BRDA:98,14,0,0
BRDA:98,14,1,1
BRDA:103,15,0,1
BRDA:103,15,1,0
BRDA:104,16,0,1
BRDA:104,16,1,0
BRDA:144,17,0,0
BRDA:144,17,1,2
BRDA:147,18,0,0
BRDA:147,18,1,2
BRDA:153,19,0,0
BRDA:153,19,1,2
BRDA:158,20,0,2
BRDA:158,20,1,0
BRDA:159,21,0,1
BRDA:159,21,1,1
BRDA:163,22,0,0
BRDA:163,22,1,1
BRDA:181,23,0,0
BRDA:181,23,1,1
BRDA:188,24,0,1
BRDA:188,24,1,0
BRDA:189,25,0,1
BRDA:189,25,1,0
BRDA:193,26,0,0
BRDA:193,26,1,1
BRDA:194,27,0,1
BRDA:194,27,1,0
BRDA:201,28,0,0
BRDA:201,28,1,0
BRDA:201,29,0,0
BRDA:201,29,1,0
BRDA:212,30,0,0
BRDA:212,30,1,1
BRDA:221,31,0,0
BRDA:221,31,1,0
BRDA:224,32,0,0
BRDA:224,32,1,0
BRDA:227,33,0,0
BRDA:227,33,1,0
BRDA:229,34,0,0
BRDA:229,34,1,0
BRDA:243,35,0,1
BRDA:243,35,1,0
BRDA:250,36,0,1
BRDA:250,36,1,0
BRDA:260,37,0,0
BRDA:260,37,1,1
BRDA:263,38,0,0
BRDA:263,38,1,1
BRDA:263,39,0,1
BRDA:263,39,1,1
BRDA:269,40,0,0
BRDA:269,40,1,1
BRDA:277,41,0,0
BRDA:277,41,1,1
BRDA:283,42,0,0
BRDA:283,42,1,1
BRDA:283,43,0,1
BRDA:283,43,1,0
BRDA:288,44,0,1
BRDA:288,44,1,0
BRDA:289,45,0,0
BRDA:289,45,1,1
BRDA:293,46,0,0
BRDA:293,46,1,1
BRDA:309,47,0,1
BRDA:309,47,1,0
BRDA:316,48,0,1
BRDA:316,48,1,0
BRDA:326,49,0,0
BRDA:326,49,1,1
BRDA:329,50,0,0
BRDA:329,50,1,1
BRDA:329,51,0,1
BRDA:329,51,1,1
BRDA:335,52,0,0
BRDA:335,52,1,1
BRDA:343,53,0,0
BRDA:343,53,1,1
BRDA:349,54,0,1
BRDA:349,54,1,0
BRDA:349,55,0,1
BRDA:349,55,1,1
BRF:115
BRH:60
end_of_record
TN:
SF:src\controllers\taskController.ts
FN:22,(anonymous_1)
FN:98,(anonymous_2)
FN:154,(anonymous_3)
FN:199,(anonymous_4)
FN:237,(anonymous_5)
FN:279,(anonymous_6)
FN:290,(anonymous_7)
FN:333,(anonymous_8)
FN:367,(anonymous_9)
FN:417,(anonymous_10)
FN:457,(anonymous_11)
FNF:11
FNH:1
FNDA:0,(anonymous_1)
FNDA:1,(anonymous_2)
FNDA:0,(anonymous_3)
FNDA:0,(anonymous_4)
FNDA:0,(anonymous_5)
FNDA:0,(anonymous_6)
FNDA:0,(anonymous_7)
FNDA:0,(anonymous_8)
FNDA:0,(anonymous_9)
FNDA:0,(anonymous_10)
FNDA:0,(anonymous_11)
DA:2,1
DA:3,1
DA:6,1
DA:22,1
DA:23,0
DA:36,0
DA:37,0
DA:38,0
DA:40,0
DA:41,0
DA:43,0
DA:45,0
DA:46,0
DA:52,0
DA:53,0
DA:54,0
DA:55,0
DA:56,0
DA:57,0
DA:58,0
DA:59,0
DA:61,0
DA:63,0
DA:77,0
DA:89,0
DA:91,0
DA:98,1
DA:99,1
DA:100,1
DA:102,1
DA:103,1
DA:107,1
DA:110,0
DA:111,0
DA:113,0
DA:121,0
DA:122,0
DA:126,0
DA:129,0
DA:131,0
DA:154,1
DA:155,0
DA:170,0
DA:172,0
DA:173,0
DA:177,0
DA:180,0
DA:181,0
DA:183,0
DA:199,0
DA:203,0
DA:205,0
DA:212,0
DA:214,0
DA:237,1
DA:238,0
DA:239,0
DA:240,0
DA:242,0
DA:243,0
DA:247,0
DA:250,0
DA:252,0
DA:253,0
DA:254,0
DA:255,0
DA:256,0
DA:257,0
DA:259,0
DA:260,0
DA:261,0
DA:262,0
DA:263,0
DA:264,0
DA:267,0
DA:268,0
DA:269,0
DA:270,0
DA:273,0
DA:274,0
DA:275,0
DA:276,0
DA:279,0
DA:280,0
DA:281,0
DA:282,0
DA:283,0
DA:284,0
DA:288,0
DA:289,0
DA:290,0
DA:294,0
DA:295,0
DA:299,0
DA:302,0
DA:303,0
DA:305,0
DA:316,0
DA:317,0
DA:321,0
DA:324,0
DA:326,0
DA:333,1
DA:334,0
DA:335,0
DA:337,0
DA:338,0
DA:342,0
DA:345,0
DA:346,0
DA:348,0
DA:350,0
DA:351,0
DA:355,0
DA:358,0
DA:360,0
DA:367,1
DA:368,0
DA:369,0
DA:370,0
DA:374,0
DA:377,0
DA:378,0
DA:380,0
DA:381,0
DA:389,0
DA:391,0
DA:392,0
DA:393,0
DA:394,0
DA:395,0
DA:398,0
DA:408,0
DA:410,0
DA:417,1
DA:418,0
DA:419,0
DA:421,0
DA:422,0
DA:426,0
DA:429,0
DA:430,0
DA:432,0
DA:440,0
DA:441,0
DA:445,0
DA:448,0
DA:450,0
DA:457,1
DA:458,0
DA:459,0
DA:460,0
DA:462,0
DA:463,0
DA:464,0
DA:466,0
DA:467,0
DA:469,0
DA:482,0
DA:484,0
LF:160
LH:16
BRDA:25,0,0,0
BRDA:26,1,0,0
BRDA:41,2,0,0
BRDA:41,2,1,0
BRDA:45,3,0,0
BRDA:45,3,1,0
BRDA:52,4,0,0
BRDA:52,4,1,0
BRDA:53,5,0,0
BRDA:53,5,1,0
BRDA:54,6,0,0
BRDA:54,6,1,0
BRDA:55,7,0,0
BRDA:55,7,1,0
BRDA:56,8,0,0
BRDA:56,8,1,0
BRDA:57,9,0,0
BRDA:57,9,1,0
BRDA:58,10,0,0
BRDA:58,10,1,0
BRDA:59,11,0,0
BRDA:59,11,1,0
BRDA:102,12,0,1
BRDA:102,12,1,0
BRDA:111,13,0,0
BRDA:111,13,1,0
BRDA:121,14,0,0
BRDA:121,14,1,0
BRDA:172,15,0,0
BRDA:172,15,1,0
BRDA:181,16,0,0
BRDA:181,16,1,0
BRDA:186,17,0,0
BRDA:186,17,1,0
BRDA:187,18,0,0
BRDA:187,18,1,0
BRDA:189,19,0,0
BRDA:189,19,1,0
BRDA:193,20,0,0
BRDA:193,20,1,0
BRDA:194,21,0,0
BRDA:194,21,1,0
BRDA:195,22,0,0
BRDA:195,22,1,0
BRDA:198,23,0,0
BRDA:198,23,1,0
BRDA:242,24,0,0
BRDA:242,24,1,0
BRDA:252,25,0,0
BRDA:252,25,1,0
BRDA:253,26,0,0
BRDA:253,26,1,0
BRDA:254,27,0,0
BRDA:254,27,1,0
BRDA:255,28,0,0
BRDA:255,28,1,0
BRDA:256,29,0,0
BRDA:256,29,1,0
BRDA:257,30,0,0
BRDA:257,30,1,0
BRDA:259,31,0,0
BRDA:259,31,1,0
BRDA:259,32,0,0
BRDA:259,32,1,0
BRDA:262,33,0,0
BRDA:262,33,1,0
BRDA:267,34,0,0
BRDA:267,34,1,0
BRDA:267,35,0,0
BRDA:267,35,1,0
BRDA:269,36,0,0
BRDA:269,36,1,0
BRDA:273,37,0,0
BRDA:273,37,1,0
BRDA:273,38,0,0
BRDA:273,38,1,0
BRDA:275,39,0,0
BRDA:275,39,1,0
BRDA:281,40,0,0
BRDA:281,40,1,0
BRDA:281,41,0,0
BRDA:281,41,1,0
BRDA:283,42,0,0
BRDA:283,42,1,0
BRDA:288,43,0,0
BRDA:288,43,1,0
BRDA:294,44,0,0
BRDA:294,44,1,0
BRDA:303,45,0,0
BRDA:303,45,1,0
BRDA:316,46,0,0
BRDA:316,46,1,0
BRDA:337,47,0,0
BRDA:337,47,1,0
BRDA:346,48,0,0
BRDA:346,48,1,0
BRDA:350,49,0,0
BRDA:350,49,1,0
BRDA:369,50,0,0
BRDA:369,50,1,0
BRDA:378,51,0,0
BRDA:378,51,1,0
BRDA:389,52,0,0
BRDA:389,52,1,0
BRDA:391,53,0,0
BRDA:391,53,1,0
BRDA:421,54,0,0
BRDA:421,54,1,0
BRDA:430,55,0,0
BRDA:430,55,1,0
BRDA:440,56,0,0
BRDA:440,56,1,0
BRDA:459,57,0,0
BRDA:467,58,0,0
BRDA:467,58,1,0
BRF:115
BRH:1
end_of_record
TN:
SF:src\controllers\unipileWebhookController.ts
FN:7,(anonymous_0)
FN:24,(anonymous_1)
FN:32,(anonymous_2)
FN:55,(anonymous_3)
FN:91,(anonymous_4)
FN:101,(anonymous_5)
FN:131,(anonymous_6)
FNF:7
FNH:7
FNDA:1,(anonymous_0)
FNDA:3,(anonymous_1)
FNDA:1,(anonymous_2)
FNDA:1,(anonymous_3)
FNDA:1,(anonymous_4)
FNDA:6,(anonymous_5)
FNDA:3,(anonymous_6)
DA:3,1
DA:4,1
DA:5,1
DA:7,1
DA:8,1
DA:13,1
DA:16,1
DA:22,1
DA:24,1
DA:25,3
DA:26,3
DA:27,3
DA:28,3
DA:29,3
DA:32,1
DA:33,1
DA:34,1
DA:36,1
DA:37,1
DA:38,1
DA:41,0
DA:42,0
DA:43,0
DA:44,0
DA:45,0
DA:46,0
DA:47,0
DA:51,0
DA:52,0
DA:55,1
DA:56,1
DA:57,1
DA:59,1
DA:60,1
DA:61,1
DA:62,1
DA:63,1
DA:64,1
DA:66,0
DA:67,0
DA:68,0
DA:69,0
DA:73,0
DA:74,0
DA:75,0
DA:76,0
DA:79,0
DA:80,0
DA:81,0
DA:82,0
DA:83,0
DA:84,0
DA:87,0
DA:88,0
DA:91,1
DA:92,1
DA:101,6
DA:103,1
DA:104,1
DA:105,1
DA:106,1
DA:110,0
DA:111,0
DA:112,0
DA:113,0
DA:114,0
DA:115,0
DA:116,0
DA:117,0
DA:118,0
DA:119,0
DA:120,0
DA:121,0
DA:127,0
DA:128,0
DA:131,1
DA:132,3
DA:133,3
DA:134,3
DA:136,3
DA:138,3
DA:139,1
DA:140,1
DA:141,1
DA:143,1
DA:149,1
DA:150,0
DA:151,0
DA:152,0
DA:155,1
DA:157,1
DA:169,1
DA:178,3
DA:179,1
DA:181,1
DA:183,1
DA:184,0
DA:185,0
DA:186,0
DA:189,1
DA:190,1
DA:191,0
DA:192,0
DA:193,0
DA:196,1
DA:198,1
DA:199,1
DA:201,1
DA:202,1
DA:204,1
DA:208,1
DA:209,1
DA:211,1
DA:213,1
DA:229,1
DA:231,1
DA:237,1
DA:240,3
DA:242,0
DA:243,0
LF:120
LH:70
BRDA:13,0,0,1
BRDA:13,0,1,0
BRDA:33,1,0,1
BRDA:33,1,1,0
BRDA:36,2,0,1
BRDA:36,2,1,0
BRDA:42,3,0,0
BRDA:42,3,1,0
BRDA:43,4,0,0
BRDA:43,4,1,0
BRDA:43,4,2,0
BRDA:45,5,0,0
BRDA:45,5,1,0
BRDA:59,6,0,1
BRDA:59,6,1,0
BRDA:59,7,0,1
BRDA:59,7,1,1
BRDA:61,8,0,1
BRDA:61,8,1,1
BRDA:62,9,0,1
BRDA:62,9,1,0
BRDA:67,10,0,0
BRDA:67,10,1,0
BRDA:73,11,0,0
BRDA:73,11,1,0
BRDA:74,12,0,0
BRDA:74,12,1,0
BRDA:82,13,0,0
BRDA:82,13,1,0
BRDA:84,14,0,0
BRDA:84,14,1,0
BRDA:84,14,2,0
BRDA:104,15,0,1
BRDA:104,15,1,0
BRDA:111,16,0,0
BRDA:111,16,1,0
BRDA:114,17,0,0
BRDA:114,17,1,0
BRDA:116,18,0,0
BRDA:116,18,1,0
BRDA:117,19,0,0
BRDA:117,19,1,0
BRDA:117,19,2,0
BRDA:119,20,0,0
BRDA:119,20,1,0
BRDA:138,21,0,1
BRDA:138,21,1,2
BRDA:149,22,0,0
BRDA:149,22,1,1
BRDA:149,23,0,1
BRDA:149,23,1,1
BRDA:149,23,2,1
BRDA:178,24,0,1
BRDA:178,24,1,2
BRDA:183,25,0,0
BRDA:183,25,1,1
BRDA:190,26,0,0
BRDA:190,26,1,1
BRDA:202,27,0,1
BRDA:202,27,1,0
BRDA:204,28,0,1
BRDA:204,28,1,0
BRDA:205,29,0,0
BRDA:205,29,1,1
BRDA:208,30,0,1
BRDA:208,30,1,0
BRDA:217,31,0,1
BRDA:217,31,1,0
BRDA:219,32,0,0
BRDA:219,32,1,0
BRDA:222,33,0,1
BRDA:222,33,1,0
BRF:72
BRH:26
end_of_record
TN:
SF:src\controllers\userController.ts
FN:46,(anonymous_1)
FN:50,(anonymous_2)
FN:55,(anonymous_3)
FN:70,(anonymous_4)
FN:123,(anonymous_5)
FN:153,(anonymous_6)
FN:199,(anonymous_7)
FN:268,(anonymous_8)
FN:349,(anonymous_9)
FN:374,(anonymous_10)
FN:403,(anonymous_11)
FN:474,(anonymous_12)
FN:508,(anonymous_13)
FN:547,(anonymous_14)
FN:594,(anonymous_15)
FNF:15
FNH:0
FNDA:0,(anonymous_1)
FNDA:0,(anonymous_2)
FNDA:0,(anonymous_3)
FNDA:0,(anonymous_4)
FNDA:0,(anonymous_5)
FNDA:0,(anonymous_6)
FNDA:0,(anonymous_7)
FNDA:0,(anonymous_8)
FNDA:0,(anonymous_9)
FNDA:0,(anonymous_10)
FNDA:0,(anonymous_11)
FNDA:0,(anonymous_12)
FNDA:0,(anonymous_13)
FNDA:0,(anonymous_14)
FNDA:0,(anonymous_15)
DA:6,1
DA:7,1
DA:8,1
DA:9,1
DA:10,1
DA:12,1
DA:13,1
DA:14,1
DA:44,1
DA:46,1
DA:47,0
DA:50,1
DA:51,0
DA:52,0
DA:55,1
DA:56,0
DA:57,0
DA:59,0
DA:60,0
DA:63,0
DA:70,1
DA:71,0
DA:72,0
DA:74,0
DA:75,0
DA:77,0
DA:79,0
DA:80,0
DA:86,0
DA:88,0
DA:98,0
DA:110,0
DA:112,0
DA:123,1
DA:124,0
DA:125,0
DA:127,0
DA:128,0
DA:130,0
DA:132,0
DA:133,0
DA:137,0
DA:140,0
DA:142,0
DA:153,1
DA:154,0
DA:155,0
DA:157,0
DA:158,0
DA:160,0
DA:161,0
DA:162,0
DA:166,0
DA:169,0
DA:177,0
DA:179,0
DA:192,0
DA:199,1
DA:200,0
DA:201,0
DA:202,0
DA:204,0
DA:205,0
DA:206,0
DA:209,0
DA:210,0
DA:212,0
DA:214,0
DA:215,0
DA:216,0
DA:217,0
DA:218,0
DA:220,0
DA:223,0
DA:224,0
DA:227,0
DA:228,0
DA:229,0
DA:230,0
DA:232,0
DA:235,0
DA:236,0
DA:239,0
DA:240,0
DA:241,0
DA:244,0
DA:250,0
DA:251,0
DA:252,0
DA:255,0
DA:261,0
DA:268,1
DA:269,0
DA:270,0
DA:271,0
DA:273,0
DA:274,0
DA:275,0
DA:278,0
DA:279,0
DA:280,0
DA:283,0
DA:284,0
DA:286,0
DA:287,0
DA:288,0
DA:291,0
DA:292,0
DA:293,0
DA:294,0
DA:297,0
DA:307,0
DA:308,0
DA:310,0
DA:320,0
DA:322,0
DA:330,0
DA:344,0
DA:345,0
DA:349,1
DA:350,0
DA:351,0
DA:352,0
DA:354,0
DA:364,0
DA:370,0
DA:374,1
DA:375,0
DA:376,0
DA:378,0
DA:379,0
DA:381,0
DA:392,0
DA:393,0
DA:394,0
DA:397,0
DA:399,0
DA:403,1
DA:404,0
DA:405,0
DA:406,0
DA:408,0
DA:409,0
DA:410,0
DA:413,0
DA:414,0
DA:415,0
DA:418,0
DA:425,0
DA:426,0
DA:427,0
DA:430,0
DA:431,0
DA:432,0
DA:433,0
DA:434,0
DA:435,0
DA:438,0
DA:447,0
DA:449,0
DA:450,0
DA:452,0
DA:465,0
DA:466,0
DA:474,1
DA:475,0
DA:476,0
DA:478,0
DA:479,0
DA:481,0
DA:487,0
DA:488,0
DA:492,0
DA:495,0
DA:497,0
DA:508,1
DA:509,0
DA:510,0
DA:512,0
DA:513,0
DA:515,0
DA:517,0
DA:518,0
DA:522,0
DA:525,0
DA:531,0
DA:547,1
DA:548,0
DA:549,0
DA:550,0
DA:552,0
DA:553,0
DA:557,0
DA:560,0
DA:561,0
DA:563,0
DA:569,0
DA:570,0
DA:574,0
DA:577,0
DA:583,0
DA:594,1
DA:595,0
DA:596,0
DA:598,0
DA:599,0
DA:601,0
DA:607,0
DA:608,0
DA:612,0
DA:615,0
DA:617,0
LF:212
LH:24
BRDA:52,0,0,0
BRDA:52,0,1,0
BRDA:59,1,0,0
BRDA:59,1,1,0
BRDA:72,2,0,0
BRDA:72,3,0,0
BRDA:75,4,0,0
BRDA:75,4,1,0
BRDA:79,5,0,0
BRDA:79,5,1,0
BRDA:128,6,0,0
BRDA:128,6,1,0
BRDA:132,7,0,0
BRDA:132,7,1,0
BRDA:158,8,0,0
BRDA:158,8,1,0
BRDA:161,9,0,0
BRDA:161,9,1,0
BRDA:174,10,0,0
BRDA:174,10,1,0
BRDA:204,11,0,0
BRDA:204,11,1,0
BRDA:210,12,0,0
BRDA:210,12,1,0
BRDA:214,13,0,0
BRDA:214,13,1,0
BRDA:216,14,0,0
BRDA:216,14,1,0
BRDA:223,15,0,0
BRDA:223,15,1,0
BRDA:224,16,0,0
BRDA:224,16,1,0
BRDA:227,17,0,0
BRDA:227,17,1,0
BRDA:228,18,0,0
BRDA:228,18,1,0
BRDA:235,19,0,0
BRDA:235,19,1,0
BRDA:239,20,0,0
BRDA:239,20,1,0
BRDA:250,21,0,0
BRDA:250,21,1,0
BRDA:270,22,0,0
BRDA:273,23,0,0
BRDA:273,23,1,0
BRDA:278,24,0,0
BRDA:278,24,1,0
BRDA:284,25,0,0
BRDA:284,25,1,0
BRDA:286,26,0,0
BRDA:286,26,1,0
BRDA:292,27,0,0
BRDA:292,27,1,0
BRDA:323,28,0,0
BRDA:323,28,1,0
BRDA:324,29,0,0
BRDA:324,29,1,0
BRDA:352,30,0,0
BRDA:352,30,1,0
BRDA:379,31,0,0
BRDA:379,31,1,0
BRDA:392,32,0,0
BRDA:392,32,1,0
BRDA:406,33,0,0
BRDA:406,33,1,0
BRDA:408,34,0,0
BRDA:408,34,1,0
BRDA:408,35,0,0
BRDA:408,35,1,0
BRDA:413,36,0,0
BRDA:413,36,1,0
BRDA:425,37,0,0
BRDA:425,37,1,0
BRDA:431,38,0,0
BRDA:431,38,1,0
BRDA:441,39,0,0
BRDA:441,39,1,0
BRDA:441,39,2,0
BRDA:479,40,0,0
BRDA:479,40,1,0
BRDA:487,41,0,0
BRDA:487,41,1,0
BRDA:513,42,0,0
BRDA:513,42,1,0
BRDA:517,43,0,0
BRDA:517,43,1,0
BRDA:552,44,0,0
BRDA:552,44,1,0
BRDA:561,45,0,0
BRDA:561,45,1,0
BRDA:569,46,0,0
BRDA:569,46,1,0
BRDA:599,47,0,0
BRDA:599,47,1,0
BRDA:607,48,0,0
BRDA:607,48,1,0
BRF:96
BRH:0
end_of_record
TN:
SF:src\middleware\security.ts
FN:7,(anonymous_0)
FN:16,(anonymous_1)
FN:36,(anonymous_2)
FNF:3
FNH:1
FNDA:0,(anonymous_0)
FNDA:0,(anonymous_1)
FNDA:1,(anonymous_2)
DA:3,1
DA:4,1
DA:5,1
DA:7,1
DA:8,0
DA:9,0
DA:10,0
DA:11,0
DA:12,0
DA:13,0
DA:16,1
DA:17,0
DA:18,0
DA:19,0
DA:21,0
DA:22,0
DA:23,0
DA:24,0
DA:27,0
DA:28,0
DA:29,0
DA:32,0
DA:33,0
DA:36,1
DA:37,1
DA:38,1
DA:39,1
DA:41,1
DA:42,1
DA:43,1
DA:44,1
DA:47,0
DA:48,0
DA:49,0
DA:52,0
DA:53,0
LF:36
LH:13
BRDA:17,0,0,0
BRDA:17,0,1,0
BRDA:17,0,2,0
BRDA:21,1,0,0
BRDA:21,1,1,0
BRDA:21,2,0,0
BRDA:21,2,1,0
BRDA:27,3,0,0
BRDA:27,3,1,0
BRDA:37,4,0,1
BRDA:37,4,1,0
BRDA:37,4,2,0
BRDA:41,5,0,1
BRDA:41,5,1,0
BRDA:41,6,0,1
BRDA:41,6,1,0
BRDA:47,7,0,0
BRDA:47,7,1,0
BRF:18
BRH:3
end_of_record
TN:
SF:src\middleware\validate.ts
FN:13,(anonymous_0)
FN:13,(anonymous_1)
FNF:2
FNH:2
FNDA:3,(anonymous_0)
FNDA:1,(anonymous_1)
DA:13,3
DA:18,1
DA:20,1
DA:21,4
DA:23,4
DA:24,1
DA:25,1
DA:28,3
DA:30,0
DA:31,0
DA:32,0
DA:33,0
DA:36,0
DA:37,0
DA:38,0
DA:39,0
DA:43,1
DA:44,1
DA:45,1
DA:48,0
LF:20
LH:11
BRDA:23,0,0,1
BRDA:23,0,1,3
BRDA:23,1,0,4
BRDA:23,1,1,1
BRDA:23,1,2,0
BRDA:23,1,3,0
BRDA:28,2,0,3
BRDA:28,2,1,0
BRDA:28,3,0,3
BRDA:28,3,1,0
BRDA:30,4,0,0
BRDA:30,4,1,0
BRDA:31,5,0,0
BRDA:31,5,1,0
BRDA:32,6,0,0
BRDA:32,6,1,0
BRDA:32,7,0,0
BRDA:32,7,1,0
BRDA:36,8,0,0
BRDA:36,8,1,0
BRDA:37,9,0,0
BRDA:37,9,1,0
BRDA:37,10,0,0
BRDA:37,10,1,0
BRDA:38,11,0,0
BRDA:38,11,1,0
BRDA:38,12,0,0
BRDA:38,12,1,0
BRDA:39,13,0,0
BRDA:39,13,1,0
BRDA:39,14,0,0
BRDA:39,14,1,0
BRDA:43,15,0,1
BRDA:43,15,1,0
BRF:34
BRH:7
end_of_record
TN:
SF:src\models\Activity.ts
FNF:0
FNH:0
DA:5,3
DA:26,3
DA:41,3
DA:43,3
LF:4
LH:4
BRF:0
BRH:0
end_of_record
TN:
SF:src\models\Company.ts
FNF:0
FNH:0
DA:5,3
DA:30,3
DA:48,3
DA:49,3
DA:51,3
LF:5
LH:5
BRF:0
BRH:0
end_of_record
TN:
SF:src\models\Contact.ts
FNF:0
FNH:0
DA:5,3
DA:39,3
DA:62,3
DA:63,3
DA:64,3
DA:65,3
DA:66,3
DA:68,3
LF:8
LH:8
BRF:0
BRH:0
end_of_record
TN:
SF:src\models\Deal.ts
FNF:0
FNH:0
DA:5,4
DA:35,4
DA:60,4
DA:61,4
DA:62,4
DA:64,4
LF:6
LH:6
BRF:0
BRH:0
end_of_record
TN:
SF:src\models\Document.ts
FNF:0
FNH:0
DA:1,1
DA:22,1
DA:44,1
DA:45,1
DA:46,1
DA:47,1
DA:48,1
DA:50,1
LF:8
LH:8
BRF:0
BRH:0
end_of_record
TN:
SF:src\models\Folder.ts
FNF:0
FNH:0
DA:1,1
DA:14,1
DA:28,1
DA:29,1
DA:30,1
DA:32,1
LF:6
LH:6
BRF:0
BRH:0
end_of_record
TN:
SF:src\models\Organization.ts
FNF:0
FNH:0
DA:1,1
DA:12,1
DA:24,1
DA:26,1
LF:4
LH:4
BRF:0
BRH:0
end_of_record
TN:
SF:src\models\Pipeline.ts
FNF:0
FNH:0
DA:1,2
DA:16,2
DA:32,2
DA:34,2
DA:45,2
DA:57,2
DA:59,2
LF:7
LH:7
BRF:0
BRH:0
end_of_record
TN:
SF:src\models\Task.ts
FNF:0
FNH:0
DA:5,2
DA:43,2
DA:79,2
DA:80,2
DA:82,2
LF:5
LH:5
BRF:0
BRH:0
end_of_record
TN:
SF:src\models\User.ts
FN:71,(anonymous_10)
FN:83,(anonymous_11)
FNF:2
FNH:0
FNDA:0,(anonymous_10)
FNDA:0,(anonymous_11)
DA:5,3
DA:6,3
DA:42,3
DA:65,3
DA:71,3
DA:72,0
DA:74,0
DA:75,0
DA:83,3
DA:84,0
DA:87,3
LF:11
LH:7
BRDA:72,0,0,0
BRDA:72,0,1,0
BRF:2
BRH:0
end_of_record
TN:
SF:src\models\UserInvitation.ts
FNF:0
FNH:0
DA:1,1
DA:18,1
DA:39,1
DA:40,1
DA:41,1
DA:43,1
LF:6
LH:6
BRF:0
BRH:0
end_of_record
TN:
SF:src\routes\analyticsRoutes.ts
FNF:0
FNH:0
DA:1,1
DA:2,1
DA:10,1
DA:12,1
DA:14,1
DA:55,1
DA:86,1
DA:117,1
DA:148,1
DA:179,1
DA:210,1
DA:212,1
LF:12
LH:12
BRF:0
BRH:0
end_of_record
TN:
SF:src\routes\companyRoutes.ts
FN:32,(anonymous_1)
FNF:1
FNH:0
FNDA:0,(anonymous_1)
DA:5,1
DA:7,1
DA:8,1
DA:21,1
DA:29,1
DA:34,0
DA:37,0
DA:41,1
DA:42,1
DA:44,1
DA:87,1
DA:110,1
DA:132,1
DA:159,1
DA:182,1
DA:221,1
DA:265,1
DA:288,1
DA:309,1
DA:330,1
DA:351,1
DA:353,1
LF:22
LH:20
BRDA:34,0,0,0
BRDA:34,0,1,0
BRF:2
BRH:0
end_of_record
TN:
SF:src\routes\connectionRoutes.ts
FNF:0
FNH:0
DA:1,1
DA:2,1
DA:3,1
DA:5,1
DA:7,1
DA:78,1
DA:80,1
LF:7
LH:7
BRF:0
BRH:0
end_of_record
TN:
SF:src\routes\contactRoutes.ts
FN:32,(anonymous_1)
FNF:1
FNH:0
FNDA:0,(anonymous_1)
DA:5,1
DA:7,1
DA:8,1
DA:21,1
DA:29,1
DA:34,0
DA:37,0
DA:41,1
DA:42,1
DA:44,1
DA:96,1
DA:116,1
DA:141,1
DA:164,1
DA:210,1
DA:259,1
DA:284,1
DA:305,1
DA:326,1
DA:347,1
DA:374,1
DA:376,1
LF:22
LH:20
BRDA:34,0,0,0
BRDA:34,0,1,0
BRF:2
BRH:0
end_of_record
TN:
SF:src\routes\dashboardRoutes.ts
FNF:0
FNH:0
DA:1,1
DA:2,1
DA:9,1
DA:11,1
DA:13,1
DA:46,1
DA:79,1
DA:106,1
DA:139,1
DA:176,1
DA:178,1
LF:11
LH:11
BRF:0
BRH:0
end_of_record
TN:
SF:src\routes\dealRoutes.ts
FNF:0
FNH:0
DA:1,1
DA:2,1
DA:15,1
DA:17,1
DA:19,1
DA:74,1
DA:94,1
DA:140,1
DA:163,1
DA:217,1
DA:238,1
DA:259,1
DA:280,1
DA:301,1
DA:334,1
DA:363,1
DA:365,1
LF:17
LH:17
BRF:0
BRH:0
end_of_record
TN:
SF:src\routes\documentRoutes.ts
FNF:0
FNH:0
DA:1,1
DA:2,1
DA:3,1
DA:5,1
DA:7,1
DA:32,1
DA:100,1
DA:101,1
DA:103,1
LF:9
LH:9
BRF:0
BRH:0
end_of_record
TN:
SF:src\routes\emailSyncRoutes.ts
FNF:0
FNH:0
DA:1,1
DA:2,1
DA:3,1
DA:14,1
DA:42,1
DA:66,1
DA:100,1
DA:136,1
DA:187,1
DA:218,1
DA:258,1
DA:292,1
DA:294,1
LF:13
LH:13
BRF:0
BRH:0
end_of_record
TN:
SF:src\routes\emailWriterRoutes.ts
FN:27,(anonymous_1)
FNF:1
FNH:0
FNDA:0,(anonymous_1)
DA:1,1
DA:2,1
DA:3,1
DA:4,1
DA:6,1
DA:8,1
DA:16,1
DA:24,1
DA:28,0
DA:32,1
DA:130,1
DA:273,1
DA:282,1
LF:13
LH:12
BRF:0
BRH:0
end_of_record
TN:
SF:src\routes\folderRoutes.ts
FN:24,(anonymous_1)
FNF:1
FNH:0
FNDA:0,(anonymous_1)
DA:1,1
DA:3,1
DA:4,1
DA:13,1
DA:21,1
DA:25,0
DA:59,0
DA:61,0
DA:62,0
DA:63,0
DA:67,1
DA:68,1
DA:70,1
DA:111,1
DA:112,1
DA:190,1
DA:191,1
DA:192,1
DA:252,1
DA:253,1
DA:264,1
LF:21
LH:16
BRDA:63,0,0,0
BRDA:63,0,1,0
BRF:2
BRH:0
end_of_record
TN:
SF:src\routes\notificationRoutes.ts
FNF:0
FNH:0
DA:1,1
DA:2,1
DA:3,1
DA:5,1
DA:7,1
DA:59,1
DA:83,1
DA:117,1
DA:119,1
LF:9
LH:9
BRF:0
BRH:0
end_of_record
TN:
SF:src\routes\pipelineRoutes.ts
FNF:0
FNH:0
DA:1,1
DA:2,1
DA:19,1
DA:21,1
DA:23,1
DA:49,1
DA:89,1
DA:90,1
DA:141,1
DA:142,1
DA:187,1
DA:188,1
DA:256,1
DA:257,1
DA:288,1
DA:309,1
DA:324,1
DA:339,1
DA:370,1
DA:396,1
DA:398,1
LF:21
LH:21
BRF:0
BRH:0
end_of_record
TN:
SF:src\routes\reportsRoutes.ts
FNF:0
FNH:0
DA:1,1
DA:2,1
DA:10,1
DA:12,1
DA:14,1
DA:36,1
DA:51,1
DA:66,1
DA:81,1
DA:96,1
DA:118,1
DA:120,1
LF:12
LH:12
BRF:0
BRH:0
end_of_record
TN:
SF:src\routes\socialAccountRoutes.ts
FNF:0
FNH:0
DA:1,1
DA:2,1
DA:3,1
DA:5,1
DA:35,1
DA:37,1
DA:65,1
DA:103,1
DA:126,1
DA:128,1
LF:10
LH:10
BRF:0
BRH:0
end_of_record
TN:
SF:src\routes\stageMessageRoutes.ts
FNF:0
FNH:0
DA:1,1
DA:2,1
DA:8,1
DA:10,1
DA:12,1
DA:113,1
DA:114,1
DA:179,1
DA:180,1
DA:182,1
LF:10
LH:10
BRF:0
BRH:0
end_of_record
TN:
SF:src\routes\taskRoutes.ts
FNF:0
FNH:0
DA:5,1
DA:6,1
DA:16,1
DA:18,1
DA:20,1
DA:85,1
DA:104,1
DA:123,1
DA:150,1
DA:209,1
DA:270,1
DA:293,1
DA:318,1
DA:320,1
LF:14
LH:14
BRF:0
BRH:0
end_of_record
TN:
SF:src\routes\userRoutes.ts
FNF:0
FNH:0
DA:5,1
DA:6,1
DA:20,1
DA:21,1
DA:22,1
DA:24,1
DA:54,1
DA:104,1
DA:105,1
DA:133,1
DA:170,1
DA:194,1
DA:229,1
DA:272,1
DA:301,1
DA:323,1
DA:356,1
DA:378,1
DA:380,1
LF:19
LH:19
BRF:0
BRH:0
end_of_record
TN:
SF:src\routes\webhookRoutes.ts
FNF:0
FNH:0
DA:1,1
DA:2,1
DA:4,1
DA:45,1
DA:47,1
LF:5
LH:5
BRF:0
BRH:0
end_of_record
TN:
SF:src\services\socketService.ts
FN:6,(anonymous_0)
FN:14,(anonymous_1)
FN:20,(anonymous_2)
FN:26,(anonymous_3)
FN:33,(anonymous_4)
FN:44,(anonymous_5)
FN:50,(anonymous_6)
FN:65,(anonymous_7)
FNF:8
FNH:0
FNDA:0,(anonymous_0)
FNDA:0,(anonymous_1)
FNDA:0,(anonymous_2)
FNDA:0,(anonymous_3)
FNDA:0,(anonymous_4)
FNDA:0,(anonymous_5)
FNDA:0,(anonymous_6)
FNDA:0,(anonymous_7)
DA:2,2
DA:4,2
DA:6,2
DA:7,0
DA:14,0
DA:15,0
DA:16,0
DA:17,0
DA:20,0
DA:23,0
DA:26,2
DA:27,0
DA:28,0
DA:30,0
DA:33,2
DA:39,0
DA:40,0
DA:44,2
DA:45,0
DA:46,0
DA:50,2
DA:62,0
DA:63,0
DA:64,0
DA:65,0
DA:66,0
DA:68,0
LF:27
LH:7
BRDA:16,0,0,0
BRDA:16,0,1,0
BRDA:27,1,0,0
BRDA:27,1,1,0
BRDA:39,2,0,0
BRDA:39,2,1,0
BRDA:45,3,0,0
BRDA:45,3,1,0
BRDA:62,4,0,0
BRDA:62,4,1,0
BRF:10
BRH:0
end_of_record
TN:
SF:src\utils\frontend.ts
FN:3,(anonymous_1)
FNF:1
FNH:0
FNDA:0,(anonymous_1)
DA:1,1
DA:3,1
DA:4,0
DA:5,0
LF:4
LH:2
BRDA:4,0,0,0
BRDA:4,0,1,0
BRDA:4,0,2,0
BRDA:4,0,3,0
BRF:4
BRH:0
end_of_record
TN:
SF:src\utils\tenant.ts
FN:5,(anonymous_1)
FN:12,(anonymous_2)
FN:22,(anonymous_3)
FNF:3
FNH:2
FNDA:10,(anonymous_1)
FNDA:10,(anonymous_2)
FNDA:0,(anonymous_3)
DA:1,8
DA:5,8
DA:6,10
DA:7,10
DA:9,10
DA:12,8
DA:13,10
DA:14,10
DA:15,0
DA:16,0
DA:19,10
DA:22,8
DA:23,0
DA:24,0
LF:14
LH:10
BRDA:7,0,0,0
BRDA:7,0,1,10
BRDA:7,1,0,10
BRDA:7,1,1,10
BRDA:14,2,0,0
BRDA:14,2,1,10
BRDA:24,3,0,0
BRDA:24,3,1,0
BRF:8
BRH:4
end_of_record
TN:
SF:tests\helpers\featureRouteHarness.ts
FN:8,(anonymous_1)
FN:9,(anonymous_2)
FN:17,(anonymous_3)
FN:17,(anonymous_4)
FN:26,(anonymous_5)
FN:26,(anonymous_6)
FN:30,(anonymous_7)
FN:37,(anonymous_8)
FNF:8
FNH:8
FNDA:2,(anonymous_1)
FNDA:30,(anonymous_2)
FNDA:4,(anonymous_3)
FNDA:4,(anonymous_4)
FNDA:32,(anonymous_5)
FNDA:30,(anonymous_6)
FNDA:2,(anonymous_7)
FNDA:30,(anonymous_8)
DA:1,2
DA:8,2
DA:10,30
DA:11,0
DA:12,0
DA:14,30
DA:15,30
DA:17,4
DA:18,4
DA:19,1
DA:20,1
DA:22,3
DA:26,32
DA:27,30
DA:30,2
DA:31,2
DA:32,2
DA:33,2
DA:34,2
DA:37,30
LF:20
LH:18
BRDA:10,0,0,0
BRDA:10,0,1,30
BRDA:14,1,0,30
BRDA:14,1,1,29
BRDA:18,2,0,1
BRDA:18,2,1,3
BRDA:18,3,0,4
BRDA:18,3,1,4
BRDA:27,4,0,1
BRDA:27,4,1,29
BRF:10
BRH:9
end_of_record
